2024-05-29 06:43:40.239 [info] Log level: Info
2024-05-29 06:43:40.239 [info] Validating found git in: "git"
2024-05-29 06:43:40.239 [info] Using git "2.43.0" from "git"
2024-05-29 06:43:40.239 [info] > git rev-parse --show-toplevel [2ms]
2024-05-29 06:43:40.239 [info] > git rev-parse --git-dir --git-common-dir [7ms]
2024-05-29 06:43:40.239 [info] Open repository: /workspace/project
2024-05-29 06:43:40.239 [info] > git config --get commit.template [12ms]
2024-05-29 06:43:40.239 [info] > git rev-parse --show-toplevel [2ms]
2024-05-29 06:43:40.239 [info] > git for-each-ref --format=%(refname)%00%(upstream:short)%00%(objectname)%00%(upstream:track)%00%(upstream:remotename)%00%(upstream:remoteref) refs/heads/main refs/remotes/main [11ms]
2024-05-29 06:43:40.239 [warning] ENOENT: no such file or directory, open '/workspace/project/.git/refs/remotes/origin/main'
2024-05-29 06:43:40.239 [info] > git rev-parse refs/remotes/origin/main [149ms]
2024-05-29 06:43:40.239 [info] > git rev-parse --show-toplevel [173ms]
2024-05-29 06:43:40.239 [info] > git status -z -uall [4ms]
2024-05-29 06:43:40.239 [info] > git merge-base refs/heads/main refs/remotes/origin/main [20ms]
2024-05-29 06:43:40.239 [info] > git config --get commit.template [15ms]
2024-05-29 06:43:40.239 [info] > git rev-list --count --left-right refs/heads/main...refs/remotes/origin/main [58ms]
2024-05-29 06:43:40.239 [info] > git diff --name-status -z --diff-filter=ADMR ebef6c6b5a5bd079e5abd81c2740b1261740ce15...refs/remotes/origin/main [7ms]
2024-05-29 06:43:40.239 [info] > git for-each-ref --format=%(refname)%00%(upstream:short)%00%(objectname)%00%(upstream:track)%00%(upstream:remotename)%00%(upstream:remoteref) refs/heads/main refs/remotes/main [49ms]
2024-05-29 06:43:40.239 [warning] ENOENT: no such file or directory, open '/workspace/project/.git/refs/remotes/origin/main'
2024-05-29 06:43:40.239 [info] > git rev-parse refs/remotes/origin/main [8ms]
2024-05-29 06:43:40.239 [info] > git status -z -uall [10ms]
2024-05-29 06:43:40.756 [info] > git check-ignore -v -z --stdin [1ms]
2024-05-29 06:43:42.876 [info] > git config --get commit.template [14ms]
2024-05-29 06:43:42.877 [info] > git for-each-ref --format=%(refname)%00%(upstream:short)%00%(objectname)%00%(upstream:track)%00%(upstream:remotename)%00%(upstream:remoteref) refs/heads/main refs/remotes/main [2ms]
2024-05-29 06:43:42.901 [warning] ENOENT: no such file or directory, open '/workspace/project/.git/refs/remotes/origin/main'
2024-05-29 06:43:42.901 [info] > git rev-parse refs/remotes/origin/main [1ms]
2024-05-29 06:43:42.924 [info] > git status -z -uall [3ms]
2024-05-29 06:43:45.076 [info] > git config --local branch.main.github-pr-owner-number [4ms]
2024-05-29 06:43:45.076 [warning] git config failed: Failed to execute git
2024-05-29 06:44:16.493 [info] > git config --get commit.template [2ms]
2024-05-29 06:44:16.521 [info] > git for-each-ref --format=%(refname)%00%(upstream:short)%00%(objectname)%00%(upstream:track)%00%(upstream:remotename)%00%(upstream:remoteref) refs/heads/main refs/remotes/main [4ms]
2024-05-29 06:44:16.536 [warning] ENOENT: no such file or directory, open '/workspace/project/.git/refs/remotes/origin/main'
2024-05-29 06:44:16.537 [info] > git rev-parse refs/remotes/origin/main [2ms]
2024-05-29 06:44:16.556 [info] > git status -z -uall [4ms]
2024-05-29 06:44:16.581 [info] > git merge-base refs/heads/main refs/remotes/origin/main [8ms]
2024-05-29 06:44:16.609 [info] > git rev-list --count --left-right refs/heads/main...refs/remotes/origin/main [5ms]
2024-05-29 06:44:16.630 [info] > git diff --name-status -z --diff-filter=ADMR ebef6c6b5a5bd079e5abd81c2740b1261740ce15...refs/remotes/origin/main [3ms]
2024-05-29 06:44:16.901 [info] > git config --local branch.main.github-pr-owner-number [1ms]
2024-05-29 06:44:16.901 [warning] git config failed: Failed to execute git
2024-05-29 06:44:21.623 [info] > git config --get commit.template [18ms]
2024-05-29 06:44:21.623 [info] > git for-each-ref --format=%(refname)%00%(upstream:short)%00%(objectname)%00%(upstream:track)%00%(upstream:remotename)%00%(upstream:remoteref) refs/heads/main refs/remotes/main [3ms]
2024-05-29 06:44:21.638 [warning] ENOENT: no such file or directory, open '/workspace/project/.git/refs/remotes/origin/main'
2024-05-29 06:44:21.640 [info] > git rev-parse refs/remotes/origin/main [2ms]
2024-05-29 06:44:21.657 [info] > git status -z -uall [3ms]
2024-05-29 06:44:26.698 [info] > git config --get commit.template [22ms]
2024-05-29 06:44:26.701 [info] > git for-each-ref --format=%(refname)%00%(upstream:short)%00%(objectname)%00%(upstream:track)%00%(upstream:remotename)%00%(upstream:remoteref) refs/heads/main refs/remotes/main [4ms]
2024-05-29 06:44:26.716 [warning] ENOENT: no such file or directory, open '/workspace/project/.git/refs/remotes/origin/main'
2024-05-29 06:44:26.717 [info] > git rev-parse refs/remotes/origin/main [1ms]
2024-05-29 06:44:26.731 [info] > git status -z -uall [2ms]
2024-05-29 06:44:26.750 [info] > git merge-base refs/heads/main refs/remotes/origin/main [6ms]
2024-05-29 06:44:26.765 [info] > git rev-list --count --left-right refs/heads/main...refs/remotes/origin/main [2ms]
2024-05-29 06:44:26.780 [info] > git diff --name-status -z --diff-filter=ADMR ebef6c6b5a5bd079e5abd81c2740b1261740ce15...refs/remotes/origin/main [2ms]
2024-05-29 06:44:27.080 [info] > git config --local branch.main.github-pr-owner-number [2ms]
2024-05-29 06:44:27.080 [warning] git config failed: Failed to execute git
2024-05-29 06:44:31.776 [info] > git config --get commit.template [13ms]
2024-05-29 06:44:31.778 [info] > git for-each-ref --format=%(refname)%00%(upstream:short)%00%(objectname)%00%(upstream:track)%00%(upstream:remotename)%00%(upstream:remoteref) refs/heads/main refs/remotes/main [3ms]
2024-05-29 06:44:31.792 [warning] ENOENT: no such file or directory, open '/workspace/project/.git/refs/remotes/origin/main'
2024-05-29 06:44:31.794 [info] > git rev-parse refs/remotes/origin/main [2ms]
2024-05-29 06:44:31.813 [info] > git status -z -uall [3ms]
2024-05-29 06:48:44.770 [info] > git config --local branch.main.github-pr-owner-number [1ms]
2024-05-29 06:48:44.771 [warning] git config failed: Failed to execute git
2024-05-29 06:50:31.658 [info] > git config --get commit.template [16ms]
2024-05-29 06:50:31.660 [info] > git for-each-ref --format=%(refname)%00%(upstream:short)%00%(objectname)%00%(upstream:track)%00%(upstream:remotename)%00%(upstream:remoteref) refs/heads/main refs/remotes/main [3ms]
2024-05-29 06:50:31.674 [warning] ENOENT: no such file or directory, open '/workspace/project/.git/refs/remotes/origin/main'
2024-05-29 06:50:31.675 [info] > git rev-parse refs/remotes/origin/main [2ms]
2024-05-29 06:50:31.696 [info] > git status -z -uall [3ms]
2024-05-29 06:53:44.790 [info] > git config --local branch.main.github-pr-owner-number [2ms]
2024-05-29 06:53:44.790 [warning] git config failed: Failed to execute git
2024-05-29 06:58:44.810 [info] > git config --local branch.main.github-pr-owner-number [2ms]
2024-05-29 06:58:44.810 [warning] git config failed: Failed to execute git
2024-05-29 07:03:44.827 [info] > git config --local branch.main.github-pr-owner-number [1ms]
2024-05-29 07:03:44.827 [warning] git config failed: Failed to execute git
2024-05-29 07:08:44.846 [info] > git config --local branch.main.github-pr-owner-number [2ms]
2024-05-29 07:08:44.846 [warning] git config failed: Failed to execute git
2024-05-29 07:13:44.863 [info] > git config --local branch.main.github-pr-owner-number [2ms]
2024-05-29 07:13:44.864 [warning] git config failed: Failed to execute git
2024-05-29 07:18:44.885 [info] > git config --local branch.main.github-pr-owner-number [2ms]
2024-05-29 07:18:44.885 [warning] git config failed: Failed to execute git
2024-05-29 07:23:44.902 [info] > git config --local branch.main.github-pr-owner-number [1ms]
2024-05-29 07:23:44.903 [warning] git config failed: Failed to execute git
2024-05-29 07:28:44.918 [info] > git config --local branch.main.github-pr-owner-number [1ms]
2024-05-29 07:28:44.919 [warning] git config failed: Failed to execute git
2024-05-29 07:29:49.678 [info] > git config --get commit.template [12ms]
2024-05-29 07:29:49.679 [info] > git for-each-ref --format=%(refname)%00%(upstream:short)%00%(objectname)%00%(upstream:track)%00%(upstream:remotename)%00%(upstream:remoteref) refs/heads/main refs/remotes/main [2ms]
2024-05-29 07:29:49.691 [warning] ENOENT: no such file or directory, open '/workspace/project/.git/refs/remotes/origin/main'
2024-05-29 07:29:49.693 [info] > git rev-parse refs/remotes/origin/main [2ms]
2024-05-29 07:29:49.707 [info] > git status -z -uall [2ms]
2024-05-29 07:29:54.736 [info] > git config --get commit.template [12ms]
2024-05-29 07:29:54.738 [info] > git for-each-ref --format=%(refname)%00%(upstream:short)%00%(objectname)%00%(upstream:track)%00%(upstream:remotename)%00%(upstream:remoteref) refs/heads/main refs/remotes/main [2ms]
2024-05-29 07:29:54.749 [warning] ENOENT: no such file or directory, open '/workspace/project/.git/refs/remotes/origin/main'
2024-05-29 07:29:54.750 [info] > git rev-parse refs/remotes/origin/main [2ms]
2024-05-29 07:29:54.764 [info] > git status -z -uall [2ms]
2024-05-29 07:30:08.492 [info] > git config --get commit.template [14ms]
2024-05-29 07:30:08.494 [info] > git for-each-ref --format=%(refname)%00%(upstream:short)%00%(objectname)%00%(upstream:track)%00%(upstream:remotename)%00%(upstream:remoteref) refs/heads/main refs/remotes/main [2ms]
2024-05-29 07:30:08.510 [warning] ENOENT: no such file or directory, open '/workspace/project/.git/refs/remotes/origin/main'
2024-05-29 07:30:08.512 [info] > git rev-parse refs/remotes/origin/main [2ms]
2024-05-29 07:30:08.529 [info] > git status -z -uall [2ms]
2024-05-29 07:30:13.565 [info] > git config --get commit.template [17ms]
2024-05-29 07:30:13.567 [info] > git for-each-ref --format=%(refname)%00%(upstream:short)%00%(objectname)%00%(upstream:track)%00%(upstream:remotename)%00%(upstream:remoteref) refs/heads/main refs/remotes/main [3ms]
2024-05-29 07:30:13.581 [warning] ENOENT: no such file or directory, open '/workspace/project/.git/refs/remotes/origin/main'
2024-05-29 07:30:13.582 [info] > git rev-parse refs/remotes/origin/main [2ms]
2024-05-29 07:30:13.605 [info] > git status -z -uall [4ms]
2024-05-29 07:30:27.232 [info] > git config --get commit.template [12ms]
2024-05-29 07:30:27.234 [info] > git for-each-ref --format=%(refname)%00%(upstream:short)%00%(objectname)%00%(upstream:track)%00%(upstream:remotename)%00%(upstream:remoteref) refs/heads/main refs/remotes/main [2ms]
2024-05-29 07:30:27.246 [warning] ENOENT: no such file or directory, open '/workspace/project/.git/refs/remotes/origin/main'
2024-05-29 07:30:27.247 [info] > git rev-parse refs/remotes/origin/main [1ms]
2024-05-29 07:30:27.261 [info] > git status -z -uall [2ms]
2024-05-29 07:33:44.935 [info] > git config --local branch.main.github-pr-owner-number [2ms]
2024-05-29 07:33:44.935 [warning] git config failed: Failed to execute git
2024-05-29 07:38:07.248 [info] > git config --get commit.template [13ms]
2024-05-29 07:38:07.249 [info] > git for-each-ref --format=%(refname)%00%(upstream:short)%00%(objectname)%00%(upstream:track)%00%(upstream:remotename)%00%(upstream:remoteref) refs/heads/main refs/remotes/main [3ms]
2024-05-29 07:38:07.262 [warning] ENOENT: no such file or directory, open '/workspace/project/.git/refs/remotes/origin/main'
2024-05-29 07:38:07.264 [info] > git rev-parse refs/remotes/origin/main [2ms]
2024-05-29 07:38:07.278 [info] > git status -z -uall [2ms]
2024-05-29 07:38:13.590 [info] > git config --get commit.template [17ms]
2024-05-29 07:38:13.592 [info] > git for-each-ref --format=%(refname)%00%(upstream:short)%00%(objectname)%00%(upstream:track)%00%(upstream:remotename)%00%(upstream:remoteref) refs/heads/main refs/remotes/main [3ms]
2024-05-29 07:38:13.608 [warning] ENOENT: no such file or directory, open '/workspace/project/.git/refs/remotes/origin/main'
2024-05-29 07:38:13.610 [info] > git rev-parse refs/remotes/origin/main [2ms]
2024-05-29 07:38:13.632 [info] > git status -z -uall [3ms]
2024-05-29 07:38:18.667 [info] > git config --get commit.template [16ms]
2024-05-29 07:38:18.668 [info] > git for-each-ref --format=%(refname)%00%(upstream:short)%00%(objectname)%00%(upstream:track)%00%(upstream:remotename)%00%(upstream:remoteref) refs/heads/main refs/remotes/main [2ms]
2024-05-29 07:38:18.682 [warning] ENOENT: no such file or directory, open '/workspace/project/.git/refs/remotes/origin/main'
2024-05-29 07:38:18.684 [info] > git rev-parse refs/remotes/origin/main [2ms]
2024-05-29 07:38:18.700 [info] > git status -z -uall [2ms]
2024-05-29 07:38:44.953 [info] > git config --local branch.main.github-pr-owner-number [1ms]
2024-05-29 07:38:44.953 [warning] git config failed: Failed to execute git
2024-05-29 07:43:44.972 [info] > git config --local branch.main.github-pr-owner-number [2ms]
2024-05-29 07:43:44.972 [warning] git config failed: Failed to execute git
2024-05-29 07:48:44.990 [info] > git config --local branch.main.github-pr-owner-number [2ms]
2024-05-29 07:48:44.990 [warning] git config failed: Failed to execute git
2024-05-29 07:53:45.007 [info] > git config --local branch.main.github-pr-owner-number [2ms]
2024-05-29 07:53:45.007 [warning] git config failed: Failed to execute git
2024-05-29 07:58:45.024 [info] > git config --local branch.main.github-pr-owner-number [2ms]
2024-05-29 07:58:45.024 [warning] git config failed: Failed to execute git
2024-05-29 08:03:45.040 [info] > git config --local branch.main.github-pr-owner-number [2ms]
2024-05-29 08:03:45.040 [warning] git config failed: Failed to execute git
2024-05-29 08:08:45.057 [info] > git config --local branch.main.github-pr-owner-number [2ms]
2024-05-29 08:08:45.057 [warning] git config failed: Failed to execute git
2024-05-29 08:13:45.073 [info] > git config --local branch.main.github-pr-owner-number [1ms]
2024-05-29 08:13:45.074 [warning] git config failed: Failed to execute git
2024-05-29 08:18:45.090 [info] > git config --local branch.main.github-pr-owner-number [2ms]
2024-05-29 08:18:45.090 [warning] git config failed: Failed to execute git
2024-05-29 08:23:45.122 [info] > git config --local branch.main.github-pr-owner-number [2ms]
2024-05-29 08:23:45.122 [warning] git config failed: Failed to execute git
2024-05-29 08:28:45.145 [info] > git config --local branch.main.github-pr-owner-number [2ms]
2024-05-29 08:28:45.145 [warning] git config failed: Failed to execute git
2024-05-29 08:33:19.032 [info] > git config --get commit.template [15ms]
2024-05-29 08:33:19.033 [info] > git for-each-ref --format=%(refname)%00%(upstream:short)%00%(objectname)%00%(upstream:track)%00%(upstream:remotename)%00%(upstream:remoteref) refs/heads/main refs/remotes/main [3ms]
2024-05-29 08:33:19.045 [warning] ENOENT: no such file or directory, open '/workspace/project/.git/refs/remotes/origin/main'
2024-05-29 08:33:19.046 [info] > git rev-parse refs/remotes/origin/main [1ms]
2024-05-29 08:33:19.060 [info] > git status -z -uall [2ms]
2024-05-29 08:33:24.100 [info] > git config --get commit.template [22ms]
2024-05-29 08:33:24.103 [info] > git for-each-ref --format=%(refname)%00%(upstream:short)%00%(objectname)%00%(upstream:track)%00%(upstream:remotename)%00%(upstream:remoteref) refs/heads/main refs/remotes/main [3ms]
2024-05-29 08:33:24.117 [warning] ENOENT: no such file or directory, open '/workspace/project/.git/refs/remotes/origin/main'
2024-05-29 08:33:24.119 [info] > git rev-parse refs/remotes/origin/main [2ms]
2024-05-29 08:33:24.138 [info] > git status -z -uall [2ms]
2024-05-29 08:33:29.172 [info] > git config --get commit.template [14ms]
2024-05-29 08:33:29.174 [info] > git for-each-ref --format=%(refname)%00%(upstream:short)%00%(objectname)%00%(upstream:track)%00%(upstream:remotename)%00%(upstream:remoteref) refs/heads/main refs/remotes/main [3ms]
2024-05-29 08:33:29.191 [warning] ENOENT: no such file or directory, open '/workspace/project/.git/refs/remotes/origin/main'
2024-05-29 08:33:29.192 [info] > git rev-parse refs/remotes/origin/main [0ms]
2024-05-29 08:33:29.220 [info] > git status -z -uall [3ms]
2024-05-29 08:33:45.165 [info] > git config --local branch.main.github-pr-owner-number [1ms]
2024-05-29 08:33:45.165 [warning] git config failed: Failed to execute git
2024-05-29 08:37:30.663 [info] > git config --get commit.template [18ms]
2024-05-29 08:37:30.664 [info] > git for-each-ref --format=%(refname)%00%(upstream:short)%00%(objectname)%00%(upstream:track)%00%(upstream:remotename)%00%(upstream:remoteref) refs/heads/main refs/remotes/main [3ms]
2024-05-29 08:37:30.680 [warning] ENOENT: no such file or directory, open '/workspace/project/.git/refs/remotes/origin/main'
2024-05-29 08:37:30.681 [info] > git rev-parse refs/remotes/origin/main [1ms]
2024-05-29 08:37:30.706 [info] > git status -z -uall [4ms]
2024-05-29 08:37:30.728 [info] > git merge-base refs/heads/main refs/remotes/origin/main [3ms]
2024-05-29 08:37:30.747 [info] > git rev-list --count --left-right refs/heads/main...refs/remotes/origin/main [2ms]
2024-05-29 08:37:30.765 [info] > git diff --name-status -z --diff-filter=ADMR ebef6c6b5a5bd079e5abd81c2740b1261740ce15...refs/remotes/origin/main [2ms]
2024-05-29 08:37:31.335 [info] > git config --local branch.main.github-pr-owner-number [1ms]
2024-05-29 08:37:31.335 [warning] git config failed: Failed to execute git
2024-05-29 08:38:45.182 [info] > git config --local branch.main.github-pr-owner-number [1ms]
2024-05-29 08:38:45.182 [warning] git config failed: Failed to execute git
2024-05-29 08:39:18.260 [info] > git config --get commit.template [18ms]
2024-05-29 08:39:18.262 [info] > git for-each-ref --format=%(refname)%00%(upstream:short)%00%(objectname)%00%(upstream:track)%00%(upstream:remotename)%00%(upstream:remoteref) refs/heads/main refs/remotes/main [2ms]
2024-05-29 08:39:18.279 [warning] ENOENT: no such file or directory, open '/workspace/project/.git/refs/remotes/origin/main'
2024-05-29 08:39:18.281 [info] > git rev-parse refs/remotes/origin/main [2ms]
2024-05-29 08:39:18.306 [info] > git status -z -uall [3ms]
2024-05-29 08:40:06.050 [info] > git config --get commit.template [14ms]
2024-05-29 08:40:06.052 [info] > git for-each-ref --format=%(refname)%00%(upstream:short)%00%(objectname)%00%(upstream:track)%00%(upstream:remotename)%00%(upstream:remoteref) refs/heads/main refs/remotes/main [3ms]
2024-05-29 08:40:06.065 [warning] ENOENT: no such file or directory, open '/workspace/project/.git/refs/remotes/origin/main'
2024-05-29 08:40:06.067 [info] > git rev-parse refs/remotes/origin/main [2ms]
2024-05-29 08:40:06.081 [info] > git status -z -uall [2ms]
2024-05-29 08:42:04.692 [info] > git config --get commit.template [16ms]
2024-05-29 08:42:04.696 [info] > git for-each-ref --format=%(refname)%00%(upstream:short)%00%(objectname)%00%(upstream:track)%00%(upstream:remotename)%00%(upstream:remoteref) refs/heads/main refs/remotes/main [5ms]
2024-05-29 08:42:04.719 [warning] ENOENT: no such file or directory, open '/workspace/project/.git/refs/remotes/origin/main'
2024-05-29 08:42:04.721 [info] > git rev-parse refs/remotes/origin/main [2ms]
2024-05-29 08:42:04.737 [info] > git status -z -uall [2ms]
