2024-05-29 06:43:40.969 [warning] /home/gitpod/.ssh/config: ENOENT: no such file or directory, open '/home/gitpod/.ssh/config'
2024-05-29 06:43:40.969 [info] Activation> Extension version: 0.88.1
2024-05-29 06:43:44.748 [info] Looking for git repository
2024-05-29 06:43:44.748 [info] Found 0 repositories during activation
2024-05-29 06:43:44.748 [info] Git repository found, initializing review manager and pr tree view.
2024-05-29 06:43:44.753 [info] Registering git provider
2024-05-29 06:43:44.753 [info] Review+0> Validate state in progress
2024-05-29 06:43:44.753 [info] Review+0> Validating state...
2024-05-29 06:43:45.052 [info] Found GitHub remote for folder /workspace/project
2024-05-29 06:43:45.054 [info] Trying to use globalState for assignableUsers.
2024-05-29 06:43:45.077 [info] Review+0> No matching pull request metadata found locally for current branch main
2024-05-29 06:43:45.077 [info] Review+0> No matching pull request metadata found on GitHub for current branch main
2024-05-29 06:43:45.344 [info] GlobalState does not exist for assignableUsers.
2024-05-29 06:44:16.579 [info] Review+0> Validate state in progress
2024-05-29 06:44:16.579 [info] Review+0> Validating state...
2024-05-29 06:44:16.580 [info] Repo state for file:///workspace/project changed.
2024-05-29 06:44:16.580 [info] Repo file:///workspace/project has already been setup.
2024-05-29 06:44:16.876 [info] Found GitHub remote for folder /workspace/project
2024-05-29 06:44:16.878 [info] Using in-memory cached assignable users.
2024-05-29 06:44:16.902 [info] Review+0> No matching pull request metadata found locally for current branch main
2024-05-29 06:44:16.902 [info] Review+0> No matching pull request metadata found on GitHub for current branch main
2024-05-29 06:44:26.749 [info] Review+0> Validate state in progress
2024-05-29 06:44:26.749 [info] Review+0> Validating state...
2024-05-29 06:44:27.064 [info] Found GitHub remote for folder /workspace/project
2024-05-29 06:44:27.064 [info] Using in-memory cached assignable users.
2024-05-29 06:44:27.081 [info] Review+0> No matching pull request metadata found locally for current branch main
2024-05-29 06:44:27.081 [info] Review+0> No matching pull request metadata found on GitHub for current branch main
2024-05-29 08:37:30.726 [info] Review+0> Validate state in progress
2024-05-29 08:37:30.726 [info] Review+0> Validating state...
2024-05-29 08:37:31.316 [info] Found GitHub remote for folder /workspace/project
2024-05-29 08:37:31.316 [info] Using in-memory cached assignable users.
2024-05-29 08:37:31.335 [info] Review+0> No matching pull request metadata found locally for current branch main
2024-05-29 08:37:31.335 [info] Review+0> No matching pull request metadata found on GitHub for current branch main
