[300ns] Shutting down all processes 
[300.32µs] Terminating process supervisor with PID 34 (state: S, cmdlind: [supervisor run] <nil>). 
[15.682328ms] Terminating main process errored: waitid: no child processes 
[16.040278ms] Terminating process postgres with PID 840 (state: S, cmdlind: [postgres: 12/main: logical replication launcher   ] <nil>). 
[16.082538ms] Terminating main process errored: waitid: no child processes 
[16.121238ms] Terminating process node with PID 601 (state: S, cmdlind: [/ide/node /ide/out/bootstrap-fork --type=fileWatcher] <nil>). 
[16.143568ms] Terminating process postgres with PID 835 (state: S, cmdlind: [postgres: 12/main: checkpointer   ] <nil>). 
[16.164278ms] Terminating process node with PID 676 (state: S, cmdlind: [/ide/node /ide/extensions/redhat.vscode-yaml/dist/languageserver.js --node-ipc --clientProcessId=614] <nil>). 
[16.195068ms] Terminating process postgres with PID 836 (state: S, cmdlind: [postgres: 12/main: background writer   ] <nil>). 
[16.204848ms] Terminating main process errored: waitid: no child processes 
[16.165418ms] Terminating main process errored: waitid: no child processes 
[16.233028ms] Terminating main process errored: waitid: no child processes 
[16.168698ms] Terminating main process errored: waitid: no child processes 
[16.281788ms] Terminating process postgres with PID 833 (state: S, cmdlind: [/usr/lib/postgresql/12/bin/postgres -D /var/lib/postgresql/12/main -c config_file=/etc/postgresql/12/main/postgresql.conf] <nil>). 
[16.290908ms] Terminating process postgres with PID 839 (state: S, cmdlind: [postgres: 12/main: stats collector   ] <nil>). 
[16.310188ms] Terminating main process errored: waitid: no child processes 
[16.328518ms] Terminating process node with PID 614 (state: R, cmdlind: [/ide/node --dns-result-order=ipv4first /ide/out/bootstrap-fork --type=extensionHost --transformURIs --useHostProxy=false] <nil>). 
[16.342848ms] Terminating process node with PID 66 (state: R, cmdlind: [/ide/node /ide/out/server-main.js --log=info --install-builtin-extension gitpod.gitpod-theme --install-builtin-extension github.vscode-pull-request-github --install-extension coderoad.coderoad --port 23000 --host 0.0.0.0 --without-connection-token --server-data-dir /workspace/.vscode-remote --do-not-sync --start-server] <nil>). 
[16.365038ms] Terminating main process errored: waitid: no child processes 
[16.351868ms] Terminating process postgres with PID 837 (state: S, cmdlind: [postgres: 12/main: walwriter   ] <nil>). 
[16.423388ms] Terminating process bash with PID 688 (state: S, cmdlind: [/bin/bash --init-file /ide/out/vs/workbench/contrib/terminal/browser/media/shellIntegration-bash.sh] <nil>). 
[16.436608ms] Terminating main process errored: waitid: no child processes 
[16.447698ms] Terminating main process errored: waitid: no child processes 
[16.482988ms] Terminating process postgres with PID 838 (state: S, cmdlind: [postgres: 12/main: autovacuum launcher   ] <nil>). 
[16.534218ms] Terminating main process errored: waitid: no child processes 
[16.534088ms] Terminating process node with PID 659 (state: S, cmdlind: [/ide/node /ide/out/bootstrap-fork --type=ptyHost --logsPath /workspace/.vscode-remote/data/logs/20240529T064323] <nil>). 
[16.580498ms] Terminating main process errored: waitid: no child processes 
[16.588008ms] Terminating process node with PID 705 (state: S, cmdlind: [/ide/node /ide/extensions/json-language-features/server/dist/node/jsonServerMain --node-ipc --clientProcessId=614] <nil>). 
[16.665498ms] Terminating main process errored: waitid: no child processes 
[56.105855ms] Terminating main process errored: wait: no child processes 
[66.269535ms] Terminating main process errored: waitid: no child processes 
[66.530935ms] Couldn't obtain process information for PID 601. 
[66.639264ms] Couldn't obtain process information for PID 614. 
[67.487644ms] Finished shutting down all processes. 
