2024-05-28 19:20:00.339 [info] Log level: Info
2024-05-28 19:20:00.340 [info] VSCODE_MACHINE_ID: someValue.machineId
2024-05-28 19:20:00.340 [info] VSCODE_SESSION_ID: someValue.sessionId
2024-05-28 19:20:00.340 [info] VSCODE_VERSION: 1.89.1
2024-05-28 19:20:00.340 [info] VSCODE_APP_NAME: Gitpod Code
2024-05-28 19:20:00.340 [info] VSCODE_APP_HOST: Gitpod
2024-05-28 19:20:00.340 [info] VSCODE_UI_KIND: web
2024-05-28 19:20:00.340 [info] GITPOD_WORKSPACE_CONTEXT_URL: https://github.com/freeCodeCamp/learn-relational-databases-by-building-a-mario-database
2024-05-28 19:20:00.340 [info] GITPOD_INSTANCE_ID: 3e43c51e-d8c0-43a5-87af-de56ab879dbf
2024-05-28 19:20:00.340 [info] GITPOD_WORKSPACE_URL: https://freecodecam-learnrelati-t6u82py176j.ws-us114.gitpod.io
2024-05-28 19:20:00.340 [info] Gitpod Web 7ff72a2
2024-05-28 19:20:00.340 [info] Reading sessions from keychain...
2024-05-28 19:20:00.640 [info] Getting sessions for all scopes...
2024-05-28 19:20:00.640 [info] Getting GitHub sessions for all scopes...
2024-05-28 19:20:00.640 [info] Getting sessions for function:accessCodeSyncStorage...
2024-05-28 19:20:00.640 [info] Got 1 GitHub sessions for all scopes...
2024-05-28 19:20:00.641 [info] Got stored sessions!
2024-05-28 19:20:00.641 [info] Verified session with the following scopes: function:accessCodeSyncStorage function:closePort function:controlAdmission function:deleteEnvVar function:generateNewGitpodToken function:getDefaultWorkspaceImage function:getEnvVars function:getGitpodTokenScopes function:getIDToken function:getLoggedInUser function:getOpenPorts function:getSupportedWorkspaceClasses function:getTeams function:getToken function:getWorkspace function:getWorkspaceEnvVars function:getWorkspaceOwner function:getWorkspaceTimeout function:getWorkspaceUsers function:guessGitTokenScopes function:isWorkspaceOwner function:openPort function:sendHeartBeat function:setEnvVar function:setWorkspaceTimeout function:stopWorkspace function:takeSnapshot function:trackEvent function:updateGitStatus function:waitForSnapshot resource:contentBlob::*::create/get resource:envVar::freeCodeCamp/learn-relational-databases-by-building-a-mario-database::create/get/update/delete resource:gitpodToken::*::create resource:snapshot::ws-freecodecam-learnrelati-t6u82py176j::create resource:token::*::get resource:userStorage::*::create/get/update resource:workspace::freecodecam-learnrelati-t6u82py176j::get/update resource:workspaceInstance::3e43c51e-d8c0-43a5-87af-de56ab879dbf::get/update/delete
2024-05-28 19:20:00.641 [info] Got 1 verified sessions.
2024-05-28 19:20:00.641 [info] Got 1 sessions for all scopes...
2024-05-28 19:20:00.641 [info] Got 1 sessions for function:accessCodeSyncStorage...
2024-05-28 19:20:00.739 [info] Getting GitHub sessions for all scopes...
2024-05-28 19:20:00.739 [info] Got 1 GitHub sessions for all scopes...
2024-05-28 19:20:00.984 [info] Getting GitHub sessions for all scopes...
2024-05-28 19:20:00.984 [info] Getting sessions for all scopes...
2024-05-28 19:20:00.984 [info] Got 1 GitHub sessions for all scopes...
2024-05-28 19:20:00.984 [info] Got 1 sessions for all scopes...
2024-05-28 19:20:01.703 [info] Getting GitHub sessions for read:user,repo,user:email,workflow...
2024-05-28 19:20:01.703 [info] Got 0 GitHub sessions for read:user,repo,user:email,workflow...
2024-05-28 19:20:02.639 [info] Getting GitHub sessions for project,read:org,read:user,repo,user:email,workflow...
2024-05-28 19:20:02.639 [info] Got 0 GitHub sessions for project,read:org,read:user,repo,user:email,workflow...
2024-05-28 19:20:03.456 [info] Getting GitHub sessions for read:user,repo,user:email,workflow...
2024-05-28 19:20:03.456 [info] Got 0 GitHub sessions for read:user,repo,user:email,workflow...
2024-05-28 19:20:04.278 [info] Getting GitHub sessions for read:user,repo,user:email...
2024-05-28 19:20:04.278 [info] Got 0 GitHub sessions for read:user,repo,user:email...
2024-05-28 19:20:05.019 [info] Getting GitHub sessions for read:user,repo,user:email,workflow...
2024-05-28 19:20:05.019 [info] Got 0 GitHub sessions for read:user,repo,user:email,workflow...
