coderoad v0.19.4
STATE: "Setup.Startup"
ROUTE: "Setup.Startup": On level unknown, step unknown
EDITOR_STARTUP
Continuing tutorial from progress: level 670 step 670.1
LOAD_STORED_TUTORIAL
EDITOR_TUTORIAL_CONTINUE_CONFIG
Tutorial: Learn Relational Databases by Building a Mario Database (2.0.0)
Command: ./.freeCodeCamp/reset.sh
COMMAND_START
Calling command: ./.freeCodeCamp/reset.sh
EDITOR_LEVEL_ENTER
EDITOR_STEP_ENTER
STATE: "Tutorial.Level.Load"
ROUTE: "Tutorial.Level.Load": On level 670, step 670.1
STATE: "Tutorial.Level.Normal"
ROUTE: "Tutorial.Level.Normal": On level 670, step 670.1
Calling command: git log -n 1 --pretty=format:%s 39b7411ceabc26228bfec355f0e9c8618be3c1c5
Calling command: git log -g --grep='670.1'
------------------- RUN TEST -------------------
START_TEST
COMMAND: npm run programmatic-test --reporter=mocha-tap-reporter
Calling command: npm run programmatic-test --reporter=mocha-tap-reporter
STATE: "Tutorial.Level.Normal"
ROUTE: "Tutorial.Level.Normal": On level 670, step 670.1
STATE: "Tutorial.Level.TestRunning"
ROUTE: "Tutorial.Level.TestRunning": On level 670, step 670.1
---------------- TEST RESULTS -----------------
TEST_FAIL
STATE: "Tutorial.Level.Normal"
ROUTE: "Tutorial.Level.Normal": On level 670, step 670.1
------------------- RUN TEST -------------------
START_TEST
COMMAND: npm run programmatic-test --reporter=mocha-tap-reporter
Calling command: npm run programmatic-test --reporter=mocha-tap-reporter
STATE: "Tutorial.Level.TestRunning"
ROUTE: "Tutorial.Level.TestRunning": On level 670, step 670.1
Command output:  * Stopping PostgreSQL 12 database server
   ...done.
 * Starting PostgreSQL 12 database server
   ...done.
CREATE ROLE
Border style is 2.
Title is " ".
Pager usage is off.
SET
SET
SET
SET
SET
       
+------------+
| set_config |
+------------+
|            |
+------------+
(1 row)

SET
SET
SET
SET
DROP DATABASE
CREATE DATABASE
ALTER DATABASE
You are now connected to database "mario_database" as user "postgres".
SET
SET
SET
SET
SET
       
+------------+
| set_config |
+------------+
|            |
+------------+
(1 row)

SET
SET
SET
SET
SET
SET
CREATE TABLE
ALTER TABLE
CREATE SEQUENCE
ALTER TABLE
ALTER SEQUENCE
ALTER TABLE
INSERT 0 1
INSERT 0 1
INSERT 0 1
INSERT 0 1
INSERT 0 1
     
+--------+
| setval |
+--------+
|      5 |
+--------+
(1 row)


COMMAND_SUCCESS
---------------- TEST RESULTS -----------------
TEST_FAIL
STATE: "Tutorial.Level.TestRunning"
ROUTE: "Tutorial.Level.TestRunning": On level 670, step 670.1
STATE: "Tutorial.Level.Normal"
ROUTE: "Tutorial.Level.Normal": On level 670, step 670.1
------------------- RUN TEST -------------------
START_TEST
COMMAND: npm run programmatic-test --reporter=mocha-tap-reporter
Calling command: npm run programmatic-test --reporter=mocha-tap-reporter
STATE: "Tutorial.Level.TestRunning"
ROUTE: "Tutorial.Level.TestRunning": On level 670, step 670.1
---------------- TEST RESULTS -----------------
TEST_FAIL
STATE: "Tutorial.Level.Normal"
ROUTE: "Tutorial.Level.Normal": On level 670, step 670.1
------------------- RUN TEST -------------------
START_TEST
COMMAND: npm run programmatic-test --reporter=mocha-tap-reporter
Calling command: npm run programmatic-test --reporter=mocha-tap-reporter
STATE: "Tutorial.Level.TestRunning"
ROUTE: "Tutorial.Level.TestRunning": On level 670, step 670.1
---------------- TEST RESULTS -----------------
TEST_FAIL
STATE: "Tutorial.Level.Normal"
ROUTE: "Tutorial.Level.Normal": On level 670, step 670.1
------------------- RUN TEST -------------------
START_TEST
COMMAND: npm run programmatic-test --reporter=mocha-tap-reporter
Calling command: npm run programmatic-test --reporter=mocha-tap-reporter
STATE: "Tutorial.Level.TestRunning"
ROUTE: "Tutorial.Level.TestRunning": On level 670, step 670.1
---------------- TEST RESULTS -----------------
TEST_FAIL
STATE: "Tutorial.Level.Normal"
ROUTE: "Tutorial.Level.Normal": On level 670, step 670.1
EDITOR_RUN_TEST
------------------- RUN TEST -------------------
START_TEST
COMMAND: npm run programmatic-test --reporter=mocha-tap-reporter
Calling command: npm run programmatic-test --reporter=mocha-tap-reporter
STATE: "Tutorial.Level.Normal"
ROUTE: "Tutorial.Level.Normal": On level 670, step 670.1
STATE: "Tutorial.Level.TestRunning"
ROUTE: "Tutorial.Level.TestRunning": On level 670, step 670.1
---------------- TEST RESULTS -----------------
TEST_FAIL
STATE: "Tutorial.Level.Normal"
ROUTE: "Tutorial.Level.Normal": On level 670, step 670.1
------------------- RUN TEST -------------------
START_TEST
COMMAND: npm run programmatic-test --reporter=mocha-tap-reporter
Calling command: npm run programmatic-test --reporter=mocha-tap-reporter
STATE: "Tutorial.Level.TestRunning"
ROUTE: "Tutorial.Level.TestRunning": On level 670, step 670.1
---------------- TEST RESULTS -----------------
TEST_FAIL
STATE: "Tutorial.Level.Normal"
ROUTE: "Tutorial.Level.Normal": On level 670, step 670.1
------------------- RUN TEST -------------------
START_TEST
COMMAND: npm run programmatic-test --reporter=mocha-tap-reporter
Calling command: npm run programmatic-test --reporter=mocha-tap-reporter
STATE: "Tutorial.Level.TestRunning"
ROUTE: "Tutorial.Level.TestRunning": On level 670, step 670.1
---------------- TEST RESULTS -----------------
Test pass position: {"stepId":"670.1","levelId":"670","complete":false}
TEST_PASS
updateStepPosition: {"type":"TEST_PASS","payload":{"position":{"stepId":"670.1","levelId":"670","complete":true}},"source":"coderoad"})
EDITOR_STEP_COMPLETE
Calling command: git commit -am 'Save progress: 670.1'
STATE: "Tutorial.Level.StepNext"
ROUTE: "Tutorial.Level.StepNext": Completed level 670, step 670.1
EDITOR_LEVEL_COMPLETE
STATE: "Tutorial.Level.LevelComplete"
ROUTE: "Tutorial.Level.LevelComplete": Completed level 670, step 670.1
Commit saved: [main 8581fd0] Save progress: 670.1
 177 files changed, 39 insertions(+)
 mode change 100644 => 100755 .freeCodeCamp/.bashrc
 mode change 100644 => 100755 .freeCodeCamp/.mocharc.json
 mode change 100644 => 100755 .freeCodeCamp/.psqlrc
 mode change 100644 => 100755 .freeCodeCamp/db.sql
 mode change 100644 => 100755 .freeCodeCamp/package-lock.json
 mode change 100644 => 100755 .freeCodeCamp/package.json
 mode change 100644 => 100755 .freeCodeCamp/pg_hba.conf
 mode change 100644 => 100755 .freeCodeCamp/postgresql.conf
 mode change 100644 => 100755 .freeCodeCamp/test/.cwd
 mode change 100644 => 100755 .freeCodeCamp/test/.next_command
 mode change 100644 => 100755 .freeCodeCamp/test/10.test.js
 mode change 100644 => 100755 .freeCodeCamp/test/100.test.js
 mode change 100644 => 100755 .freeCodeCamp/test/1000.test.js
 mode change 100644 => 100755 .freeCodeCamp/test/1010.test.js
 mode change 100644 => 100755 .freeCodeCamp/test/1020.test.js
 mode change 100644 => 100755 .freeCodeCamp/test/1030.test.js
 mode change 100644 => 100755 .freeCodeCamp/test/1040.test.js
 mode change 100644 => 100755 .freeCodeCamp/test/1050.test.js
 mode change 100644 => 100755 .freeCodeCamp/test/1060.test.js
 mode change 100644 => 100755 .freeCodeCamp/test/1070.test.js
 mode change 100644 => 100755 .freeCodeCamp/test/1080.test.js
 mode change 100644 => 100755 .freeCodeCamp/test/1090.test.js
 mode change 100644 => 100755 .freeCodeCamp/test/110.test.js
 mode change 100644 => 100755 .freeCodeCamp/test/1100.test.js
 mode change 100644 => 100755 .freeCodeCamp/test/1110.test.js
 mode change 100644 => 100755 .freeCodeCamp/test/1120.test.js
 mode change 100644 => 100755 .freeCodeCamp/test/1130.test.js
 mode change 100644 => 100755 .freeCodeCamp/test/1140.test.js
 mode change 100644 => 100755 .freeCodeCamp/test/1150.test.js
 mode change 100644 => 100755 .freeCodeCamp/test/1160.test.js
 mode change 100644 => 100755 .freeCodeCamp/test/1170.test.js
 mode change 100644 => 100755 .freeCodeCamp/test/1180.test.js
 mode change 100644 => 100755 .freeCodeCamp/test/1190.test.js
 mode change 100644 => 100755 .freeCodeCamp/test/120.test.js
 mode change 100644 => 100755 .freeCodeCamp/test/1200.test.js
 mode change 100644 => 100755 .freeCodeCamp/test/1210.test.js
 mode change 100644 => 100755 .freeCodeCamp/test/1230.test.js
 mode change 100644 => 100755 .freeCodeCamp/test/1240.test.js
 mode change 100644 => 100755 .freeCodeCamp/test/1260.test.js
 mode change 100644 => 100755 .freeCodeCamp/test/1270.test.js
 mode change 100644 => 100755 .freeCodeCamp/test/1280.test.js
 mode change 100644 => 100755 .freeCodeCamp/test/1290.test.js
 mode change 100644 => 100755 .freeCodeCamp/test/130.test.js
 mode change 100644 => 100755 .freeCodeCamp/test/1300.test.js
 mode change 100644 => 100755 .freeCodeCamp/test/1310.test.js
 mode change 100644 => 100755 .freeCodeCamp/test/1320.test.js
 mode change 100644 => 100755 .freeCodeCamp/test/1330.test.js
 mode change 100644 => 100755 .freeCodeCamp/test/1340.test.js
 mode change 100644 => 100755 .freeCodeCamp/test/1350.test.js
 mode change 100644 => 100755 .freeCodeCamp/test/1360.test.js
 mode change 100644 => 100755 .freeCodeCamp/test/1370.test.js
 mode change 100644 => 100755 .freeCodeCamp/test/1380.test.js
 mode change 100644 => 100755 .freeCodeCamp/test/1390.test.js
 mode change 100644 => 100755 .freeCodeCamp/test/140.test.js
 mode change 100644 => 100755 .freeCodeCamp/test/1400.test.js
 mode change 100644 => 100755 .freeCodeCamp/test/1410.test.js
 mode change 100644 => 100755 .freeCodeCamp/test/1420.test.js
 mode change 100644 => 100755 .freeCodeCamp/test/1430.test.js
 mode change 100644 => 100755 .freeCodeCamp/test/1440.test.js
 mode change 100644 => 100755 .freeCodeCamp/test/1450.test.js
 mode change 100644 => 100755 .freeCodeCamp/test/1460.test.js
 mode change 100644 => 100755 .freeCodeCamp/test/1470.test.js
 mode change 100644 => 100755 .freeCodeCamp/test/1480.test.js
 mode change 100644 => 100755 .freeCodeCamp/test/150.test.js
 mode change 100644 => 100755 .freeCodeCamp/test/1500.test.js
 mode change 100644 => 100755 .freeCodeCamp/test/1510.test.js
 mode change 100644 => 100755 .freeCodeCamp/test/1520.test.js
 mode change 100644 => 100755 .freeCodeCamp/test/1530.test.js
 mode change 100644 => 100755 .freeCodeCamp/test/1540.test.js
 mode change 100644 => 100755 .freeCodeCamp/test/1550.test.js
 mode change 100644 => 100755 .freeCodeCamp/test/1560.test.js
 mode change 100644 => 100755 .freeCodeCamp/test/1570.test.js
 mode change 100644 => 100755 .freeCodeCamp/test/1580.test.js
 mode change 100644 => 100755 .freeCodeCamp/test/1590.test.js
 mode change 100644 => 100755 .freeCodeCamp/test/160.test.js
 mode change 100644 => 100755 .freeCodeCamp/test/1600.test.js
 mode change 100644 => 100755 .freeCodeCamp/test/1610.test.js
 mode change 100644 => 100755 .freeCodeCamp/test/1620.test.js
 mode change 100644 => 100755 .freeCodeCamp/test/1630.test.js
 mode change 100644 => 100755 .freeCodeCamp/test/1640.test.js
 mode change 100644 => 100755 .freeCodeCamp/test/1650.test.js
 mode change 100644 => 100755 .freeCodeCamp/test/1660.test.js
 mode change 100644 => 100755 .freeCodeCamp/test/1670.test.js
 mode change 100644 => 100755 .freeCodeCamp/test/1680.test.js
 mode change 100644 => 100755 .freeCodeCamp/test/170.test.js
 mode change 100644 => 100755 .freeCodeCamp/test/180.test.js
 mode change 100644 => 100755 .freeCodeCamp/test/190.test.js
 mode change 100644 => 100755 .freeCodeCamp/test/20.test.js
 mode change 100644 => 100755 .freeCodeCamp/test/200.test.js
 mode change 100644 => 100755 .freeCodeCamp/test/210.test.js
 mode change 100644 => 100755 .freeCodeCamp/test/220.test.js
 mode change 100644 => 100755 .freeCodeCamp/test/230.test.js
 mode change 100644 => 100755 .freeCodeCamp/test/240.test.js
 mode change 100644 => 100755 .freeCodeCamp/test/250.test.js
 mode change 100644 => 100755 .freeCodeCamp/test/260.test.js
 mode change 100644 => 100755 .freeCodeCamp/test/270.test.js
 mode change 100644 => 100755 .freeCodeCamp/test/280.test.js
 mode change 100644 => 100755 .freeCodeCamp/test/290.test.js
 mode change 100644 => 100755 .freeCodeCamp/test/30.test.js
 mode change 100644 => 100755 .freeCodeCamp/test/300.test.js
 mode change 100644 => 100755 .freeCodeCamp/test/310.test.js
 mode change 100644 => 100755 .freeCodeCamp/test/320.test.js
 mode change 100644 => 100755 .freeCodeCamp/test/330.test.js
 mode change 100644 => 100755 .freeCodeCamp/test/340.test.js
 mode change 100644 => 100755 .freeCodeCamp/test/350.test.js
 mode change 100644 => 100755 .freeCodeCamp/test/360.test.js
 mode change 100644 => 100755 .freeCodeCamp/test/370.test.js
 mode change 100644 => 100755 .freeCodeCamp/test/380.test.js
 mode change 100644 => 100755 .freeCodeCamp/test/390.test.js
 mode change 100644 => 100755 .freeCodeCamp/test/40.test.js
 mode change 100644 => 100755 .freeCodeCamp/test/400.test.js
 mode change 100644 => 100755 .freeCodeCamp/test/410.test.js
 mode change 100644 => 100755 .freeCodeCamp/test/420.test.js
 mode change 100644 => 100755 .freeCodeCamp/test/430.test.js
 mode change 100644 => 100755 .freeCodeCamp/test/440.test.js
 mode change 100644 => 100755 .freeCodeCamp/test/450.test.js
 mode change 100644 => 100755 .freeCodeCamp/test/460.test.js
 mode change 100644 => 100755 .freeCodeCamp/test/470.test.js
 mode change 100644 => 100755 .freeCodeCamp/test/480.test.js
 mode change 100644 => 100755 .freeCodeCamp/test/490.test.js
 mode change 100644 => 100755 .freeCodeCamp/test/50.test.js
 mode change 100644 => 100755 .freeCodeCamp/test/500.test.js
 mode change 100644 => 100755 .freeCodeCamp/test/530.test.js
 mode change 100644 => 100755 .freeCodeCamp/test/540.test.js
 mode change 100644 => 100755 .freeCodeCamp/test/550.test.js
 mode change 100644 => 100755 .freeCodeCamp/test/560.test.js
 mode change 100644 => 100755 .freeCodeCamp/test/570.test.js
 mode change 100644 => 100755 .freeCodeCamp/test/580.test.js
 mode change 100644 => 100755 .freeCodeCamp/test/590.test.js
 mode change 100644 => 100755 .freeCodeCamp/test/60.test.js
 mode change 100644 => 100755 .freeCodeCamp/test/600.test.js
 mode change 100644 => 100755 .freeCodeCamp/test/610.test.js
 mode change 100644 => 100755 .freeCodeCamp/test/620.test.js
 mode change 100644 => 100755 .freeCodeCamp/test/630.test.js
 mode change 100644 => 100755 .freeCodeCamp/test/640.test.js
 mode change 100644 => 100755 .freeCodeCamp/test/650.test.js
 mode change 100644 => 100755 .freeCodeCamp/test/660.test.js
 mode change 100644 => 100755 .freeCodeCamp/test/670.test.js
 mode change 100644 => 100755 .freeCodeCamp/test/680.test.js
 mode change 100644 => 100755 .freeCodeCamp/test/690.test.js
 mode change 100644 => 100755 .freeCodeCamp/test/70.test.js
 mode change 100644 => 100755 .freeCodeCamp/test/700.test.js
 mode change 100644 => 100755 .freeCodeCamp/test/710.test.js
 mode change 100644 => 100755 .freeCodeCamp/test/720.test.js
 mode change 100644 => 100755 .freeCodeCamp/test/730.test.js
 mode change 100644 => 100755 .freeCodeCamp/test/740.test.js
 mode change 100644 => 100755 .freeCodeCamp/test/750.test.js
 mode change 100644 => 100755 .freeCodeCamp/test/760.test.js
 mode change 100644 => 100755 .freeCodeCamp/test/770.test.js
 mode change 100644 => 100755 .freeCodeCamp/test/780.test.js
 mode change 100644 => 100755 .freeCodeCamp/test/790.test.js
 mode change 100644 => 100755 .freeCodeCamp/test/80.test.js
 mode change 100644 => 100755 .freeCodeCamp/test/800.test.js
 mode change 100644 => 100755 .freeCodeCamp/test/810.test.js
 mode change 100644 => 100755 .freeCodeCamp/test/820.test.js
 mode change 100644 => 100755 .freeCodeCamp/test/830.test.js
 mode change 100644 => 100755 .freeCodeCamp/test/840.test.js
 mode change 100644 => 100755 .freeCodeCamp/test/850.test.js
 mode change 100644 => 100755 .freeCodeCamp/test/860.test.js
 mode change 100644 => 100755 .freeCodeCamp/test/870.test.js
 mode change 100644 => 100755 .freeCodeCamp/test/880.test.js
 mode change 100644 => 100755 .freeCodeCamp/test/890.test.js
 mode change 100644 => 100755 .freeCodeCamp/test/895.test.js
 mode change 100644 => 100755 .freeCodeCamp/test/90.test.js
 mode change 100644 => 100755 .freeCodeCamp/test/900.test.js
 mode change 100644 => 100755 .freeCodeCamp/test/910.test.js
 mode change 100644 => 100755 .freeCodeCamp/test/920.test.js
 mode change 100644 => 100755 .freeCodeCamp/test/930.test.js
 mode change 100644 => 100755 .freeCodeCamp/test/940.test.js
 mode change 100644 => 100755 .freeCodeCamp/test/950.test.js
 mode change 100644 => 100755 .freeCodeCamp/test/960.test.js
 mode change 100644 => 100755 .freeCodeCamp/test/970.test.js
 mode change 100644 => 100755 .freeCodeCamp/test/980.test.js
 mode change 100644 => 100755 .freeCodeCamp/test/990.test.js
 mode change 100644 => 100755 .freeCodeCamp/test/utils.js
 mode change 100644 => 100755 .gitignore
 mode change 100644 => 100755 .vscode/settings.json

KEY_PRESS_ENTER
STATE: "Tutorial.Level.LoadNext"
ROUTE: "Tutorial.Level.LoadNext": Completed level 670, step 670.1
EDITOR_SYNC_POSITION
EDITOR_LEVEL_ENTER
EDITOR_STEP_ENTER
STATE: "Tutorial.Level.Load"
ROUTE: "Tutorial.Level.Load": On level 680, step 680.1
STATE: "Tutorial.Level.Normal"
ROUTE: "Tutorial.Level.Normal": On level 680, step 680.1
Calling command: git log -n 1 --pretty=format:%s 3910a74cadff86441369124c3e0acb51dc9e2849
Calling command: git log -g --grep='680.1'
Calling command: git cherry-pick -X theirs 3910a74cadff86441369124c3e0acb51dc9e2849
------------------- RUN TEST -------------------
START_TEST
COMMAND: npm run programmatic-test --reporter=mocha-tap-reporter
Calling command: npm run programmatic-test --reporter=mocha-tap-reporter
STATE: "Tutorial.Level.TestRunning"
ROUTE: "Tutorial.Level.TestRunning": On level 680, step 680.1
---------------- TEST RESULTS -----------------
Test pass position: {"stepId":"680.1","levelId":"680","complete":false}
TEST_PASS
updateStepPosition: {"type":"TEST_PASS","payload":{"position":{"stepId":"680.1","levelId":"680","complete":true}},"source":"coderoad"})
EDITOR_STEP_COMPLETE
Calling command: git commit -am 'Save progress: 680.1'
STATE: "Tutorial.Level.StepNext"
ROUTE: "Tutorial.Level.StepNext": Completed level 680, step 680.1
EDITOR_LEVEL_COMPLETE
STATE: "Tutorial.Level.LevelComplete"
ROUTE: "Tutorial.Level.LevelComplete": Completed level 680, step 680.1
KEY_PRESS_ENTER
STATE: "Tutorial.Level.LoadNext"
ROUTE: "Tutorial.Level.LoadNext": Completed level 680, step 680.1
EDITOR_SYNC_POSITION
EDITOR_LEVEL_ENTER
EDITOR_STEP_ENTER
STATE: "Tutorial.Level.Load"
ROUTE: "Tutorial.Level.Load": On level 690, step 690.1
STATE: "Tutorial.Level.Normal"
ROUTE: "Tutorial.Level.Normal": On level 690, step 690.1
Calling command: git log -n 1 --pretty=format:%s d890d81cad8902daca23d34d61a3b957e4893a58
Calling command: git log -g --grep='690.1'
Calling command: git cherry-pick -X theirs d890d81cad8902daca23d34d61a3b957e4893a58
------------------- RUN TEST -------------------
START_TEST
COMMAND: npm run programmatic-test --reporter=mocha-tap-reporter
Calling command: npm run programmatic-test --reporter=mocha-tap-reporter
STATE: "Tutorial.Level.TestRunning"
ROUTE: "Tutorial.Level.TestRunning": On level 690, step 690.1
---------------- TEST RESULTS -----------------
Test pass position: {"stepId":"690.1","levelId":"690","complete":false}
TEST_PASS
updateStepPosition: {"type":"TEST_PASS","payload":{"position":{"stepId":"690.1","levelId":"690","complete":true}},"source":"coderoad"})
EDITOR_STEP_COMPLETE
Calling command: git commit -am 'Save progress: 690.1'
STATE: "Tutorial.Level.StepNext"
ROUTE: "Tutorial.Level.StepNext": Completed level 690, step 690.1
EDITOR_LEVEL_COMPLETE
STATE: "Tutorial.Level.LevelComplete"
ROUTE: "Tutorial.Level.LevelComplete": Completed level 690, step 690.1
KEY_PRESS_ENTER
STATE: "Tutorial.Level.LoadNext"
ROUTE: "Tutorial.Level.LoadNext": Completed level 690, step 690.1
EDITOR_SYNC_POSITION
EDITOR_LEVEL_ENTER
EDITOR_STEP_ENTER
STATE: "Tutorial.Level.Load"
ROUTE: "Tutorial.Level.Load": On level 700, step 700.1
STATE: "Tutorial.Level.Normal"
ROUTE: "Tutorial.Level.Normal": On level 700, step 700.1
Calling command: git log -n 1 --pretty=format:%s 82dff47077eea3e7d9e47b21a7bb02b545a13411
Calling command: git log -g --grep='700.1'
Calling command: git cherry-pick -X theirs 82dff47077eea3e7d9e47b21a7bb02b545a13411
------------------- RUN TEST -------------------
START_TEST
COMMAND: npm run programmatic-test --reporter=mocha-tap-reporter
Calling command: npm run programmatic-test --reporter=mocha-tap-reporter
STATE: "Tutorial.Level.TestRunning"
ROUTE: "Tutorial.Level.TestRunning": On level 700, step 700.1
---------------- TEST RESULTS -----------------
Test pass position: {"stepId":"700.1","levelId":"700","complete":false}
TEST_PASS
updateStepPosition: {"type":"TEST_PASS","payload":{"position":{"stepId":"700.1","levelId":"700","complete":true}},"source":"coderoad"})
EDITOR_STEP_COMPLETE
Calling command: git commit -am 'Save progress: 700.1'
STATE: "Tutorial.Level.StepNext"
ROUTE: "Tutorial.Level.StepNext": Completed level 700, step 700.1
EDITOR_LEVEL_COMPLETE
STATE: "Tutorial.Level.LevelComplete"
ROUTE: "Tutorial.Level.LevelComplete": Completed level 700, step 700.1
KEY_PRESS_ENTER
STATE: "Tutorial.Level.LoadNext"
ROUTE: "Tutorial.Level.LoadNext": Completed level 700, step 700.1
EDITOR_SYNC_POSITION
EDITOR_LEVEL_ENTER
EDITOR_STEP_ENTER
STATE: "Tutorial.Level.Load"
ROUTE: "Tutorial.Level.Load": On level 710, step 710.1
STATE: "Tutorial.Level.Normal"
ROUTE: "Tutorial.Level.Normal": On level 710, step 710.1
Calling command: git log -n 1 --pretty=format:%s 27ead1fd6a202522fbffea94e424d115ff86331a
Calling command: git log -g --grep='710.1'
Calling command: git cherry-pick -X theirs 27ead1fd6a202522fbffea94e424d115ff86331a
------------------- RUN TEST -------------------
START_TEST
COMMAND: npm run programmatic-test --reporter=mocha-tap-reporter
Calling command: npm run programmatic-test --reporter=mocha-tap-reporter
STATE: "Tutorial.Level.TestRunning"
ROUTE: "Tutorial.Level.TestRunning": On level 710, step 710.1
---------------- TEST RESULTS -----------------
Test pass position: {"stepId":"710.1","levelId":"710","complete":false}
TEST_PASS
updateStepPosition: {"type":"TEST_PASS","payload":{"position":{"stepId":"710.1","levelId":"710","complete":true}},"source":"coderoad"})
EDITOR_STEP_COMPLETE
Calling command: git commit -am 'Save progress: 710.1'
STATE: "Tutorial.Level.StepNext"
ROUTE: "Tutorial.Level.StepNext": Completed level 710, step 710.1
EDITOR_LEVEL_COMPLETE
STATE: "Tutorial.Level.LevelComplete"
ROUTE: "Tutorial.Level.LevelComplete": Completed level 710, step 710.1
KEY_PRESS_ENTER
STATE: "Tutorial.Level.LoadNext"
ROUTE: "Tutorial.Level.LoadNext": Completed level 710, step 710.1
EDITOR_SYNC_POSITION
EDITOR_LEVEL_ENTER
EDITOR_STEP_ENTER
STATE: "Tutorial.Level.Load"
ROUTE: "Tutorial.Level.Load": On level 720, step 720.1
STATE: "Tutorial.Level.Normal"
ROUTE: "Tutorial.Level.Normal": On level 720, step 720.1
Calling command: git log -n 1 --pretty=format:%s 018e6cff9dccd0ce5ac89866174ac513813106f6
Calling command: git log -g --grep='720.1'
Calling command: git cherry-pick -X theirs 018e6cff9dccd0ce5ac89866174ac513813106f6
------------------- RUN TEST -------------------
START_TEST
COMMAND: npm run programmatic-test --reporter=mocha-tap-reporter
Calling command: npm run programmatic-test --reporter=mocha-tap-reporter
STATE: "Tutorial.Level.TestRunning"
ROUTE: "Tutorial.Level.TestRunning": On level 720, step 720.1
---------------- TEST RESULTS -----------------
Test pass position: {"stepId":"720.1","levelId":"720","complete":false}
TEST_PASS
updateStepPosition: {"type":"TEST_PASS","payload":{"position":{"stepId":"720.1","levelId":"720","complete":true}},"source":"coderoad"})
EDITOR_STEP_COMPLETE
Calling command: git commit -am 'Save progress: 720.1'
STATE: "Tutorial.Level.StepNext"
ROUTE: "Tutorial.Level.StepNext": Completed level 720, step 720.1
EDITOR_LEVEL_COMPLETE
STATE: "Tutorial.Level.LevelComplete"
ROUTE: "Tutorial.Level.LevelComplete": Completed level 720, step 720.1
KEY_PRESS_ENTER
STATE: "Tutorial.Level.LoadNext"
ROUTE: "Tutorial.Level.LoadNext": Completed level 720, step 720.1
EDITOR_SYNC_POSITION
EDITOR_LEVEL_ENTER
EDITOR_STEP_ENTER
STATE: "Tutorial.Level.Load"
ROUTE: "Tutorial.Level.Load": On level 730, step 730.1
STATE: "Tutorial.Level.Normal"
ROUTE: "Tutorial.Level.Normal": On level 730, step 730.1
Calling command: git log -n 1 --pretty=format:%s a678e6723b3d8cb3f3728154f1ea42a6b56f69b0
Calling command: git log -g --grep='730.1'
Calling command: git cherry-pick -X theirs a678e6723b3d8cb3f3728154f1ea42a6b56f69b0
------------------- RUN TEST -------------------
START_TEST
COMMAND: npm run programmatic-test --reporter=mocha-tap-reporter
Calling command: npm run programmatic-test --reporter=mocha-tap-reporter
STATE: "Tutorial.Level.TestRunning"
ROUTE: "Tutorial.Level.TestRunning": On level 730, step 730.1
---------------- TEST RESULTS -----------------
Test pass position: {"stepId":"730.1","levelId":"730","complete":false}
TEST_PASS
updateStepPosition: {"type":"TEST_PASS","payload":{"position":{"stepId":"730.1","levelId":"730","complete":true}},"source":"coderoad"})
EDITOR_STEP_COMPLETE
Calling command: git commit -am 'Save progress: 730.1'
STATE: "Tutorial.Level.StepNext"
ROUTE: "Tutorial.Level.StepNext": Completed level 730, step 730.1
EDITOR_LEVEL_COMPLETE
STATE: "Tutorial.Level.LevelComplete"
ROUTE: "Tutorial.Level.LevelComplete": Completed level 730, step 730.1
KEY_PRESS_ENTER
STATE: "Tutorial.Level.LoadNext"
ROUTE: "Tutorial.Level.LoadNext": Completed level 730, step 730.1
EDITOR_SYNC_POSITION
EDITOR_LEVEL_ENTER
EDITOR_STEP_ENTER
STATE: "Tutorial.Level.Load"
ROUTE: "Tutorial.Level.Load": On level 740, step 740.1
STATE: "Tutorial.Level.Normal"
ROUTE: "Tutorial.Level.Normal": On level 740, step 740.1
Calling command: git log -n 1 --pretty=format:%s 29c5c9459c63a80d91c32a38213bc8614cecd00a
Calling command: git log -g --grep='740.1'
Calling command: git cherry-pick -X theirs 29c5c9459c63a80d91c32a38213bc8614cecd00a
------------------- RUN TEST -------------------
START_TEST
COMMAND: npm run programmatic-test --reporter=mocha-tap-reporter
Calling command: npm run programmatic-test --reporter=mocha-tap-reporter
STATE: "Tutorial.Level.TestRunning"
ROUTE: "Tutorial.Level.TestRunning": On level 740, step 740.1
---------------- TEST RESULTS -----------------
Test pass position: {"stepId":"740.1","levelId":"740","complete":false}
TEST_PASS
updateStepPosition: {"type":"TEST_PASS","payload":{"position":{"stepId":"740.1","levelId":"740","complete":true}},"source":"coderoad"})
EDITOR_STEP_COMPLETE
Calling command: git commit -am 'Save progress: 740.1'
STATE: "Tutorial.Level.StepNext"
ROUTE: "Tutorial.Level.StepNext": Completed level 740, step 740.1
EDITOR_LEVEL_COMPLETE
STATE: "Tutorial.Level.LevelComplete"
ROUTE: "Tutorial.Level.LevelComplete": Completed level 740, step 740.1
KEY_PRESS_ENTER
STATE: "Tutorial.Level.LoadNext"
ROUTE: "Tutorial.Level.LoadNext": Completed level 740, step 740.1
EDITOR_SYNC_POSITION
EDITOR_LEVEL_ENTER
EDITOR_STEP_ENTER
STATE: "Tutorial.Level.Load"
ROUTE: "Tutorial.Level.Load": On level 750, step 750.1
STATE: "Tutorial.Level.Normal"
ROUTE: "Tutorial.Level.Normal": On level 750, step 750.1
Calling command: git log -n 1 --pretty=format:%s d1c1080e9dbe0a7b1aabc049c550c22fe633beea
Calling command: git log -g --grep='750.1'
Calling command: git cherry-pick -X theirs d1c1080e9dbe0a7b1aabc049c550c22fe633beea
------------------- RUN TEST -------------------
START_TEST
COMMAND: npm run programmatic-test --reporter=mocha-tap-reporter
Calling command: npm run programmatic-test --reporter=mocha-tap-reporter
STATE: "Tutorial.Level.TestRunning"
ROUTE: "Tutorial.Level.TestRunning": On level 750, step 750.1
---------------- TEST RESULTS -----------------
Test pass position: {"stepId":"750.1","levelId":"750","complete":false}
TEST_PASS
updateStepPosition: {"type":"TEST_PASS","payload":{"position":{"stepId":"750.1","levelId":"750","complete":true}},"source":"coderoad"})
EDITOR_STEP_COMPLETE
Calling command: git commit -am 'Save progress: 750.1'
STATE: "Tutorial.Level.StepNext"
ROUTE: "Tutorial.Level.StepNext": Completed level 750, step 750.1
EDITOR_LEVEL_COMPLETE
STATE: "Tutorial.Level.LevelComplete"
ROUTE: "Tutorial.Level.LevelComplete": Completed level 750, step 750.1
KEY_PRESS_ENTER
STATE: "Tutorial.Level.LoadNext"
ROUTE: "Tutorial.Level.LoadNext": Completed level 750, step 750.1
EDITOR_SYNC_POSITION
EDITOR_LEVEL_ENTER
EDITOR_STEP_ENTER
STATE: "Tutorial.Level.Load"
ROUTE: "Tutorial.Level.Load": On level 760, step 760.1
STATE: "Tutorial.Level.Normal"
ROUTE: "Tutorial.Level.Normal": On level 760, step 760.1
Calling command: git log -n 1 --pretty=format:%s 2bf618511d36c743815eb02ed50f4f1c6b84bc42
Calling command: git log -g --grep='760.1'
Calling command: git cherry-pick -X theirs 2bf618511d36c743815eb02ed50f4f1c6b84bc42
------------------- RUN TEST -------------------
START_TEST
COMMAND: npm run programmatic-test --reporter=mocha-tap-reporter
Calling command: npm run programmatic-test --reporter=mocha-tap-reporter
STATE: "Tutorial.Level.TestRunning"
ROUTE: "Tutorial.Level.TestRunning": On level 760, step 760.1
---------------- TEST RESULTS -----------------
Test pass position: {"stepId":"760.1","levelId":"760","complete":false}
TEST_PASS
updateStepPosition: {"type":"TEST_PASS","payload":{"position":{"stepId":"760.1","levelId":"760","complete":true}},"source":"coderoad"})
EDITOR_STEP_COMPLETE
Calling command: git commit -am 'Save progress: 760.1'
STATE: "Tutorial.Level.StepNext"
ROUTE: "Tutorial.Level.StepNext": Completed level 760, step 760.1
EDITOR_LEVEL_COMPLETE
STATE: "Tutorial.Level.LevelComplete"
ROUTE: "Tutorial.Level.LevelComplete": Completed level 760, step 760.1
KEY_PRESS_ENTER
STATE: "Tutorial.Level.LoadNext"
ROUTE: "Tutorial.Level.LoadNext": Completed level 760, step 760.1
EDITOR_SYNC_POSITION
EDITOR_LEVEL_ENTER
EDITOR_STEP_ENTER
STATE: "Tutorial.Level.Load"
ROUTE: "Tutorial.Level.Load": On level 770, step 770.1
STATE: "Tutorial.Level.Normal"
ROUTE: "Tutorial.Level.Normal": On level 770, step 770.1
Calling command: git log -n 1 --pretty=format:%s 121f36ce50eea1c347f60a6b5384f4770c7812b0
Calling command: git log -g --grep='770.1'
Calling command: git cherry-pick -X theirs 121f36ce50eea1c347f60a6b5384f4770c7812b0
------------------- RUN TEST -------------------
START_TEST
COMMAND: npm run programmatic-test --reporter=mocha-tap-reporter
Calling command: npm run programmatic-test --reporter=mocha-tap-reporter
STATE: "Tutorial.Level.TestRunning"
ROUTE: "Tutorial.Level.TestRunning": On level 770, step 770.1
---------------- TEST RESULTS -----------------
Test pass position: {"stepId":"770.1","levelId":"770","complete":false}
TEST_PASS
updateStepPosition: {"type":"TEST_PASS","payload":{"position":{"stepId":"770.1","levelId":"770","complete":true}},"source":"coderoad"})
EDITOR_STEP_COMPLETE
Calling command: git commit -am 'Save progress: 770.1'
STATE: "Tutorial.Level.StepNext"
ROUTE: "Tutorial.Level.StepNext": Completed level 770, step 770.1
EDITOR_LEVEL_COMPLETE
STATE: "Tutorial.Level.LevelComplete"
ROUTE: "Tutorial.Level.LevelComplete": Completed level 770, step 770.1
KEY_PRESS_ENTER
STATE: "Tutorial.Level.LoadNext"
ROUTE: "Tutorial.Level.LoadNext": Completed level 770, step 770.1
EDITOR_SYNC_POSITION
EDITOR_LEVEL_ENTER
EDITOR_STEP_ENTER
STATE: "Tutorial.Level.Load"
ROUTE: "Tutorial.Level.Load": On level 780, step 780.1
STATE: "Tutorial.Level.Normal"
ROUTE: "Tutorial.Level.Normal": On level 780, step 780.1
Calling command: git log -n 1 --pretty=format:%s e8674493a312e5979c667afdb42fb9b6ea385d12
Calling command: git log -g --grep='780.1'
Calling command: git cherry-pick -X theirs e8674493a312e5979c667afdb42fb9b6ea385d12
------------------- RUN TEST -------------------
START_TEST
COMMAND: npm run programmatic-test --reporter=mocha-tap-reporter
Calling command: npm run programmatic-test --reporter=mocha-tap-reporter
STATE: "Tutorial.Level.TestRunning"
ROUTE: "Tutorial.Level.TestRunning": On level 780, step 780.1
---------------- TEST RESULTS -----------------
Test pass position: {"stepId":"780.1","levelId":"780","complete":false}
TEST_PASS
updateStepPosition: {"type":"TEST_PASS","payload":{"position":{"stepId":"780.1","levelId":"780","complete":true}},"source":"coderoad"})
EDITOR_STEP_COMPLETE
Calling command: git commit -am 'Save progress: 780.1'
STATE: "Tutorial.Level.StepNext"
ROUTE: "Tutorial.Level.StepNext": Completed level 780, step 780.1
EDITOR_LEVEL_COMPLETE
STATE: "Tutorial.Level.LevelComplete"
ROUTE: "Tutorial.Level.LevelComplete": Completed level 780, step 780.1
KEY_PRESS_ENTER
STATE: "Tutorial.Level.LoadNext"
ROUTE: "Tutorial.Level.LoadNext": Completed level 780, step 780.1
EDITOR_SYNC_POSITION
EDITOR_LEVEL_ENTER
EDITOR_STEP_ENTER
STATE: "Tutorial.Level.Load"
ROUTE: "Tutorial.Level.Load": On level 790, step 790.1
STATE: "Tutorial.Level.Normal"
ROUTE: "Tutorial.Level.Normal": On level 790, step 790.1
Calling command: git log -n 1 --pretty=format:%s 6618f4c23bd2a37e11c54776909e3e86da5f0113
Calling command: git log -g --grep='790.1'
Calling command: git cherry-pick -X theirs 6618f4c23bd2a37e11c54776909e3e86da5f0113
------------------- RUN TEST -------------------
START_TEST
COMMAND: npm run programmatic-test --reporter=mocha-tap-reporter
Calling command: npm run programmatic-test --reporter=mocha-tap-reporter
STATE: "Tutorial.Level.TestRunning"
ROUTE: "Tutorial.Level.TestRunning": On level 790, step 790.1
---------------- TEST RESULTS -----------------
Test pass position: {"stepId":"790.1","levelId":"790","complete":false}
TEST_PASS
updateStepPosition: {"type":"TEST_PASS","payload":{"position":{"stepId":"790.1","levelId":"790","complete":true}},"source":"coderoad"})
EDITOR_STEP_COMPLETE
Calling command: git commit -am 'Save progress: 790.1'
STATE: "Tutorial.Level.StepNext"
ROUTE: "Tutorial.Level.StepNext": Completed level 790, step 790.1
EDITOR_LEVEL_COMPLETE
STATE: "Tutorial.Level.LevelComplete"
ROUTE: "Tutorial.Level.LevelComplete": Completed level 790, step 790.1
