2024-05-28 19:20:01.901 [warning] /home/gitpod/.ssh/config: ENOENT: no such file or directory, open '/home/gitpod/.ssh/config'
2024-05-28 19:20:01.901 [info] Activation> Extension version: 0.88.1
2024-05-28 19:20:05.272 [info] Looking for git repository
2024-05-28 19:20:05.272 [info] Found 0 repositories during activation
2024-05-28 19:20:05.272 [info] Git repository found, initializing review manager and pr tree view.
2024-05-28 19:20:05.276 [info] Registering git provider
2024-05-28 19:20:05.276 [info] Review+0> Validate state in progress
2024-05-28 19:20:05.276 [info] Review+0> Validating state...
2024-05-28 19:20:05.529 [info] Found GitHub remote for folder /workspace/project
2024-05-28 19:20:05.531 [info] Trying to use globalState for assignableUsers.
2024-05-28 19:20:05.560 [info] Review+0> No matching pull request metadata found locally for current branch main
2024-05-28 19:20:05.577 [info] Review+0> No matching pull request metadata found on GitHub for current branch main
2024-05-28 19:20:05.795 [info] GlobalState does not exist for assignableUsers.
2024-05-28 19:20:53.224 [info] Repo state for file:///workspace/project changed.
2024-05-28 19:20:53.224 [info] Repo file:///workspace/project has already been setup.
2024-05-28 19:27:16.475 [info] Review+0> Validate state in progress
2024-05-28 19:27:16.475 [info] Review+0> Validating state...
2024-05-28 19:27:16.721 [info] Found GitHub remote for folder /workspace/project
2024-05-28 19:27:16.722 [info] Using in-memory cached assignable users.
2024-05-28 19:27:16.747 [info] Review+0> No matching pull request metadata found locally for current branch main
2024-05-28 19:27:16.763 [info] Review+0> No matching pull request metadata found on GitHub for current branch main
2024-05-28 19:27:21.517 [info] Review+0> Validate state in progress
2024-05-28 19:27:21.517 [info] Review+0> Validating state...
2024-05-28 19:27:21.755 [info] Found GitHub remote for folder /workspace/project
2024-05-28 19:27:21.756 [info] Using in-memory cached assignable users.
2024-05-28 19:27:21.779 [info] Review+0> No matching pull request metadata found locally for current branch main
2024-05-28 19:27:21.792 [info] Review+0> No matching pull request metadata found on GitHub for current branch main
2024-05-28 19:27:48.925 [info] Review+0> Validate state in progress
2024-05-28 19:27:48.925 [info] Review+0> Validating state...
2024-05-28 19:27:49.163 [info] Found GitHub remote for folder /workspace/project
2024-05-28 19:27:49.164 [info] Using in-memory cached assignable users.
2024-05-28 19:27:49.188 [info] Review+0> No matching pull request metadata found locally for current branch main
2024-05-28 19:27:49.202 [info] Review+0> No matching pull request metadata found on GitHub for current branch main
2024-05-28 19:36:51.384 [info] Review+0> Validate state in progress
2024-05-28 19:36:51.384 [info] Review+0> Validating state...
2024-05-28 19:36:51.623 [info] Found GitHub remote for folder /workspace/project
2024-05-28 19:36:51.623 [info] Using in-memory cached assignable users.
2024-05-28 19:36:51.651 [info] Review+0> No matching pull request metadata found locally for current branch main
2024-05-28 19:36:51.669 [info] Review+0> No matching pull request metadata found on GitHub for current branch main
2024-05-28 19:38:40.450 [info] Review+0> Validate state in progress
2024-05-28 19:38:40.450 [info] Review+0> Validating state...
2024-05-28 19:38:40.690 [info] Found GitHub remote for folder /workspace/project
2024-05-28 19:38:40.691 [info] Using in-memory cached assignable users.
2024-05-28 19:38:40.719 [info] Review+0> No matching pull request metadata found locally for current branch main
2024-05-28 19:38:40.735 [info] Review+0> No matching pull request metadata found on GitHub for current branch main
2024-05-28 19:41:36.727 [info] Review+0> Validate state in progress
2024-05-28 19:41:36.727 [info] Review+0> Validating state...
2024-05-28 19:41:36.961 [info] Found GitHub remote for folder /workspace/project
2024-05-28 19:41:36.962 [info] Using in-memory cached assignable users.
2024-05-28 19:41:36.988 [info] Review+0> No matching pull request metadata found locally for current branch main
2024-05-28 19:41:37.004 [info] Review+0> No matching pull request metadata found on GitHub for current branch main
2024-05-28 19:42:55.944 [info] Review+0> Validate state in progress
2024-05-28 19:42:55.944 [info] Review+0> Validating state...
2024-05-28 19:42:56.192 [info] Found GitHub remote for folder /workspace/project
2024-05-28 19:42:56.192 [info] Using in-memory cached assignable users.
2024-05-28 19:42:56.224 [info] Review+0> No matching pull request metadata found locally for current branch main
2024-05-28 19:42:56.245 [info] Review+0> No matching pull request metadata found on GitHub for current branch main
2024-05-28 19:44:31.301 [info] Review+0> Validate state in progress
2024-05-28 19:44:31.301 [info] Review+0> Validating state...
2024-05-28 19:44:31.537 [info] Found GitHub remote for folder /workspace/project
2024-05-28 19:44:31.538 [info] Using in-memory cached assignable users.
2024-05-28 19:44:31.561 [info] Review+0> No matching pull request metadata found locally for current branch main
2024-05-28 19:44:31.574 [info] Review+0> No matching pull request metadata found on GitHub for current branch main
2024-05-28 19:44:41.384 [info] Review+0> Validate state in progress
2024-05-28 19:44:41.385 [info] Review+0> Validating state...
2024-05-28 19:44:41.658 [info] Found GitHub remote for folder /workspace/project
2024-05-28 19:44:41.659 [info] Using in-memory cached assignable users.
2024-05-28 19:44:41.691 [info] Review+0> No matching pull request metadata found locally for current branch main
2024-05-28 19:44:41.708 [info] Review+0> No matching pull request metadata found on GitHub for current branch main
2024-05-28 19:45:29.822 [info] Review+0> Validate state in progress
2024-05-28 19:45:29.822 [info] Review+0> Validating state...
2024-05-28 19:45:30.076 [info] Found GitHub remote for folder /workspace/project
2024-05-28 19:45:30.077 [info] Using in-memory cached assignable users.
2024-05-28 19:45:30.100 [info] Review+0> No matching pull request metadata found locally for current branch main
2024-05-28 19:45:30.113 [info] Review+0> No matching pull request metadata found on GitHub for current branch main
2024-05-28 19:46:56.802 [info] Review+0> Validate state in progress
2024-05-28 19:46:56.802 [info] Review+0> Validating state...
2024-05-28 19:46:57.049 [info] Found GitHub remote for folder /workspace/project
2024-05-28 19:46:57.050 [info] Using in-memory cached assignable users.
2024-05-28 19:46:57.075 [info] Review+0> No matching pull request metadata found locally for current branch main
2024-05-28 19:46:57.090 [info] Review+0> No matching pull request metadata found on GitHub for current branch main
2024-05-28 19:47:51.665 [info] Review+0> Validate state in progress
2024-05-28 19:47:51.665 [info] Review+0> Validating state...
2024-05-28 19:47:51.912 [info] Found GitHub remote for folder /workspace/project
2024-05-28 19:47:51.913 [info] Using in-memory cached assignable users.
2024-05-28 19:47:51.947 [info] Review+0> No matching pull request metadata found locally for current branch main
2024-05-28 19:47:51.964 [info] Review+0> No matching pull request metadata found on GitHub for current branch main
2024-05-28 19:48:03.742 [info] Review+0> Validate state in progress
2024-05-28 19:48:03.742 [info] Review+0> Validating state...
2024-05-28 19:48:04.859 [info] Found GitHub remote for folder /workspace/project
2024-05-28 19:48:04.859 [info] Using in-memory cached assignable users.
2024-05-28 19:48:04.892 [info] Review+0> No matching pull request metadata found locally for current branch main
2024-05-28 19:48:04.914 [info] Review+0> No matching pull request metadata found on GitHub for current branch main
