2024-05-29 06:43:39.034 [info] Log level: Info
2024-05-29 06:43:39.034 [info] VSCODE_MACHINE_ID: 15b9478e-fb17-44d1-8daa-9389efc5b865
2024-05-29 06:43:39.034 [info] VSCODE_SESSION_ID: e8dc0f5f-9bae-4ab8-94a8-e753f345d15d1716965013449
2024-05-29 06:43:39.034 [info] VSCODE_VERSION: 1.89.1
2024-05-29 06:43:39.034 [info] VSCODE_APP_NAME: Gitpod Code
2024-05-29 06:43:39.034 [info] VSCODE_APP_HOST: Gitpod
2024-05-29 06:43:39.034 [info] VSCODE_UI_KIND: web
2024-05-29 06:43:39.034 [info] GITPOD_WORKSPACE_CONTEXT_URL: https://github.com/freeCodeCamp/learn-celestial-bodies-database
2024-05-29 06:43:39.034 [info] GITPOD_INSTANCE_ID: dfd55720-2138-4361-abff-d046c9e6a0c6
2024-05-29 06:43:39.034 [info] GITPOD_WORKSPACE_URL: https://freecodecam-learncelest-x2vucjbce5e.ws-us114.gitpod.io
2024-05-29 06:43:39.034 [info] Gitpod Web 7ff72a2
2024-05-29 06:43:39.034 [info] Reading sessions from keychain...
2024-05-29 06:43:39.331 [info] Getting sessions for all scopes...
2024-05-29 06:43:39.331 [info] Getting GitHub sessions for all scopes...
2024-05-29 06:43:39.331 [info] Getting sessions for function:accessCodeSyncStorage...
2024-05-29 06:43:39.331 [info] Got stored sessions!
2024-05-29 06:43:39.331 [info] Verified session with the following scopes: function:accessCodeSyncStorage function:closePort function:controlAdmission function:deleteEnvVar function:generateNewGitpodToken function:getDefaultWorkspaceImage function:getEnvVars function:getGitpodTokenScopes function:getIDToken function:getLoggedInUser function:getOpenPorts function:getSupportedWorkspaceClasses function:getTeams function:getToken function:getWorkspace function:getWorkspaceEnvVars function:getWorkspaceOwner function:getWorkspaceTimeout function:getWorkspaceUsers function:guessGitTokenScopes function:isWorkspaceOwner function:openPort function:sendHeartBeat function:setEnvVar function:setWorkspaceTimeout function:stopWorkspace function:takeSnapshot function:trackEvent function:updateGitStatus function:waitForSnapshot resource:contentBlob::*::create/get resource:envVar::freeCodeCamp/learn-celestial-bodies-database::create/get/update/delete resource:gitpodToken::*::create resource:snapshot::ws-freecodecam-learncelest-x2vucjbce5e::create resource:token::*::get resource:userStorage::*::create/get/update resource:workspace::freecodecam-learncelest-x2vucjbce5e::get/update resource:workspaceInstance::dfd55720-2138-4361-abff-d046c9e6a0c6::get/update/delete
2024-05-29 06:43:39.331 [info] Got 1 verified sessions.
2024-05-29 06:43:39.331 [info] Got 1 sessions for all scopes...
2024-05-29 06:43:39.332 [info] Got 1 sessions for function:accessCodeSyncStorage...
2024-05-29 06:43:39.561 [info] Getting GitHub sessions for all scopes...
2024-05-29 06:43:39.561 [info] Getting sessions for all scopes...
2024-05-29 06:43:39.561 [info] Getting GitHub sessions for all scopes...
2024-05-29 06:43:39.561 [info] Got 1 sessions for all scopes...
2024-05-29 06:43:39.671 [info] Got 1 GitHub sessions for all scopes...
2024-05-29 06:43:39.671 [info] Got 1 GitHub sessions for all scopes...
2024-05-29 06:43:39.671 [info] Got 1 GitHub sessions for all scopes...
2024-05-29 06:43:39.715 [info] Getting sessions for all scopes...
2024-05-29 06:43:39.715 [info] Got 1 sessions for all scopes...
2024-05-29 06:43:40.085 [info] Getting sessions for all scopes...
2024-05-29 06:43:40.085 [info] Got 1 sessions for all scopes...
2024-05-29 06:43:40.179 [info] Getting GitHub sessions for all scopes...
2024-05-29 06:43:40.179 [info] Getting GitHub sessions for all scopes...
2024-05-29 06:43:40.179 [info] Got 1 GitHub sessions for all scopes...
2024-05-29 06:43:40.179 [info] Got 1 GitHub sessions for all scopes...
2024-05-29 06:43:40.235 [info] Getting sessions for all scopes...
2024-05-29 06:43:40.235 [info] Getting GitHub sessions for all scopes...
2024-05-29 06:43:40.235 [info] Got 1 sessions for all scopes...
2024-05-29 06:43:40.235 [info] Got 1 GitHub sessions for all scopes...
2024-05-29 06:43:40.619 [info] Getting sessions for all scopes...
2024-05-29 06:43:40.619 [info] Getting GitHub sessions for all scopes...
2024-05-29 06:43:40.619 [info] Got 1 sessions for all scopes...
2024-05-29 06:43:40.620 [info] Got 1 GitHub sessions for all scopes...
2024-05-29 06:43:40.816 [info] Getting GitHub sessions for read:user,repo,user:email,workflow...
2024-05-29 06:43:40.816 [info] Got 0 GitHub sessions for read:user,repo,user:email,workflow...
2024-05-29 06:43:41.909 [info] Getting GitHub sessions for project,read:org,read:user,repo,user:email,workflow...
2024-05-29 06:43:41.909 [info] Got 0 GitHub sessions for project,read:org,read:user,repo,user:email,workflow...
2024-05-29 06:43:42.767 [info] Getting GitHub sessions for read:user,repo,user:email,workflow...
2024-05-29 06:43:42.767 [info] Got 0 GitHub sessions for read:user,repo,user:email,workflow...
2024-05-29 06:43:43.598 [info] Getting GitHub sessions for read:user,repo,user:email...
2024-05-29 06:43:43.598 [info] Got 0 GitHub sessions for read:user,repo,user:email...
2024-05-29 06:43:44.473 [info] Getting GitHub sessions for read:user,repo,user:email,workflow...
2024-05-29 06:43:44.473 [info] Got 0 GitHub sessions for read:user,repo,user:email,workflow...
2024-05-29 06:44:25.153 [info] Getting sessions for all scopes...
2024-05-29 06:44:25.153 [info] Getting GitHub sessions for all scopes...
2024-05-29 06:44:25.153 [info] Got 1 sessions for all scopes...
2024-05-29 06:44:25.153 [info] Got 1 GitHub sessions for all scopes...
2024-05-29 06:44:25.420 [info] Getting sessions for all scopes...
2024-05-29 06:44:25.420 [info] Getting GitHub sessions for all scopes...
2024-05-29 06:44:25.420 [info] Got 1 sessions for all scopes...
2024-05-29 06:44:25.420 [info] Got 1 GitHub sessions for all scopes...
