                                   List of databases
+----------------+--------------+----------+---------+---------+-----------------------+
|      Name      |    Owner     | Encoding | Collate |  Ctype  |   Access privileges   |
+----------------+--------------+----------+---------+---------+-----------------------+
| mario_database | freecodecamp | UTF8     | C.UTF-8 | C.UTF-8 |                       |
| postgres       | postgres     | UTF8     | C.UTF-8 | C.UTF-8 |                       |
| template0      | postgres     | UTF8     | C.UTF-8 | C.UTF-8 | =c/postgres          +|
|                |              |          |         |         | postgres=CTc/postgres |
| template1      | postgres     | UTF8     | C.UTF-8 | C.UTF-8 | =c/postgres          +|
|                |              |          |         |         | postgres=CTc/postgres |
+----------------+--------------+----------+---------+---------+-----------------------+
(4 rows)

                        List of relations
+--------+-----------------------------+----------+--------------+
| Schema |            Name             |   Type   |    Owner     |
+--------+-----------------------------+----------+--------------+
| public | action_action_is_seq        | sequence | freecodecamp |
| public | actions                     | table    | freecodecamp |
| public | character_actions           | table    | freecodecamp |
| public | characters                  | table    | freecodecamp |
| public | characters_character_id_seq | sequence | freecodecamp |
| public | more_info                   | table    | freecodecamp |
| public | more_info_more_info_id_seq  | sequence | freecodecamp |
| public | sounds                      | table    | freecodecamp |
| public | sounds_sound_id_seq         | sequence | freecodecamp |
+--------+-----------------------------+----------+--------------+
(9 rows)

                               
+--------------+--------+------------------+----------------+
| character_id |  name  |     homeland     | favorite_color |
+--------------+--------+------------------+----------------+
|            2 | Luigi  | Mushroom Kingdom | Green          |
|            3 | Peach  | Mushroom Kingdom | Pink           |
|            7 | Yoshi  | Dinosaur Land    | Green          |
|            6 | Daisy  | Sarasaland       | Orange         |
|            1 | Mario  | Mushroom Kingdom | Red            |
|            4 | Toad   | Mushroom Kingdom | Blue           |
|            5 | Bowser | Koopa Kingdom    | Yellow         |
+--------------+--------+------------------+----------------+
(7 rows)

                                     
+--------------+------------+--------------+--------------+--------------+
| more_info_id |  birthday  | height_in_cm | weight_in_kg | character_id |
+--------------+------------+--------------+--------------+--------------+
|            1 | 1981-07-09 |          155 |         64.5 |            1 |
|            2 | 1983-07-14 |          175 |         48.8 |            2 |
|            3 | 1985-10-18 |          173 |         52.2 |            3 |
|            4 | 1950-01-10 |           66 |         35.6 |            4 |
|            5 | 1990-10-29 |          258 |        300.0 |            5 |
|            6 | 1989-07-30 |              |              |            6 |
|            7 | 1990-04-13 |          162 |         59.1 |            7 |
+--------------+------------+--------------+--------------+--------------+
(7 rows)

                                                                   
+--------------+--------+------------------+----------------+--------------+------------+--------------+--------------+--------------+
| character_id |  name  |     homeland     | favorite_color | more_info_id |  birthday  | height_in_cm | weight_in_kg | character_id |
+--------------+--------+------------------+----------------+--------------+------------+--------------+--------------+--------------+
|            1 | Mario  | Mushroom Kingdom | Red            |            1 | 1981-07-09 |          155 |         64.5 |            1 |
|            2 | Luigi  | Mushroom Kingdom | Green          |            2 | 1983-07-14 |          175 |         48.8 |            2 |
|            3 | Peach  | Mushroom Kingdom | Pink           |            3 | 1985-10-18 |          173 |         52.2 |            3 |
|            4 | Toad   | Mushroom Kingdom | Blue           |            4 | 1950-01-10 |           66 |         35.6 |            4 |
|            5 | Bowser | Koopa Kingdom    | Yellow         |            5 | 1990-10-29 |          258 |        300.0 |            5 |
|            6 | Daisy  | Sarasaland       | Orange         |            6 | 1989-07-30 |              |              |            6 |
|            7 | Yoshi  | Dinosaur Land    | Green          |            7 | 1990-04-13 |          162 |         59.1 |            7 |
+--------------+--------+------------------+----------------+--------------+------------+--------------+--------------+--------------+
(7 rows)

                                                   
+--------------+--------+------------------+----------------+----------+--------------+--------------+
| character_id |  name  |     homeland     | favorite_color | sound_id |   filename   | character_id |
+--------------+--------+------------------+----------------+----------+--------------+--------------+
|            1 | Mario  | Mushroom Kingdom | Red            |        1 | its-a-me.wav |            1 |
|            1 | Mario  | Mushroom Kingdom | Red            |        2 | yippee.wav   |            1 |
|            2 | Luigi  | Mushroom Kingdom | Green          |        3 | ha-ha.wav    |            2 |
|            2 | Luigi  | Mushroom Kingdom | Green          |        4 | oh-yeah.wav  |            2 |
|            3 | Peach  | Mushroom Kingdom | Pink           |        5 | yay.wav      |            3 |
|            3 | Peach  | Mushroom Kingdom | Pink           |        6 | woo-hoo.wav  |            3 |
|            3 | Peach  | Mushroom Kingdom | Pink           |        7 | mm-hmm.wav   |            3 |
|            1 | Mario  | Mushroom Kingdom | Red            |        8 | yahoo.wav    |            1 |
|            5 | Bowser | Koopa Kingdom    | Yellow         |          |              |              |
|            6 | Daisy  | Sarasaland       | Orange         |          |              |              |
|            4 | Toad   | Mushroom Kingdom | Blue           |          |              |              |
|            7 | Yoshi  | Dinosaur Land    | Green          |          |              |              |
+--------------+--------+------------------+----------------+----------+--------------+--------------+
(12 rows)

                                                       
+--------------+-----------+--------------+--------+------------------+----------------+-----------+--------+
| character_id | action_id | character_id |  name  |     homeland     | favorite_color | action_id | action |
+--------------+-----------+--------------+--------+------------------+----------------+-----------+--------+
|            7 |         1 |            7 | Yoshi  | Dinosaur Land    | Green          |         1 | run    |
|            7 |         2 |            7 | Yoshi  | Dinosaur Land    | Green          |         2 | jump   |
|            7 |         3 |            7 | Yoshi  | Dinosaur Land    | Green          |         3 | duck   |
|            6 |         1 |            6 | Daisy  | Sarasaland       | Orange         |         1 | run    |
|            6 |         2 |            6 | Daisy  | Sarasaland       | Orange         |         2 | jump   |
|            6 |         3 |            6 | Daisy  | Sarasaland       | Orange         |         3 | duck   |
|            5 |         1 |            5 | Bowser | Koopa Kingdom    | Yellow         |         1 | run    |
|            5 |         2 |            5 | Bowser | Koopa Kingdom    | Yellow         |         2 | jump   |
|            5 |         3 |            5 | Bowser | Koopa Kingdom    | Yellow         |         3 | duck   |
|            4 |         1 |            4 | Toad   | Mushroom Kingdom | Blue           |         1 | run    |
|            4 |         2 |            4 | Toad   | Mushroom Kingdom | Blue           |         2 | jump   |
|            4 |         3 |            4 | Toad   | Mushroom Kingdom | Blue           |         3 | duck   |
|            3 |         1 |            3 | Peach  | Mushroom Kingdom | Pink           |         1 | run    |
|            3 |         2 |            3 | Peach  | Mushroom Kingdom | Pink           |         2 | jump   |
|            3 |         3 |            3 | Peach  | Mushroom Kingdom | Pink           |         3 | duck   |
|            2 |         1 |            2 | Luigi  | Mushroom Kingdom | Green          |         1 | run    |
|            2 |         2 |            2 | Luigi  | Mushroom Kingdom | Green          |         2 | jump   |
|            2 |         3 |            2 | Luigi  | Mushroom Kingdom | Green          |         3 | duck   |
|            1 |         1 |            1 | Mario  | Mushroom Kingdom | Red            |         1 | run    |
|            1 |         2 |            1 | Mario  | Mushroom Kingdom | Red            |         2 | jump   |
|            1 |         3 |            1 | Mario  | Mushroom Kingdom | Red            |         3 | duck   |
+--------------+-----------+--------------+--------+------------------+----------------+-----------+--------+
(21 rows)

