2024-05-29 04:25:26.398 [info] Extension host with pid 3520 started
2024-05-29 04:25:26.398 [error] Error: EEXIST: file already exists, open '/workspace/.vscode-remote/data/User/workspaceStorage/-d39fb5d/vscode.lock'
2024-05-29 04:25:26.403 [info] Lock '/workspace/.vscode-remote/data/User/workspaceStorage/-d39fb5d/vscode.lock': Could not acquire lock, checking if the file is stale.
2024-05-29 04:25:26.404 [info] Lock '/workspace/.vscode-remote/data/User/workspaceStorage/-d39fb5d/vscode.lock': The pid 457 appears to be gone.
2024-05-29 04:25:26.404 [info] Lock '/workspace/.vscode-remote/data/User/workspaceStorage/-d39fb5d/vscode.lock': Deleting a stale lock.
2024-05-29 04:25:26.415 [info] Lock '/workspace/.vscode-remote/data/User/workspaceStorage/-d39fb5d/vscode.lock': Lock acquired.
2024-05-29 04:25:26.702 [info] ExtensionService#_doActivateExtension gitpod.gitpod-web, startup: false, activationEvent: 'onAuthenticationRequest:gitpod'
2024-05-29 04:25:27.611 [info] ExtensionService#_doActivateExtension vscode.git-base, startup: true, activationEvent: '*', root cause: vscode.git
2024-05-29 04:25:27.890 [info] ExtensionService#_doActivateExtension vscode.git, startup: true, activationEvent: '*'
2024-05-29 04:25:27.890 [info] ExtensionService#_doActivateExtension vscode.github, startup: true, activationEvent: '*'
2024-05-29 04:25:29.987 [info] Eager extensions activated
2024-05-29 04:25:29.988 [info] ExtensionService#_doActivateExtension vscode.debug-auto-launch, startup: false, activationEvent: 'onStartupFinished'
2024-05-29 04:25:29.988 [info] ExtensionService#_doActivateExtension vscode.merge-conflict, startup: false, activationEvent: 'onStartupFinished'
2024-05-29 04:25:29.989 [info] ExtensionService#_doActivateExtension vscode.github-authentication, startup: false, activationEvent: 'onStartupFinished', root cause: GitHub.vscode-pull-request-github
2024-05-29 04:25:30.292 [info] ExtensionService#_doActivateExtension GitHub.vscode-pull-request-github, startup: false, activationEvent: 'onStartupFinished'
2024-05-29 04:25:30.688 [info] ExtensionService#_doActivateExtension vscode.json-language-features, startup: false, activationEvent: 'onLanguage:jsonc'
2024-05-29 04:25:30.688 [info] ExtensionService#_doActivateExtension vscode.typescript-language-features, startup: false, activationEvent: 'onLanguage:jsonc'
2024-05-29 04:25:30.689 [info] ExtensionService#_doActivateExtension vscode.emmet, startup: false, activationEvent: 'onLanguage'
2024-05-29 04:25:31.399 [info] ExtensionService#_doActivateExtension CodeRoad.coderoad, startup: false, activationEvent: 'onCommand:coderoad.start'
2024-05-29 04:38:38.152 [error] Error: Command failed: git commit -am 'Save progress: 810.1'

	at ChildProcess.exithandler (node:child_process:422:12)
	at ChildProcess.emit (node:events:517:28)
	at maybeClose (node:internal/child_process:1098:16)
	at ChildProcess._handle.onexit (node:internal/child_process:303:5)
2024-05-29 04:44:08.395 [error] Error: Command failed: git commit -am 'Save progress: 820.1'

	at ChildProcess.exithandler (node:child_process:422:12)
	at ChildProcess.emit (node:events:517:28)
	at maybeClose (node:internal/child_process:1098:16)
	at ChildProcess._handle.onexit (node:internal/child_process:303:5)
2024-05-29 04:44:20.217 [error] Error: Command failed: git commit -am 'Save progress: 830.1'

	at ChildProcess.exithandler (node:child_process:422:12)
	at ChildProcess.emit (node:events:517:28)
	at maybeClose (node:internal/child_process:1098:16)
	at ChildProcess._handle.onexit (node:internal/child_process:303:5)
2024-05-29 04:45:07.031 [error] Error: Command failed: git commit -am 'Save progress: 840.1'

	at ChildProcess.exithandler (node:child_process:422:12)
	at ChildProcess.emit (node:events:517:28)
	at maybeClose (node:internal/child_process:1098:16)
	at ChildProcess._handle.onexit (node:internal/child_process:303:5)
2024-05-29 04:45:18.479 [error] Error: Command failed: git commit -am 'Save progress: 850.1'

	at ChildProcess.exithandler (node:child_process:422:12)
	at ChildProcess.emit (node:events:517:28)
	at maybeClose (node:internal/child_process:1098:16)
	at Socket.<anonymous> (node:internal/child_process:450:11)
	at Socket.emit (node:events:517:28)
	at Pipe.<anonymous> (node:net:350:12)
2024-05-29 04:45:52.366 [error] Error: Command failed: git commit -am 'Save progress: 860.1'

	at ChildProcess.exithandler (node:child_process:422:12)
	at ChildProcess.emit (node:events:517:28)
	at maybeClose (node:internal/child_process:1098:16)
	at ChildProcess._handle.onexit (node:internal/child_process:303:5)
2024-05-29 04:46:01.586 [error] Error: Command failed: git commit -am 'Save progress: 870.1'

	at ChildProcess.exithandler (node:child_process:422:12)
	at ChildProcess.emit (node:events:517:28)
	at maybeClose (node:internal/child_process:1098:16)
	at ChildProcess._handle.onexit (node:internal/child_process:303:5)
2024-05-29 04:47:09.785 [error] Error: Command failed: git commit -am 'Save progress: 880.1'

	at ChildProcess.exithandler (node:child_process:422:12)
	at ChildProcess.emit (node:events:517:28)
	at maybeClose (node:internal/child_process:1098:16)
	at ChildProcess._handle.onexit (node:internal/child_process:303:5)
2024-05-29 04:48:00.997 [error] Error: Command failed: git commit -am 'Save progress: 890.1'

	at ChildProcess.exithandler (node:child_process:422:12)
	at ChildProcess.emit (node:events:517:28)
	at maybeClose (node:internal/child_process:1098:16)
	at ChildProcess._handle.onexit (node:internal/child_process:303:5)
2024-05-29 04:48:32.302 [error] Error: Command failed: git commit -am 'Save progress: 895.1'

	at ChildProcess.exithandler (node:child_process:422:12)
	at ChildProcess.emit (node:events:517:28)
	at maybeClose (node:internal/child_process:1098:16)
	at ChildProcess._handle.onexit (node:internal/child_process:303:5)
2024-05-29 04:48:48.001 [error] Error: Command failed: git commit -am 'Save progress: 900.1'

	at ChildProcess.exithandler (node:child_process:422:12)
	at ChildProcess.emit (node:events:517:28)
	at maybeClose (node:internal/child_process:1098:16)
	at ChildProcess._handle.onexit (node:internal/child_process:303:5)
2024-05-29 04:49:30.845 [error] Error: Command failed: git commit -am 'Save progress: 910.1'

	at ChildProcess.exithandler (node:child_process:422:12)
	at ChildProcess.emit (node:events:517:28)
	at maybeClose (node:internal/child_process:1098:16)
	at ChildProcess._handle.onexit (node:internal/child_process:303:5)
2024-05-29 04:50:07.968 [error] Error: Command failed: git commit -am 'Save progress: 920.1'

	at ChildProcess.exithandler (node:child_process:422:12)
	at ChildProcess.emit (node:events:517:28)
	at maybeClose (node:internal/child_process:1098:16)
	at ChildProcess._handle.onexit (node:internal/child_process:303:5)
2024-05-29 04:51:09.915 [error] Error: Command failed: git commit -am 'Save progress: 930.1'

	at ChildProcess.exithandler (node:child_process:422:12)
	at ChildProcess.emit (node:events:517:28)
	at maybeClose (node:internal/child_process:1098:16)
	at ChildProcess._handle.onexit (node:internal/child_process:303:5)
2024-05-29 04:51:21.465 [error] Error: Command failed: git commit -am 'Save progress: 940.1'

	at ChildProcess.exithandler (node:child_process:422:12)
	at ChildProcess.emit (node:events:517:28)
	at maybeClose (node:internal/child_process:1098:16)
	at ChildProcess._handle.onexit (node:internal/child_process:303:5)
2024-05-29 04:56:05.264 [error] Error: Command failed: git commit -am 'Save progress: 950.1'

	at ChildProcess.exithandler (node:child_process:422:12)
	at ChildProcess.emit (node:events:517:28)
	at maybeClose (node:internal/child_process:1098:16)
	at ChildProcess._handle.onexit (node:internal/child_process:303:5)
2024-05-29 04:56:41.167 [error] Error: Command failed: git commit -am 'Save progress: 960.1'

	at ChildProcess.exithandler (node:child_process:422:12)
	at ChildProcess.emit (node:events:517:28)
	at maybeClose (node:internal/child_process:1098:16)
	at ChildProcess._handle.onexit (node:internal/child_process:303:5)
2024-05-29 05:00:06.144 [warning] vscode.json-language-features - Code actions of kind 'source.fixAll 'requested but returned code action is of kind 'source.sort.json'. Code action will be dropped. Please check 'CodeActionContext.only' to only return requested code actions.
2024-05-29 05:00:19.162 [warning] vscode.json-language-features - Code actions of kind 'source.fixAll 'requested but returned code action is of kind 'source.sort.json'. Code action will be dropped. Please check 'CodeActionContext.only' to only return requested code actions.
2024-05-29 05:00:23.992 [warning] vscode.json-language-features - Code actions of kind 'source.fixAll 'requested but returned code action is of kind 'source.sort.json'. Code action will be dropped. Please check 'CodeActionContext.only' to only return requested code actions.
2024-05-29 05:00:33.875 [warning] vscode.json-language-features - Code actions of kind 'source.fixAll 'requested but returned code action is of kind 'source.sort.json'. Code action will be dropped. Please check 'CodeActionContext.only' to only return requested code actions.
2024-05-29 05:01:40.737 [warning] vscode.json-language-features - Code actions of kind 'source.fixAll 'requested but returned code action is of kind 'source.sort.json'. Code action will be dropped. Please check 'CodeActionContext.only' to only return requested code actions.
2024-05-29 05:07:30.868 [error] Error: Command failed: git commit -am 'Save progress: 980.1'

	at ChildProcess.exithandler (node:child_process:422:12)
	at ChildProcess.emit (node:events:517:28)
	at maybeClose (node:internal/child_process:1098:16)
	at ChildProcess._handle.onexit (node:internal/child_process:303:5)
2024-05-29 05:08:19.924 [error] Error: Command failed: git commit -am 'Save progress: 990.1'

	at ChildProcess.exithandler (node:child_process:422:12)
	at ChildProcess.emit (node:events:517:28)
	at maybeClose (node:internal/child_process:1098:16)
	at ChildProcess._handle.onexit (node:internal/child_process:303:5)
2024-05-29 05:09:25.415 [error] Error: Command failed: git commit -am 'Save progress: 1000.1'

	at ChildProcess.exithandler (node:child_process:422:12)
	at ChildProcess.emit (node:events:517:28)
	at maybeClose (node:internal/child_process:1098:16)
	at ChildProcess._handle.onexit (node:internal/child_process:303:5)
2024-05-29 05:09:54.756 [error] Error: Command failed: git commit -am 'Save progress: 1010.1'

	at ChildProcess.exithandler (node:child_process:422:12)
	at ChildProcess.emit (node:events:517:28)
	at maybeClose (node:internal/child_process:1098:16)
	at ChildProcess._handle.onexit (node:internal/child_process:303:5)
2024-05-29 05:15:32.982 [error] Error: Command failed: git commit -am 'Save progress: 1020.1'

	at ChildProcess.exithandler (node:child_process:422:12)
	at ChildProcess.emit (node:events:517:28)
	at maybeClose (node:internal/child_process:1098:16)
	at ChildProcess._handle.onexit (node:internal/child_process:303:5)
2024-05-29 05:16:03.984 [error] Error: Command failed: git commit -am 'Save progress: 1030.1'

	at ChildProcess.exithandler (node:child_process:422:12)
	at ChildProcess.emit (node:events:517:28)
	at maybeClose (node:internal/child_process:1098:16)
	at ChildProcess._handle.onexit (node:internal/child_process:303:5)
2024-05-29 05:18:16.036 [error] Error: Command failed: git commit -am 'Save progress: 1040.1'

	at ChildProcess.exithandler (node:child_process:422:12)
	at ChildProcess.emit (node:events:517:28)
	at maybeClose (node:internal/child_process:1098:16)
	at ChildProcess._handle.onexit (node:internal/child_process:303:5)
2024-05-29 05:19:05.220 [error] Error: Command failed: git commit -am 'Save progress: 1050.1'

	at ChildProcess.exithandler (node:child_process:422:12)
	at ChildProcess.emit (node:events:517:28)
	at maybeClose (node:internal/child_process:1098:16)
	at ChildProcess._handle.onexit (node:internal/child_process:303:5)
2024-05-29 05:19:12.804 [error] Error: Command failed: git commit -am 'Save progress: 1060.1'

	at ChildProcess.exithandler (node:child_process:422:12)
	at ChildProcess.emit (node:events:517:28)
	at maybeClose (node:internal/child_process:1098:16)
	at ChildProcess._handle.onexit (node:internal/child_process:303:5)
2024-05-29 05:21:00.122 [error] Error: Command failed: git commit -am 'Save progress: 1070.1'

	at ChildProcess.exithandler (node:child_process:422:12)
	at ChildProcess.emit (node:events:517:28)
	at maybeClose (node:internal/child_process:1098:16)
	at ChildProcess._handle.onexit (node:internal/child_process:303:5)
2024-05-29 05:21:52.337 [error] Error: Command failed: git commit -am 'Save progress: 1080.1'

	at ChildProcess.exithandler (node:child_process:422:12)
	at ChildProcess.emit (node:events:517:28)
	at maybeClose (node:internal/child_process:1098:16)
	at ChildProcess._handle.onexit (node:internal/child_process:303:5)
2024-05-29 05:23:37.510 [error] Error: Command failed: git commit -am 'Save progress: 1090.1'

	at ChildProcess.exithandler (node:child_process:422:12)
	at ChildProcess.emit (node:events:517:28)
	at maybeClose (node:internal/child_process:1098:16)
	at ChildProcess._handle.onexit (node:internal/child_process:303:5)
2024-05-29 05:26:07.456 [error] Error: Command failed: git commit -am 'Save progress: 1100.1'

	at ChildProcess.exithandler (node:child_process:422:12)
	at ChildProcess.emit (node:events:517:28)
	at maybeClose (node:internal/child_process:1098:16)
	at ChildProcess._handle.onexit (node:internal/child_process:303:5)
2024-05-29 05:26:36.276 [error] Error: Command failed: git commit -am 'Save progress: 1110.1'

	at ChildProcess.exithandler (node:child_process:422:12)
	at ChildProcess.emit (node:events:517:28)
	at maybeClose (node:internal/child_process:1098:16)
	at ChildProcess._handle.onexit (node:internal/child_process:303:5)
2024-05-29 05:27:03.579 [error] Error: Command failed: git commit -am 'Save progress: 1120.1'

	at ChildProcess.exithandler (node:child_process:422:12)
	at ChildProcess.emit (node:events:517:28)
	at maybeClose (node:internal/child_process:1098:16)
	at ChildProcess._handle.onexit (node:internal/child_process:303:5)
2024-05-29 05:27:44.720 [error] Error: Command failed: git commit -am 'Save progress: 1130.1'

	at ChildProcess.exithandler (node:child_process:422:12)
	at ChildProcess.emit (node:events:517:28)
	at maybeClose (node:internal/child_process:1098:16)
	at ChildProcess._handle.onexit (node:internal/child_process:303:5)
2024-05-29 05:28:16.820 [error] Error: Command failed: git commit -am 'Save progress: 1140.1'

	at ChildProcess.exithandler (node:child_process:422:12)
	at ChildProcess.emit (node:events:517:28)
	at maybeClose (node:internal/child_process:1098:16)
	at ChildProcess._handle.onexit (node:internal/child_process:303:5)
2024-05-29 05:29:14.162 [error] Error: Command failed: git commit -am 'Save progress: 1150.1'

	at ChildProcess.exithandler (node:child_process:422:12)
	at ChildProcess.emit (node:events:517:28)
	at maybeClose (node:internal/child_process:1098:16)
	at ChildProcess._handle.onexit (node:internal/child_process:303:5)
2024-05-29 05:29:23.043 [error] Error: Command failed: git commit -am 'Save progress: 1160.1'

	at ChildProcess.exithandler (node:child_process:422:12)
	at ChildProcess.emit (node:events:517:28)
	at maybeClose (node:internal/child_process:1098:16)
	at ChildProcess._handle.onexit (node:internal/child_process:303:5)
2024-05-29 05:29:53.488 [error] Error: Command failed: git commit -am 'Save progress: 1170.1'

	at ChildProcess.exithandler (node:child_process:422:12)
	at ChildProcess.emit (node:events:517:28)
	at maybeClose (node:internal/child_process:1098:16)
	at ChildProcess._handle.onexit (node:internal/child_process:303:5)
2024-05-29 05:30:33.029 [error] Error: Command failed: git commit -am 'Save progress: 1180.1'

	at ChildProcess.exithandler (node:child_process:422:12)
	at ChildProcess.emit (node:events:517:28)
	at maybeClose (node:internal/child_process:1098:16)
	at ChildProcess._handle.onexit (node:internal/child_process:303:5)
2024-05-29 05:30:42.103 [error] Error: Command failed: git commit -am 'Save progress: 1190.1'

	at ChildProcess.exithandler (node:child_process:422:12)
	at ChildProcess.emit (node:events:517:28)
	at maybeClose (node:internal/child_process:1098:16)
	at ChildProcess._handle.onexit (node:internal/child_process:303:5)
2024-05-29 05:32:30.259 [error] Error: Command failed: git commit -am 'Save progress: 1200.1'

	at ChildProcess.exithandler (node:child_process:422:12)
	at ChildProcess.emit (node:events:517:28)
	at maybeClose (node:internal/child_process:1098:16)
	at ChildProcess._handle.onexit (node:internal/child_process:303:5)
2024-05-29 05:33:00.426 [error] Error: Command failed: git commit -am 'Save progress: 1210.1'

	at ChildProcess.exithandler (node:child_process:422:12)
	at ChildProcess.emit (node:events:517:28)
	at maybeClose (node:internal/child_process:1098:16)
	at ChildProcess._handle.onexit (node:internal/child_process:303:5)
2024-05-29 05:33:14.503 [error] Error: Command failed: git commit -am 'Save progress: 1230.1'

	at ChildProcess.exithandler (node:child_process:422:12)
	at ChildProcess.emit (node:events:517:28)
	at maybeClose (node:internal/child_process:1098:16)
	at ChildProcess._handle.onexit (node:internal/child_process:303:5)
2024-05-29 05:37:13.405 [error] Error: Command failed: git commit -am 'Save progress: 1240.1'

	at ChildProcess.exithandler (node:child_process:422:12)
	at ChildProcess.emit (node:events:517:28)
	at maybeClose (node:internal/child_process:1098:16)
	at ChildProcess._handle.onexit (node:internal/child_process:303:5)
2024-05-29 05:37:22.509 [error] Error: Command failed: git commit -am 'Save progress: 1260.1'

	at ChildProcess.exithandler (node:child_process:422:12)
	at ChildProcess.emit (node:events:517:28)
	at maybeClose (node:internal/child_process:1098:16)
	at ChildProcess._handle.onexit (node:internal/child_process:303:5)
2024-05-29 05:38:40.915 [error] Error: Command failed: git commit -am 'Save progress: 1270.1'

	at ChildProcess.exithandler (node:child_process:422:12)
	at ChildProcess.emit (node:events:517:28)
	at maybeClose (node:internal/child_process:1098:16)
	at ChildProcess._handle.onexit (node:internal/child_process:303:5)
2024-05-29 05:40:44.464 [error] Error: Command failed: git commit -am 'Save progress: 1280.1'

	at ChildProcess.exithandler (node:child_process:422:12)
	at ChildProcess.emit (node:events:517:28)
	at maybeClose (node:internal/child_process:1098:16)
	at ChildProcess._handle.onexit (node:internal/child_process:303:5)
2024-05-29 05:44:26.700 [error] Error: Command failed: git commit -am 'Save progress: 1290.1'

	at ChildProcess.exithandler (node:child_process:422:12)
	at ChildProcess.emit (node:events:517:28)
	at maybeClose (node:internal/child_process:1098:16)
	at ChildProcess._handle.onexit (node:internal/child_process:303:5)
2024-05-29 05:45:09.160 [error] Error: Command failed: git commit -am 'Save progress: 1300.1'

	at ChildProcess.exithandler (node:child_process:422:12)
	at ChildProcess.emit (node:events:517:28)
	at maybeClose (node:internal/child_process:1098:16)
	at ChildProcess._handle.onexit (node:internal/child_process:303:5)
2024-05-29 05:46:51.275 [error] Error: Command failed: git commit -am 'Save progress: 1310.1'

	at ChildProcess.exithandler (node:child_process:422:12)
	at ChildProcess.emit (node:events:517:28)
	at maybeClose (node:internal/child_process:1098:16)
	at ChildProcess._handle.onexit (node:internal/child_process:303:5)
2024-05-29 05:47:13.773 [error] Error: Command failed: git commit -am 'Save progress: 1320.1'

	at ChildProcess.exithandler (node:child_process:422:12)
	at ChildProcess.emit (node:events:517:28)
	at maybeClose (node:internal/child_process:1098:16)
	at ChildProcess._handle.onexit (node:internal/child_process:303:5)
2024-05-29 05:47:45.877 [error] Error: Command failed: git commit -am 'Save progress: 1330.1'

	at ChildProcess.exithandler (node:child_process:422:12)
	at ChildProcess.emit (node:events:517:28)
	at maybeClose (node:internal/child_process:1098:16)
	at ChildProcess._handle.onexit (node:internal/child_process:303:5)
2024-05-29 05:48:11.727 [error] Error: Command failed: git commit -am 'Save progress: 1340.1'

	at ChildProcess.exithandler (node:child_process:422:12)
	at ChildProcess.emit (node:events:517:28)
	at maybeClose (node:internal/child_process:1098:16)
	at ChildProcess._handle.onexit (node:internal/child_process:303:5)
2024-05-29 05:49:06.320 [error] Error: Command failed: git commit -am 'Save progress: 1350.1'

	at ChildProcess.exithandler (node:child_process:422:12)
	at ChildProcess.emit (node:events:517:28)
	at maybeClose (node:internal/child_process:1098:16)
	at ChildProcess._handle.onexit (node:internal/child_process:303:5)
2024-05-29 05:50:42.922 [error] Error: Command failed: git commit -am 'Save progress: 1360.1'

	at ChildProcess.exithandler (node:child_process:422:12)
	at ChildProcess.emit (node:events:517:28)
	at maybeClose (node:internal/child_process:1098:16)
	at ChildProcess._handle.onexit (node:internal/child_process:303:5)
2024-05-29 05:50:58.736 [error] Error: Command failed: git commit -am 'Save progress: 1370.1'

	at ChildProcess.exithandler (node:child_process:422:12)
	at ChildProcess.emit (node:events:517:28)
	at maybeClose (node:internal/child_process:1098:16)
	at ChildProcess._handle.onexit (node:internal/child_process:303:5)
2024-05-29 05:53:47.210 [error] Error: Command failed: git commit -am 'Save progress: 1380.1'

	at ChildProcess.exithandler (node:child_process:422:12)
	at ChildProcess.emit (node:events:517:28)
	at maybeClose (node:internal/child_process:1098:16)
	at ChildProcess._handle.onexit (node:internal/child_process:303:5)
2024-05-29 05:54:31.343 [error] Error: Command failed: git commit -am 'Save progress: 1390.1'

	at ChildProcess.exithandler (node:child_process:422:12)
	at ChildProcess.emit (node:events:517:28)
	at maybeClose (node:internal/child_process:1098:16)
	at ChildProcess._handle.onexit (node:internal/child_process:303:5)
2024-05-29 05:55:31.135 [error] Error: Command failed: git commit -am 'Save progress: 1400.1'

	at ChildProcess.exithandler (node:child_process:422:12)
	at ChildProcess.emit (node:events:517:28)
	at maybeClose (node:internal/child_process:1098:16)
	at ChildProcess._handle.onexit (node:internal/child_process:303:5)
2024-05-29 05:55:44.743 [error] Error: Command failed: git commit -am 'Save progress: 1410.1'

	at ChildProcess.exithandler (node:child_process:422:12)
	at ChildProcess.emit (node:events:517:28)
	at maybeClose (node:internal/child_process:1098:16)
	at ChildProcess._handle.onexit (node:internal/child_process:303:5)
2024-05-29 05:55:56.539 [error] Error: Command failed: git commit -am 'Save progress: 1420.1'

	at ChildProcess.exithandler (node:child_process:422:12)
	at ChildProcess.emit (node:events:517:28)
	at maybeClose (node:internal/child_process:1098:16)
	at ChildProcess._handle.onexit (node:internal/child_process:303:5)
2024-05-29 05:56:17.515 [error] Error: Command failed: git commit -am 'Save progress: 1430.1'

	at ChildProcess.exithandler (node:child_process:422:12)
	at ChildProcess.emit (node:events:517:28)
	at maybeClose (node:internal/child_process:1098:16)
	at ChildProcess._handle.onexit (node:internal/child_process:303:5)
2024-05-29 05:57:04.593 [error] Error: Command failed: git commit -am 'Save progress: 1440.1'

	at ChildProcess.exithandler (node:child_process:422:12)
	at ChildProcess.emit (node:events:517:28)
	at maybeClose (node:internal/child_process:1098:16)
	at ChildProcess._handle.onexit (node:internal/child_process:303:5)
2024-05-29 06:01:42.422 [error] Error: Command failed: git commit -am 'Save progress: 1450.1'

	at ChildProcess.exithandler (node:child_process:422:12)
	at ChildProcess.emit (node:events:517:28)
	at maybeClose (node:internal/child_process:1098:16)
	at ChildProcess._handle.onexit (node:internal/child_process:303:5)
2024-05-29 06:03:39.816 [error] Error: Command failed: git commit -am 'Save progress: 1460.1'

	at ChildProcess.exithandler (node:child_process:422:12)
	at ChildProcess.emit (node:events:517:28)
	at maybeClose (node:internal/child_process:1098:16)
	at ChildProcess._handle.onexit (node:internal/child_process:303:5)
2024-05-29 06:04:05.837 [error] Error: Command failed: git commit -am 'Save progress: 1470.1'

	at ChildProcess.exithandler (node:child_process:422:12)
	at ChildProcess.emit (node:events:517:28)
	at maybeClose (node:internal/child_process:1098:16)
	at ChildProcess._handle.onexit (node:internal/child_process:303:5)
2024-05-29 06:04:44.602 [error] Error: Command failed: git commit -am 'Save progress: 1480.1'

	at ChildProcess.exithandler (node:child_process:422:12)
	at ChildProcess.emit (node:events:517:28)
	at maybeClose (node:internal/child_process:1098:16)
	at ChildProcess._handle.onexit (node:internal/child_process:303:5)
2024-05-29 06:05:56.524 [error] Error: Command failed: git commit -am 'Save progress: 1500.1'

	at ChildProcess.exithandler (node:child_process:422:12)
	at ChildProcess.emit (node:events:517:28)
	at maybeClose (node:internal/child_process:1098:16)
	at ChildProcess._handle.onexit (node:internal/child_process:303:5)
2024-05-29 06:06:13.627 [error] Error: Command failed: git commit -am 'Save progress: 1510.1'

	at ChildProcess.exithandler (node:child_process:422:12)
	at ChildProcess.emit (node:events:517:28)
	at maybeClose (node:internal/child_process:1098:16)
	at ChildProcess._handle.onexit (node:internal/child_process:303:5)
2024-05-29 06:09:48.769 [error] Error: Command failed: git commit -am 'Save progress: 1520.1'

	at ChildProcess.exithandler (node:child_process:422:12)
	at ChildProcess.emit (node:events:517:28)
	at maybeClose (node:internal/child_process:1098:16)
	at ChildProcess._handle.onexit (node:internal/child_process:303:5)
2024-05-29 06:10:40.914 [error] Error: Command failed: git commit -am 'Save progress: 1530.1'

	at ChildProcess.exithandler (node:child_process:422:12)
	at ChildProcess.emit (node:events:517:28)
	at maybeClose (node:internal/child_process:1098:16)
	at ChildProcess._handle.onexit (node:internal/child_process:303:5)
2024-05-29 06:12:46.115 [error] Error: Command failed: git commit -am 'Save progress: 1540.1'

	at ChildProcess.exithandler (node:child_process:422:12)
	at ChildProcess.emit (node:events:517:28)
	at maybeClose (node:internal/child_process:1098:16)
	at ChildProcess._handle.onexit (node:internal/child_process:303:5)
2024-05-29 06:13:57.483 [error] Error: Command failed: git commit -am 'Save progress: 1550.1'

	at ChildProcess.exithandler (node:child_process:422:12)
	at ChildProcess.emit (node:events:517:28)
	at maybeClose (node:internal/child_process:1098:16)
	at ChildProcess._handle.onexit (node:internal/child_process:303:5)
2024-05-29 06:14:38.338 [error] Error: Command failed: git commit -am 'Save progress: 1560.1'

	at ChildProcess.exithandler (node:child_process:422:12)
	at ChildProcess.emit (node:events:517:28)
	at maybeClose (node:internal/child_process:1098:16)
	at ChildProcess._handle.onexit (node:internal/child_process:303:5)
2024-05-29 06:15:00.755 [error] Error: Command failed: git commit -am 'Save progress: 1570.1'

	at ChildProcess.exithandler (node:child_process:422:12)
	at ChildProcess.emit (node:events:517:28)
	at maybeClose (node:internal/child_process:1098:16)
	at ChildProcess._handle.onexit (node:internal/child_process:303:5)
2024-05-29 06:15:18.103 [error] Error: Command failed: git commit -am 'Save progress: 1580.1'

	at ChildProcess.exithandler (node:child_process:422:12)
	at ChildProcess.emit (node:events:517:28)
	at maybeClose (node:internal/child_process:1098:16)
	at ChildProcess._handle.onexit (node:internal/child_process:303:5)
2024-05-29 06:15:40.136 [error] Error: Command failed: git commit -am 'Save progress: 1590.1'

	at ChildProcess.exithandler (node:child_process:422:12)
	at ChildProcess.emit (node:events:517:28)
	at maybeClose (node:internal/child_process:1098:16)
	at ChildProcess._handle.onexit (node:internal/child_process:303:5)
2024-05-29 06:16:00.766 [error] Error: Command failed: git commit -am 'Save progress: 1600.1'

	at ChildProcess.exithandler (node:child_process:422:12)
	at ChildProcess.emit (node:events:517:28)
	at maybeClose (node:internal/child_process:1098:16)
	at ChildProcess._handle.onexit (node:internal/child_process:303:5)
2024-05-29 06:16:16.375 [error] Error: Command failed: git commit -am 'Save progress: 1610.1'

	at ChildProcess.exithandler (node:child_process:422:12)
	at ChildProcess.emit (node:events:517:28)
	at maybeClose (node:internal/child_process:1098:16)
	at ChildProcess._handle.onexit (node:internal/child_process:303:5)
2024-05-29 06:16:50.270 [error] Error: Command failed: git commit -am 'Save progress: 1620.1'

	at ChildProcess.exithandler (node:child_process:422:12)
	at ChildProcess.emit (node:events:517:28)
	at maybeClose (node:internal/child_process:1098:16)
	at ChildProcess._handle.onexit (node:internal/child_process:303:5)
2024-05-29 06:17:08.526 [info] ExtensionService#_doActivateExtension vscode.npm, startup: false, activationEvent: 'onTerminalQuickFixRequest:ms-vscode.npm-command'
2024-05-29 06:17:58.909 [error] Error: Command failed: git commit -am 'Save progress: 1640.1'

	at ChildProcess.exithandler (node:child_process:422:12)
	at ChildProcess.emit (node:events:517:28)
	at maybeClose (node:internal/child_process:1098:16)
	at ChildProcess._handle.onexit (node:internal/child_process:303:5)
2024-05-29 06:18:13.039 [error] Error: Command failed: git commit -am 'Save progress: 1650.1'

	at ChildProcess.exithandler (node:child_process:422:12)
	at ChildProcess.emit (node:events:517:28)
	at maybeClose (node:internal/child_process:1098:16)
	at ChildProcess._handle.onexit (node:internal/child_process:303:5)
2024-05-29 06:24:59.641 [error] Error: Command failed: git commit -am 'Save progress: 1660.1'

	at ChildProcess.exithandler (node:child_process:422:12)
	at ChildProcess.emit (node:events:517:28)
	at maybeClose (node:internal/child_process:1098:16)
	at ChildProcess._handle.onexit (node:internal/child_process:303:5)
2024-05-29 06:26:54.171 [error] Error: Command failed: git commit -am 'Save progress: 1670.1'

	at ChildProcess.exithandler (node:child_process:422:12)
	at ChildProcess.emit (node:events:517:28)
	at maybeClose (node:internal/child_process:1098:16)
	at ChildProcess._handle.onexit (node:internal/child_process:303:5)
2024-05-29 06:31:06.540 [error] Error: Command failed: git commit -am 'Save progress: 1680.1'

	at ChildProcess.exithandler (node:child_process:422:12)
	at ChildProcess.emit (node:events:517:28)
	at maybeClose (node:internal/child_process:1098:16)
	at ChildProcess._handle.onexit (node:internal/child_process:303:5)
