2024-05-28 15:19:56.577 [info] Extension host with pid 77524 started
2024-05-28 15:19:56.593 [info] Lock '/workspace/.vscode-remote/data/User/workspaceStorage/-d39fb5d/vscode.lock': Lock acquired.
2024-05-28 15:19:58.005 [info] ExtensionService#_doActivateExtension gitpod.gitpod-web, startup: false, activationEvent: 'onAuthenticationRequest:gitpod'
2024-05-28 15:19:58.854 [info] ExtensionService#_doActivateExtension vscode.git-base, startup: true, activationEvent: '*', root cause: vscode.git
2024-05-28 15:19:59.271 [info] ExtensionService#_doActivateExtension vscode.git, startup: true, activationEvent: '*'
2024-05-28 15:19:59.271 [info] ExtensionService#_doActivateExtension vscode.github, startup: true, activationEvent: '*'
2024-05-28 15:19:59.903 [info] ExtensionService#_doActivateExtension redhat.vscode-yaml, startup: false, activationEvent: 'onLanguage:yaml'
2024-05-28 15:19:59.903 [info] ExtensionService#_doActivateExtension vscode.emmet, startup: false, activationEvent: 'onLanguage'
2024-05-28 15:20:00.101 [info] Eager extensions activated
2024-05-28 15:20:00.102 [info] ExtensionService#_doActivateExtension vscode.debug-auto-launch, startup: false, activationEvent: 'onStartupFinished'
2024-05-28 15:20:00.102 [info] ExtensionService#_doActivateExtension vscode.merge-conflict, startup: false, activationEvent: 'onStartupFinished'
2024-05-28 15:20:00.103 [info] ExtensionService#_doActivateExtension vscode.github-authentication, startup: false, activationEvent: 'onStartupFinished', root cause: GitHub.vscode-pull-request-github
2024-05-28 15:20:00.916 [info] ExtensionService#_doActivateExtension GitHub.vscode-pull-request-github, startup: false, activationEvent: 'onStartupFinished'
2024-05-28 15:20:01.235 [warning] [redhat.vscode-yaml] Accessing a resource scoped configuration without providing a resource is not expected. To get the effective value for '[yaml]', provide the URI of a resource or 'null' for any resource.
2024-05-28 15:20:01.237 [warning] [redhat.vscode-yaml] Accessing a resource scoped configuration without providing a resource is not expected. To get the effective value for '[yaml]', provide the URI of a resource or 'null' for any resource.
2024-05-28 15:20:02.454 [info] ExtensionService#_doActivateExtension vscode.json-language-features, startup: false, activationEvent: 'onLanguage:jsonc'
2024-05-28 15:20:02.455 [info] ExtensionService#_doActivateExtension vscode.typescript-language-features, startup: false, activationEvent: 'onLanguage:jsonc'
2024-05-28 15:20:36.850 [warning] [redhat.vscode-yaml] Accessing a resource scoped configuration without providing a resource is not expected. To get the effective value for '[yaml]', provide the URI of a resource or 'null' for any resource.
2024-05-28 15:20:54.367 [info] ExtensionService#_doActivateExtension CodeRoad.coderoad, startup: false, activationEvent: 'onCommand:coderoad.start'
2024-05-28 15:23:22.798 [error] Error: Command failed: git commit -am 'Save progress: 10.1'

	at ChildProcess.exithandler (node:child_process:422:12)
	at ChildProcess.emit (node:events:517:28)
	at maybeClose (node:internal/child_process:1098:16)
	at ChildProcess._handle.onexit (node:internal/child_process:303:5)
2024-05-28 15:24:45.760 [error] Error: Command failed: git commit -am 'Save progress: 30.1'

	at ChildProcess.exithandler (node:child_process:422:12)
	at ChildProcess.emit (node:events:517:28)
	at maybeClose (node:internal/child_process:1098:16)
	at ChildProcess._handle.onexit (node:internal/child_process:303:5)
2024-05-28 15:25:26.109 [error] Error: Command failed: git commit -am 'Save progress: 40.1'

	at ChildProcess.exithandler (node:child_process:422:12)
	at ChildProcess.emit (node:events:517:28)
	at maybeClose (node:internal/child_process:1098:16)
	at ChildProcess._handle.onexit (node:internal/child_process:303:5)
2024-05-28 15:25:39.760 [error] Error: Command failed: git commit -am 'Save progress: 50.1'

	at ChildProcess.exithandler (node:child_process:422:12)
	at ChildProcess.emit (node:events:517:28)
	at maybeClose (node:internal/child_process:1098:16)
	at ChildProcess._handle.onexit (node:internal/child_process:303:5)
2024-05-28 15:25:44.004 [error] Error: Command failed: git commit -am 'Save progress: 60.1'

	at ChildProcess.exithandler (node:child_process:422:12)
	at ChildProcess.emit (node:events:517:28)
	at maybeClose (node:internal/child_process:1098:16)
	at ChildProcess._handle.onexit (node:internal/child_process:303:5)
2024-05-28 15:25:48.109 [error] Error: Command failed: git commit -am 'Save progress: 70.1'

	at ChildProcess.exithandler (node:child_process:422:12)
	at ChildProcess.emit (node:events:517:28)
	at maybeClose (node:internal/child_process:1098:16)
	at ChildProcess._handle.onexit (node:internal/child_process:303:5)
2024-05-28 15:25:52.803 [error] Error: Command failed: git commit -am 'Save progress: 80.1'

	at ChildProcess.exithandler (node:child_process:422:12)
	at ChildProcess.emit (node:events:517:28)
	at maybeClose (node:internal/child_process:1098:16)
	at ChildProcess._handle.onexit (node:internal/child_process:303:5)
2024-05-28 15:25:56.590 [error] Error: Command failed: git commit -am 'Save progress: 90.1'

	at ChildProcess.exithandler (node:child_process:422:12)
	at ChildProcess.emit (node:events:517:28)
	at maybeClose (node:internal/child_process:1098:16)
	at ChildProcess._handle.onexit (node:internal/child_process:303:5)
2024-05-28 15:26:01.071 [error] Error: Command failed: git commit -am 'Save progress: 100.1'

	at ChildProcess.exithandler (node:child_process:422:12)
	at ChildProcess.emit (node:events:517:28)
	at maybeClose (node:internal/child_process:1098:16)
	at ChildProcess._handle.onexit (node:internal/child_process:303:5)
2024-05-28 15:26:05.724 [error] Error: Command failed: git commit -am 'Save progress: 110.1'

	at ChildProcess.exithandler (node:child_process:422:12)
	at ChildProcess.emit (node:events:517:28)
	at maybeClose (node:internal/child_process:1098:16)
	at ChildProcess._handle.onexit (node:internal/child_process:303:5)
2024-05-28 15:26:10.950 [error] Error: Command failed: git commit -am 'Save progress: 120.1'

	at ChildProcess.exithandler (node:child_process:422:12)
	at ChildProcess.emit (node:events:517:28)
	at maybeClose (node:internal/child_process:1098:16)
	at ChildProcess._handle.onexit (node:internal/child_process:303:5)
2024-05-28 15:26:16.836 [error] Error: Command failed: git commit -am 'Save progress: 130.1'

	at ChildProcess.exithandler (node:child_process:422:12)
	at ChildProcess.emit (node:events:517:28)
	at maybeClose (node:internal/child_process:1098:16)
	at ChildProcess._handle.onexit (node:internal/child_process:303:5)
2024-05-28 15:26:22.314 [error] Error: Command failed: git commit -am 'Save progress: 140.1'

	at ChildProcess.exithandler (node:child_process:422:12)
	at ChildProcess.emit (node:events:517:28)
	at maybeClose (node:internal/child_process:1098:16)
	at ChildProcess._handle.onexit (node:internal/child_process:303:5)
2024-05-28 15:26:26.870 [error] Error: Command failed: git commit -am 'Save progress: 150.1'

	at ChildProcess.exithandler (node:child_process:422:12)
	at ChildProcess.emit (node:events:517:28)
	at maybeClose (node:internal/child_process:1098:16)
	at ChildProcess._handle.onexit (node:internal/child_process:303:5)
2024-05-28 15:27:16.263 [error] Error: Command failed: git commit -am 'Save progress: 160.1'

	at ChildProcess.exithandler (node:child_process:422:12)
	at ChildProcess.emit (node:events:517:28)
	at maybeClose (node:internal/child_process:1098:16)
	at ChildProcess._handle.onexit (node:internal/child_process:303:5)
2024-05-28 15:27:26.273 [error] Error: Command failed: git commit -am 'Save progress: 170.1'

	at ChildProcess.exithandler (node:child_process:422:12)
	at ChildProcess.emit (node:events:517:28)
	at maybeClose (node:internal/child_process:1098:16)
	at ChildProcess._handle.onexit (node:internal/child_process:303:5)
2024-05-28 15:27:35.428 [error] Error: Command failed: git commit -am 'Save progress: 180.1'

	at ChildProcess.exithandler (node:child_process:422:12)
	at ChildProcess.emit (node:events:517:28)
	at maybeClose (node:internal/child_process:1098:16)
	at ChildProcess._handle.onexit (node:internal/child_process:303:5)
2024-05-28 15:27:42.788 [error] Error: Command failed: git commit -am 'Save progress: 190.1'

	at ChildProcess.exithandler (node:child_process:422:12)
	at ChildProcess.emit (node:events:517:28)
	at maybeClose (node:internal/child_process:1098:16)
	at ChildProcess._handle.onexit (node:internal/child_process:303:5)
2024-05-28 15:27:50.131 [error] Error: Command failed: git commit -am 'Save progress: 200.1'

	at ChildProcess.exithandler (node:child_process:422:12)
	at ChildProcess.emit (node:events:517:28)
	at maybeClose (node:internal/child_process:1098:16)
	at ChildProcess._handle.onexit (node:internal/child_process:303:5)
2024-05-28 15:27:56.626 [error] Error: Command failed: git commit -am 'Save progress: 210.1'

	at ChildProcess.exithandler (node:child_process:422:12)
	at ChildProcess.emit (node:events:517:28)
	at maybeClose (node:internal/child_process:1098:16)
	at ChildProcess._handle.onexit (node:internal/child_process:303:5)
2024-05-28 15:28:02.312 [error] Error: Command failed: git commit -am 'Save progress: 220.1'

	at ChildProcess.exithandler (node:child_process:422:12)
	at ChildProcess.emit (node:events:517:28)
	at maybeClose (node:internal/child_process:1098:16)
	at ChildProcess._handle.onexit (node:internal/child_process:303:5)
2024-05-28 15:28:10.526 [error] Error: Command failed: git commit -am 'Save progress: 230.1'

	at ChildProcess.exithandler (node:child_process:422:12)
	at ChildProcess.emit (node:events:517:28)
	at maybeClose (node:internal/child_process:1098:16)
	at ChildProcess._handle.onexit (node:internal/child_process:303:5)
2024-05-28 15:28:19.595 [error] Error: Command failed: git commit -am 'Save progress: 240.1'

	at ChildProcess.exithandler (node:child_process:422:12)
	at ChildProcess.emit (node:events:517:28)
	at maybeClose (node:internal/child_process:1098:16)
	at ChildProcess._handle.onexit (node:internal/child_process:303:5)
2024-05-28 15:28:28.683 [error] Error: Command failed: git commit -am 'Save progress: 250.1'

	at ChildProcess.exithandler (node:child_process:422:12)
	at ChildProcess.emit (node:events:517:28)
	at maybeClose (node:internal/child_process:1098:16)
	at ChildProcess._handle.onexit (node:internal/child_process:303:5)
2024-05-28 15:28:43.120 [error] Error: Command failed: git commit -am 'Save progress: 260.1'

	at ChildProcess.exithandler (node:child_process:422:12)
	at ChildProcess.emit (node:events:517:28)
	at maybeClose (node:internal/child_process:1098:16)
	at ChildProcess._handle.onexit (node:internal/child_process:303:5)
2024-05-28 15:30:01.215 [error] Error: Command failed: git commit -am 'Save progress: 270.1'

	at ChildProcess.exithandler (node:child_process:422:12)
	at ChildProcess.emit (node:events:517:28)
	at maybeClose (node:internal/child_process:1098:16)
	at ChildProcess._handle.onexit (node:internal/child_process:303:5)
2024-05-28 15:38:47.029 [error] Error: Command failed: git commit -am 'Save progress: 280.1'

	at ChildProcess.exithandler (node:child_process:422:12)
	at ChildProcess.emit (node:events:517:28)
	at maybeClose (node:internal/child_process:1098:16)
	at ChildProcess._handle.onexit (node:internal/child_process:303:5)
2024-05-28 15:42:04.027 [error] Error: Command failed: git commit -am 'Save progress: 290.1'

	at ChildProcess.exithandler (node:child_process:422:12)
	at ChildProcess.emit (node:events:517:28)
	at maybeClose (node:internal/child_process:1098:16)
	at ChildProcess._handle.onexit (node:internal/child_process:303:5)
2024-05-28 15:43:15.776 [error] Error: Command failed: git commit -am 'Save progress: 300.1'

	at ChildProcess.exithandler (node:child_process:422:12)
	at ChildProcess.emit (node:events:517:28)
	at maybeClose (node:internal/child_process:1098:16)
	at ChildProcess._handle.onexit (node:internal/child_process:303:5)
2024-05-28 15:43:38.261 [error] Error: Command failed: git commit -am 'Save progress: 310.1'

	at ChildProcess.exithandler (node:child_process:422:12)
	at ChildProcess.emit (node:events:517:28)
	at maybeClose (node:internal/child_process:1098:16)
	at ChildProcess._handle.onexit (node:internal/child_process:303:5)
2024-05-28 15:44:25.114 [error] Error: Command failed: git commit -am 'Save progress: 320.1'

	at ChildProcess.exithandler (node:child_process:422:12)
	at ChildProcess.emit (node:events:517:28)
	at maybeClose (node:internal/child_process:1098:16)
	at ChildProcess._handle.onexit (node:internal/child_process:303:5)
2024-05-28 15:44:47.603 [error] Error: Command failed: git commit -am 'Save progress: 330.1'

	at ChildProcess.exithandler (node:child_process:422:12)
	at ChildProcess.emit (node:events:517:28)
	at maybeClose (node:internal/child_process:1098:16)
	at ChildProcess._handle.onexit (node:internal/child_process:303:5)
2024-05-28 15:47:19.305 [error] Error: Command failed: git commit -am 'Save progress: 340.1'

	at ChildProcess.exithandler (node:child_process:422:12)
	at ChildProcess.emit (node:events:517:28)
	at maybeClose (node:internal/child_process:1098:16)
	at ChildProcess._handle.onexit (node:internal/child_process:303:5)
2024-05-28 15:47:39.165 [error] Error: Command failed: git commit -am 'Save progress: 350.1'

	at ChildProcess.exithandler (node:child_process:422:12)
	at ChildProcess.emit (node:events:517:28)
	at maybeClose (node:internal/child_process:1098:16)
	at ChildProcess._handle.onexit (node:internal/child_process:303:5)
2024-05-28 15:48:08.369 [error] Error: Command failed: git commit -am 'Save progress: 360.1'

	at ChildProcess.exithandler (node:child_process:422:12)
	at ChildProcess.emit (node:events:517:28)
	at maybeClose (node:internal/child_process:1098:16)
	at ChildProcess._handle.onexit (node:internal/child_process:303:5)
2024-05-28 15:48:32.157 [error] Error: Command failed: git commit -am 'Save progress: 370.1'

	at ChildProcess.exithandler (node:child_process:422:12)
	at ChildProcess.emit (node:events:517:28)
	at maybeClose (node:internal/child_process:1098:16)
	at ChildProcess._handle.onexit (node:internal/child_process:303:5)
2024-05-28 15:48:54.099 [error] Error: Command failed: git commit -am 'Save progress: 380.1'

	at ChildProcess.exithandler (node:child_process:422:12)
	at ChildProcess.emit (node:events:517:28)
	at maybeClose (node:internal/child_process:1098:16)
	at ChildProcess._handle.onexit (node:internal/child_process:303:5)
2024-05-28 15:49:18.561 [error] Error: Command failed: git commit -am 'Save progress: 390.1'

	at ChildProcess.exithandler (node:child_process:422:12)
	at ChildProcess.emit (node:events:517:28)
	at maybeClose (node:internal/child_process:1098:16)
	at ChildProcess._handle.onexit (node:internal/child_process:303:5)
2024-05-28 15:50:21.373 [error] Error: Command failed: git commit -am 'Save progress: 400.1'

	at ChildProcess.exithandler (node:child_process:422:12)
	at ChildProcess.emit (node:events:517:28)
	at maybeClose (node:internal/child_process:1098:16)
	at ChildProcess._handle.onexit (node:internal/child_process:303:5)
2024-05-28 15:50:47.855 [error] Error: Command failed: git commit -am 'Save progress: 410.1'

	at ChildProcess.exithandler (node:child_process:422:12)
	at ChildProcess.emit (node:events:517:28)
	at maybeClose (node:internal/child_process:1098:16)
	at ChildProcess._handle.onexit (node:internal/child_process:303:5)
2024-05-28 15:51:24.841 [error] Error: Command failed: git commit -am 'Save progress: 420.1'

	at ChildProcess.exithandler (node:child_process:422:12)
	at ChildProcess.emit (node:events:517:28)
	at maybeClose (node:internal/child_process:1098:16)
	at ChildProcess._handle.onexit (node:internal/child_process:303:5)
2024-05-28 15:52:18.226 [error] Error: Command failed: git commit -am 'Save progress: 430.1'

	at ChildProcess.exithandler (node:child_process:422:12)
	at ChildProcess.emit (node:events:517:28)
	at maybeClose (node:internal/child_process:1098:16)
	at Socket.<anonymous> (node:internal/child_process:450:11)
	at Socket.emit (node:events:517:28)
	at Pipe.<anonymous> (node:net:350:12)
2024-05-28 15:53:31.159 [error] Error: Command failed: git commit -am 'Save progress: 440.1'

	at ChildProcess.exithandler (node:child_process:422:12)
	at ChildProcess.emit (node:events:517:28)
	at maybeClose (node:internal/child_process:1098:16)
	at ChildProcess._handle.onexit (node:internal/child_process:303:5)
2024-05-28 15:53:58.856 [error] Error: Command failed: git commit -am 'Save progress: 450.1'

	at ChildProcess.exithandler (node:child_process:422:12)
	at ChildProcess.emit (node:events:517:28)
	at maybeClose (node:internal/child_process:1098:16)
	at ChildProcess._handle.onexit (node:internal/child_process:303:5)
2024-05-28 15:54:44.971 [error] Error: Command failed: git commit -am 'Save progress: 460.1'

	at ChildProcess.exithandler (node:child_process:422:12)
	at ChildProcess.emit (node:events:517:28)
	at maybeClose (node:internal/child_process:1098:16)
	at ChildProcess._handle.onexit (node:internal/child_process:303:5)
2024-05-28 15:55:57.490 [error] Error: Command failed: git commit -am 'Save progress: 470.1'

	at ChildProcess.exithandler (node:child_process:422:12)
	at ChildProcess.emit (node:events:517:28)
	at maybeClose (node:internal/child_process:1098:16)
	at ChildProcess._handle.onexit (node:internal/child_process:303:5)
2024-05-28 15:56:48.720 [error] Error: Command failed: git commit -am 'Save progress: 480.1'

	at ChildProcess.exithandler (node:child_process:422:12)
	at ChildProcess.emit (node:events:517:28)
	at maybeClose (node:internal/child_process:1098:16)
	at ChildProcess._handle.onexit (node:internal/child_process:303:5)
2024-05-28 15:57:21.847 [error] Error: Command failed: git commit -am 'Save progress: 490.1'

	at ChildProcess.exithandler (node:child_process:422:12)
	at ChildProcess.emit (node:events:517:28)
	at maybeClose (node:internal/child_process:1098:16)
	at ChildProcess._handle.onexit (node:internal/child_process:303:5)
2024-05-28 15:57:30.574 [error] Error: Command failed: git commit -am 'Save progress: 500.1'

	at ChildProcess.exithandler (node:child_process:422:12)
	at ChildProcess.emit (node:events:517:28)
	at maybeClose (node:internal/child_process:1098:16)
	at ChildProcess._handle.onexit (node:internal/child_process:303:5)
2024-05-28 15:57:46.051 [error] Error: Command failed: git commit -am 'Save progress: 530.1'

	at ChildProcess.exithandler (node:child_process:422:12)
	at ChildProcess.emit (node:events:517:28)
	at maybeClose (node:internal/child_process:1098:16)
	at ChildProcess._handle.onexit (node:internal/child_process:303:5)
2024-05-28 15:59:38.425 [error] Error: Command failed: git commit -am 'Save progress: 540.1'

	at ChildProcess.exithandler (node:child_process:422:12)
	at ChildProcess.emit (node:events:517:28)
	at maybeClose (node:internal/child_process:1098:16)
	at ChildProcess._handle.onexit (node:internal/child_process:303:5)
2024-05-28 16:00:47.997 [error] Error: Command failed: git commit -am 'Save progress: 550.1'

	at ChildProcess.exithandler (node:child_process:422:12)
	at ChildProcess.emit (node:events:517:28)
	at maybeClose (node:internal/child_process:1098:16)
	at ChildProcess._handle.onexit (node:internal/child_process:303:5)
2024-05-28 16:03:02.015 [error] Error: Command failed: git commit -am 'Save progress: 560.1'

	at ChildProcess.exithandler (node:child_process:422:12)
	at ChildProcess.emit (node:events:517:28)
	at maybeClose (node:internal/child_process:1098:16)
	at ChildProcess._handle.onexit (node:internal/child_process:303:5)
2024-05-28 16:05:24.297 [error] Error: Command failed: git commit -am 'Save progress: 570.1'

	at ChildProcess.exithandler (node:child_process:422:12)
	at ChildProcess.emit (node:events:517:28)
	at maybeClose (node:internal/child_process:1098:16)
	at ChildProcess._handle.onexit (node:internal/child_process:303:5)
2024-05-28 16:14:03.165 [error] Error: Command failed: git commit -am 'Save progress: 590.1'

	at ChildProcess.exithandler (node:child_process:422:12)
	at ChildProcess.emit (node:events:517:28)
	at maybeClose (node:internal/child_process:1098:16)
	at ChildProcess._handle.onexit (node:internal/child_process:303:5)
2024-05-28 16:14:24.795 [error] Error: Command failed: git commit -am 'Save progress: 600.1'

	at ChildProcess.exithandler (node:child_process:422:12)
	at ChildProcess.emit (node:events:517:28)
	at maybeClose (node:internal/child_process:1098:16)
	at ChildProcess._handle.onexit (node:internal/child_process:303:5)
2024-05-28 16:18:42.844 [error] Error: Command failed: git commit -am 'Save progress: 610.1'

	at ChildProcess.exithandler (node:child_process:422:12)
	at ChildProcess.emit (node:events:517:28)
	at maybeClose (node:internal/child_process:1098:16)
	at ChildProcess._handle.onexit (node:internal/child_process:303:5)
2024-05-28 16:19:12.754 [error] Error: Command failed: git commit -am 'Save progress: 620.1'

	at ChildProcess.exithandler (node:child_process:422:12)
	at ChildProcess.emit (node:events:517:28)
	at maybeClose (node:internal/child_process:1098:16)
	at ChildProcess._handle.onexit (node:internal/child_process:303:5)
2024-05-28 16:19:53.171 [error] Error: Command failed: git commit -am 'Save progress: 630.1'

	at ChildProcess.exithandler (node:child_process:422:12)
	at ChildProcess.emit (node:events:517:28)
	at maybeClose (node:internal/child_process:1098:16)
	at ChildProcess._handle.onexit (node:internal/child_process:303:5)
2024-05-28 16:20:01.036 [error] Error: Command failed: git commit -am 'Save progress: 640.1'

	at ChildProcess.exithandler (node:child_process:422:12)
	at ChildProcess.emit (node:events:517:28)
	at maybeClose (node:internal/child_process:1098:16)
	at ChildProcess._handle.onexit (node:internal/child_process:303:5)
2024-05-28 16:20:49.084 [error] Error: Command failed: git commit -am 'Save progress: 650.1'

	at ChildProcess.exithandler (node:child_process:422:12)
	at ChildProcess.emit (node:events:517:28)
	at maybeClose (node:internal/child_process:1098:16)
	at ChildProcess._handle.onexit (node:internal/child_process:303:5)
