[610ns] Shutting down all processes 
[10.974469ms] Terminating process supervisor with PID 35 (state: S, cmdlind: [supervisor run] <nil>). 
[65.882384ms] Terminating main process errored: waitid: no child processes 
[68.024084ms] Terminating process node with PID 451 (state: S, cmdlind: [/home/gitpod/.vscode-server/cli/servers/Stable-dc96b837cf6bb4af9cd736aa3af08cf8279f7685/server/node /home/gitpod/.vscode-server/cli/servers/Stable-dc96b837cf6bb4af9cd736aa3af08cf8279f7685/server/out/bootstrap-fork --type=ptyHost --logsPath /home/gitpod/.vscode-server/data/logs/20240528T073358] <nil>). 
[70.549654ms] Terminating process node with PID 62288 (state: S, cmdlind: [/home/gitpod/.vscode-server/cli/servers/Stable-dc96b837cf6bb4af9cd736aa3af08cf8279f7685/server/node /home/gitpod/.vscode-server/cli/servers/Stable-dc96b837cf6bb4af9cd736aa3af08cf8279f7685/server/extensions/node_modules/typescript/lib/typingsInstaller.js --globalTypingsCacheLocation /home/gitpod/.cache/typescript/5.4 --enableTelemetry --typesMapLocation /home/gitpod/.vscode-server/cli/servers/Stable-dc96b837cf6bb4af9cd736aa3af08cf8279f7685/server/extensions/node_modules/typescript/lib/typesMap.json --validateDefaultNpmLocation] <nil>). 
[71.001843ms] Terminating process node with PID 59163 (state: S, cmdlind: [/home/gitpod/.vscode-server/cli/servers/Stable-dc96b837cf6bb4af9cd736aa3af08cf8279f7685/server/node /home/gitpod/.vscode-server/cli/servers/Stable-dc96b837cf6bb4af9cd736aa3af08cf8279f7685/server/out/bootstrap-fork --type=fileWatcher] <nil>). 
[70.217534ms] Terminating process node with PID 92223 (state: S, cmdlind: [/home/gitpod/.vscode-server/cli/servers/Stable-dc96b837cf6bb4af9cd736aa3af08cf8279f7685/server/node /home/gitpod/.vscode-server/cli/servers/Stable-dc96b837cf6bb4af9cd736aa3af08cf8279f7685/server/extensions/html-language-features/server/dist/node/htmlServerMain --node-ipc --clientProcessId=60914] <nil>). 
[70.275944ms] Terminating process java with PID 160419 (state: S, cmdlind: [/home/gitpod/.vscode-server/extensions/georgewfraser.vscode-javac-0.2.46/dist/linux/bin/java --add-exports jdk.compiler/com.sun.tools.javac.api=ALL-UNNAMED --add-exports jdk.compiler/com.sun.tools.javac.code=ALL-UNNAMED --add-exports jdk.compiler/com.sun.tools.javac.comp=ALL-UNNAMED --add-exports jdk.compiler/com.sun.tools.javac.main=ALL-UNNAMED --add-exports jdk.compiler/com.sun.tools.javac.tree=ALL-UNNAMED --add-exports jdk.compiler/com.sun.tools.javac.model=ALL-UNNAMED --add-exports jdk.compiler/com.sun.tools.javac.util=ALL-UNNAMED --add-opens jdk.compiler/com.sun.tools.javac.api=ALL-UNNAMED -classpath /home/gitpod/.vscode-server/extensions/georgewfraser.vscode-javac-0.2.46/dist/classpath/gson-2.8.9.jar:/home/gitpod/.vscode-server/extensions/georgewfraser.vscode-javac-0.2.46/dist/classpath/protobuf-java-3.19.6.jar:/home/gitpod/.vscode-server/extensions/georgewfraser.vscode-javac-0.2.46/dist/classpath/java-language-server.jar org.javacs.Main] <nil>). 
[72.442014ms] Terminating main process errored: waitid: no child processes 
[70.315664ms] Terminating process bash with PID 1297 (state: S, cmdlind: [/bin/bash --init-file /home/gitpod/.vscode-server/cli/servers/Stable-dc96b837cf6bb4af9cd736aa3af08cf8279f7685/server/out/vs/workbench/contrib/terminal/browser/media/shellIntegration-bash.sh] <nil>). 
[69.981694ms] Terminating process node with PID 160479 (state: S, cmdlind: [/home/gitpod/.vscode-server/cli/servers/Stable-dc96b837cf6bb4af9cd736aa3af08cf8279f7685/server/node /home/gitpod/.vscode-server/extensions/ms-azuretools.vscode-docker-1.29.1/dist/dockerfile-language-server-nodejs/lib/server.js --node-ipc --node-ipc --clientProcessId=60914] <nil>). 
[71.083834ms] Terminating process node with PID 427 (state: S, cmdlind: [/home/gitpod/.vscode-server/cli/servers/Stable-dc96b837cf6bb4af9cd736aa3af08cf8279f7685/server/node /home/gitpod/.vscode-server/cli/servers/Stable-dc96b837cf6bb4af9cd736aa3af08cf8279f7685/server/out/bootstrap-fork --type=fileWatcher] <nil>). 
[72.820563ms] Terminating process vdb with PID 61921 (state: S, cmdlind: [/home/gitpod/.local/share/TabNine/servers/vdb/1.7.3-fix.1/download/vdb --config-path /home/gitpod/.local/share/TabNine/servers/vdb/1.7.3-fix.1/download/config.yaml] <nil>). 
[71.281363ms] Terminating main process errored: waitid: no child processes 
[69.867774ms] Terminating process node with PID 160487 (state: S, cmdlind: [/home/gitpod/.vscode-server/cli/servers/Stable-dc96b837cf6bb4af9cd736aa3af08cf8279f7685/server/node /home/gitpod/.vscode-server/extensions/ms-azuretools.vscode-docker-1.29.1/dist/compose-language-service/lib/server.js --node-ipc --node-ipc --clientProcessId=60914] <nil>). 
[72.871403ms] Terminating main process errored: waitid: no child processes 
[71.497683ms] Terminating process node with PID 62360 (state: S, cmdlind: [/home/gitpod/.vscode-server/cli/servers/Stable-dc96b837cf6bb4af9cd736aa3af08cf8279f7685/server/node /home/gitpod/.vscode-server/extensions/visualstudioexptteam.intellicode-api-usage-examples-0.2.8/dist/server/server.js --node-ipc --clientProcessId=60914] <nil>). 
[72.890283ms] Terminating main process errored: waitid: no child processes 
[72.899383ms] Terminating process TabNine-deep-lo with PID 61705 (state: S, cmdlind: [/home/gitpod/.vscode-server/data/User/globalStorage/tabnine.tabnine-vscode/binaries/4.163.0/x86_64-unknown-linux-musl/TabNine-deep-local --settings /home/gitpod/.config/TabNine/local.settingsce94127bSmall --settings-version 1 --client vscode --client-metadata clientVersion=1.89.1 pluginVersion=3.102.0 t9-vscode-AutoImportEnabled=true t9-vscode-TSAutoImportEnabled=true t9-vscode-JSAutoImportEnabled=true vscode-telemetry-enabled=true vscode-remote=true vscode-remote-name=ssh-remote vscode-extension-kind=2 vscode-theme-name=GitHub Dark High Contrast vscode-theme-kind=HighContrast vscode-machine-id=edb49b92765dff76f9e9e712f4622af1cf808d5c01c85e54fb14b829b14edd7c vscode-is-new-app-install=false vscode-session-id=d75292cb-b27e-4c72-8711-00626e0202e61716891816428 vscode-language=en vscode-app-name=Visual Studio Code vscode-beta-channel-enabled=false vscode-status-customization=unknown vscode-inline-api-enabled=false vscode-code-lens-enabled=true vscode-found-intellicode=false ide-restart-counter=0 --tls_config insecure=false] <nil>). 
[72.913134ms] Terminating main process errored: waitid: no child processes 
[71.583763ms] Terminating process node with PID 189737 (state: S, cmdlind: [/home/gitpod/.vscode-server/cli/servers/Stable-dc96b837cf6bb4af9cd736aa3af08cf8279f7685/server/node /home/gitpod/.vscode-server/cli/servers/Stable-dc96b837cf6bb4af9cd736aa3af08cf8279f7685/server/extensions/markdown-language-features/server/dist/node/workerMain --node-ipc --clientProcessId=60914] <nil>). 
[71.571283ms] Terminating process node with PID 94466 (state: S, cmdlind: [/home/gitpod/.vscode-server/cli/servers/Stable-dc96b837cf6bb4af9cd736aa3af08cf8279f7685/server/node /home/gitpod/.vscode-server/cli/servers/Stable-dc96b837cf6bb4af9cd736aa3af08cf8279f7685/server/extensions/css-language-features/server/dist/node/cssServerMain --node-ipc --clientProcessId=60914] <nil>). 
[73.189023ms] Terminating main process errored: waitid: no child processes 
[71.600943ms] Terminating process node with PID 62310 (state: S, cmdlind: [/home/gitpod/.vscode-server/cli/servers/Stable-dc96b837cf6bb4af9cd736aa3af08cf8279f7685/server/node /home/gitpod/.vscode-server/extensions/dbaeumer.vscode-eslint-2.4.4/server/out/eslintServer.js --node-ipc --clientProcessId=60914] <nil>). 
[73.231923ms] Terminating main process errored: waitid: no child processes 
[71.702954ms] Terminating process WD-TabNine with PID 208315 (state: S, cmdlind: [/home/gitpod/.vscode-server/data/User/globalStorage/tabnine.tabnine-vscode/binaries/4.163.0/x86_64-unknown-linux-musl/WD-TabNine --tls_config insecure=false --client vscode --client-metadata clientVersion=1.89.1 pluginVersion=3.102.0 t9-vscode-AutoImportEnabled=true t9-vscode-TSAutoImportEnabled=true t9-vscode-JSAutoImportEnabled=true vscode-telemetry-enabled=true vscode-remote=true vscode-remote-name=ssh-remote vscode-extension-kind=2 vscode-theme-name=GitHub Dark High Contrast vscode-theme-kind=HighContrast vscode-machine-id=edb49b92765dff76f9e9e712f4622af1cf808d5c01c85e54fb14b829b14edd7c vscode-is-new-app-install=false vscode-session-id=d75292cb-b27e-4c72-8711-00626e0202e61716891816428 vscode-language=en vscode-app-name=Visual Studio Code vscode-beta-channel-enabled=false vscode-status-customization=unknown vscode-inline-api-enabled=false vscode-code-lens-enabled=true vscode-found-intellicode=false ide-restart-counter=0] <nil>). 
[71.613683ms] Terminating process dotnet with PID 62343 (state: S, cmdlind: [/home/gitpod/.vscode-server/data/User/globalStorage/ms-dotnettools.vscode-dotnet-runtime/.dotnet/6.0.30~x64/dotnet /home/gitpod/.vscode-server/extensions/visualstudioexptteam.vscodeintellicode-insiders-1.1.10/dist/Prose/ProseServer.dll] <nil>). 
[73.580314ms] Terminating main process errored: waitid: no child processes 
[71.738343ms] Terminating process node with PID 60925 (state: S, cmdlind: [/home/gitpod/.vscode-server/cli/servers/Stable-dc96b837cf6bb4af9cd736aa3af08cf8279f7685/server/node /home/gitpod/.vscode-server/cli/servers/Stable-dc96b837cf6bb4af9cd736aa3af08cf8279f7685/server/out/bootstrap-fork --type=fileWatcher] <nil>). 
[73.618994ms] Terminating main process errored: waitid: no child processes 
[71.817203ms] Terminating process Microsoft.CodeA with PID 63343 (state: S, cmdlind: [/home/gitpod/.vscode-server/extensions/ms-dotnettools.csharp-2.30.28-linux-x64/.roslyn/Microsoft.CodeAnalysis.LanguageServer --logLevel Information --razorSourceGenerator /home/gitpod/.vscode-server/extensions/ms-dotnettools.csharp-2.30.28-linux-x64/.razor/Microsoft.CodeAnalysis.Razor.Compiler.dll --starredCompletionComponentPath /home/gitpod/.vscode-server/extensions/ms-dotnettools.vscodeintellicode-csharp-2.1.11-linux-x64/components/starred-suggestions/platforms/linux-x64/node_modules/@vsintellicode/starred-suggestions-csharp.linux-x64 --devKitDependencyPath /home/gitpod/.vscode-server/extensions/ms-dotnettools.csharp-2.30.28-linux-x64/.roslynDevKit/Microsoft.VisualStudio.LanguageServices.DevKit.dll --sessionId d75292cb-b27e-4c72-8711-00626e0202e61716891816428 --extension /home/gitpod/.vscode-server/extensions/ms-dotnettools.csharp-2.30.28-linux-x64/.xamlTools/Microsoft.VisualStudio.DesignTools.CodeAnalysis.dll --extension /home/gitpod/.vscode-server/extensions/ms-dotnettools.csharp-2.30.28-linux-x64/.xamlTools/Microsoft.VisualStudio.DesignTools.CodeAnalysis.Diagnostics.dll --telemetryLevel all --extensionLogDirectory /home/gitpod/.vscode-server/data/logs/20240528T073358/exthost4/ms-dotnettools.csharp] <nil>). 
[71.606223ms] Terminating process node with PID 60407 (state: S, cmdlind: [/home/gitpod/.vscode-server/cli/servers/Stable-dc96b837cf6bb4af9cd736aa3af08cf8279f7685/server/node /home/gitpod/.vscode-server/cli/servers/Stable-dc96b837cf6bb4af9cd736aa3af08cf8279f7685/server/out/bootstrap-fork --type=fileWatcher] <nil>). 
[73.783914ms] Terminating main process errored: waitid: no child processes 
[70.007504ms] Terminating process node with PID 380 (state: S, cmdlind: [/home/gitpod/.vscode-server/cli/servers/Stable-dc96b837cf6bb4af9cd736aa3af08cf8279f7685/server/node /home/gitpod/.vscode-server/cli/servers/Stable-dc96b837cf6bb4af9cd736aa3af08cf8279f7685/server/out/server-main.js --connection-token=remotessh --accept-server-license-terms --install-extension=gitpod.gitpod-remote-ssh --start-server --enable-remote-auto-shutdown --socket-path=/tmp/code-56661fed-86cd-4093-9f89-0929fa8f0c69] <nil>). 
[73.812614ms] Terminating main process errored: waitid: no child processes 
[71.663814ms] Terminating main process errored: waitid: no child processes 
[71.859834ms] Terminating process node with PID 61327 (state: S, cmdlind: [/home/gitpod/.vscode-server/cli/servers/Stable-dc96b837cf6bb4af9cd736aa3af08cf8279f7685/server/node /home/gitpod/.vscode-server/extensions/ckolkman.vscode-postgres-1.4.3/out/language/server.js --node-ipc --clientProcessId=60914] <nil>). 
[71.726063ms] Terminating process node with PID 62274 (state: S, cmdlind: [/home/gitpod/.vscode-server/cli/servers/Stable-dc96b837cf6bb4af9cd736aa3af08cf8279f7685/server/node --max-old-space-size=3072 /home/gitpod/.vscode-server/cli/servers/Stable-dc96b837cf6bb4af9cd736aa3af08cf8279f7685/server/extensions/node_modules/typescript/lib/tsserver.js --serverMode partialSemantic --useInferredProjectPerProjectRoot --disableAutomaticTypingAcquisition --cancellationPipeName /tmp/vscode-typescript33333/f0c8a0f235b81b024879/tscancellation-363f1b6d90dabcea51eb.tmp* --globalPlugins @styled/typescript-styled-plugin,@vsintellicode/typescript-intellicode-plugin,ms-vsintellicode-typescript --pluginProbeLocations /home/gitpod/.vscode-server/extensions/styled-components.vscode-styled-components-1.7.8,/home/gitpod/.vscode-server/extensions/visualstudioexptteam.vscodeintellicode-1.3.1,/home/gitpod/.vscode-server/extensions/visualstudioexptteam.vscodeintellicode-1.3.1 --locale en --noGetErrOnBackgroundUpdate --canUseWatchEvents --validateDefaultNpmLocation --useNodeIpc] <nil>). 
[73.861123ms] Terminating main process errored: waitid: no child processes 
[71.700374ms] Terminating process node with PID 61859 (state: S, cmdlind: [/home/gitpod/.vscode-server/cli/servers/Stable-dc96b837cf6bb4af9cd736aa3af08cf8279f7685/server/node /home/gitpod/.vscode-server/extensions/redhat.vscode-yaml-1.14.0/dist/languageserver.js --node-ipc --clientProcessId=60914] <nil>). 
[73.879974ms] Terminating main process errored: waitid: no child processes 
[71.935563ms] Terminating process node with PID 160782 (state: S, cmdlind: [/home/gitpod/.vscode-server/cli/servers/Stable-dc96b837cf6bb4af9cd736aa3af08cf8279f7685/server/node /home/gitpod/.vscode-server/extensions/ms-python.vscode-pylance-2024.5.1/dist/server.bundle.js --cancellationReceive=file:be1a52c3300f0e88904bbb24b0c608937977749622 --node-ipc --clientProcessId=60914] <nil>). 
[71.720683ms] Terminating process node with PID 61436 (state: S, cmdlind: [/home/gitpod/.vscode-server/cli/servers/Stable-dc96b837cf6bb4af9cd736aa3af08cf8279f7685/server/node /home/gitpod/.vscode-server/cli/servers/Stable-dc96b837cf6bb4af9cd736aa3af08cf8279f7685/server/extensions/json-language-features/server/dist/node/jsonServerMain --node-ipc --clientProcessId=60914] <nil>). 
[73.914923ms] Terminating main process errored: waitid: no child processes 
[72.837023ms] Terminating main process errored: waitid: no child processes 
[72.846463ms] Terminating main process errored: waitid: no child processes 
[71.127823ms] Terminating process node with PID 62281 (state: S, cmdlind: [/home/gitpod/.vscode-server/cli/servers/Stable-dc96b837cf6bb4af9cd736aa3af08cf8279f7685/server/node --max-old-space-size=3072 /home/gitpod/.vscode-server/cli/servers/Stable-dc96b837cf6bb4af9cd736aa3af08cf8279f7685/server/extensions/node_modules/typescript/lib/tsserver.js --useInferredProjectPerProjectRoot --enableTelemetry --cancellationPipeName /tmp/vscode-typescript33333/f0c8a0f235b81b024879/tscancellation-6bc55e3d36fb792bc185.tmp* --globalPlugins @styled/typescript-styled-plugin,@vsintellicode/typescript-intellicode-plugin,ms-vsintellicode-typescript --pluginProbeLocations /home/gitpod/.vscode-server/extensions/styled-components.vscode-styled-components-1.7.8,/home/gitpod/.vscode-server/extensions/visualstudioexptteam.vscodeintellicode-1.3.1,/home/gitpod/.vscode-server/extensions/visualstudioexptteam.vscodeintellicode-1.3.1 --locale en --noGetErrOnBackgroundUpdate --canUseWatchEvents --validateDefaultNpmLocation --useNodeIpc] <nil>). 
[73.951563ms] Terminating main process errored: waitid: no child processes 
[71.497623ms] Terminating process launch_linux.sh with PID 160417 (state: S, cmdlind: [/bin/sh /home/gitpod/.vscode-server/extensions/georgewfraser.vscode-javac-0.2.46/dist/launch_linux.sh org.javacs.Main] <nil>). 
[73.964783ms] Terminating main process errored: waitid: no child processes 
[71.573163ms] Terminating process node with PID 76 (state: R, cmdlind: [/ide/node /ide/out/server-main.js --log=info --install-builtin-extension gitpod.gitpod-theme --install-builtin-extension github.vscode-pull-request-github --install-extension coderoad.coderoad --port 23000 --host 0.0.0.0 --without-connection-token --server-data-dir /workspace/.vscode-remote --do-not-sync --start-server] <nil>). 
[71.380994ms] Terminating process sh with PID 376 (state: S, cmdlind: [sh /home/gitpod/.vscode-server/cli/servers/Stable-dc96b837cf6bb4af9cd736aa3af08cf8279f7685/server/bin/code-server --connection-token=remotessh --accept-server-license-terms --install-extension=gitpod.gitpod-remote-ssh --start-server --enable-remote-auto-shutdown --socket-path=/tmp/code-56661fed-86cd-4093-9f89-0929fa8f0c69] <nil>). 
[74.180663ms] Terminating main process errored: waitid: no child processes 
[71.848234ms] Terminating process MicrosoftSqlToo with PID 62420 (state: S, cmdlind: [/home/gitpod/.vscode-server/extensions/ms-mssql.mssql-1.22.1/sqltoolsservice/4.10.2.1/Ubuntu16/MicrosoftSqlToolsServiceLayer --log-file /home/gitpod/.vscode-server/data/logs/20240528T073358/exthost4/ms-mssql.mssql/sqltools.log --tracing-level Critical --application-name Code --data-path /home/gitpod/.config --enable-sql-authentication-provider --enable-connection-pooling] <nil>). 
[74.291103ms] Terminating main process errored: waitid: no child processes 
[73.704234ms] Terminating process TabNine-server- with PID 61919 (state: S, cmdlind: [/home/gitpod/.vscode-server/data/User/globalStorage/tabnine.tabnine-vscode/binaries/4.163.0/x86_64-unknown-linux-musl/TabNine-server-runner vdb 1.7.3-fix.1 --tls_config insecure=false --port_env_var QDRANT__SERVICE__GRPC_PORT -- --config-path {BINARY_DIR}/config.yaml] <nil>). 
[74.302143ms] Terminating main process errored: waitid: no child processes 
[71.868863ms] Terminating process node with PID 60914 (state: S, cmdlind: [/home/gitpod/.vscode-server/cli/servers/Stable-dc96b837cf6bb4af9cd736aa3af08cf8279f7685/server/node --dns-result-order=ipv4first /home/gitpod/.vscode-server/cli/servers/Stable-dc96b837cf6bb4af9cd736aa3af08cf8279f7685/server/out/bootstrap-fork --type=extensionHost --transformURIs --useHostProxy=false] <nil>). 
[74.324943ms] Terminating main process errored: waitid: no child processes 
[71.930923ms] Terminating process node with PID 60687 (state: S, cmdlind: [/ide/node /ide/out/bootstrap-fork --type=ptyHost --logsPath /workspace/.vscode-remote/data/logs/20240528T073025] <nil>). 
[71.859663ms] Terminating process TabNine with PID 61540 (state: S, cmdlind: [/home/gitpod/.vscode-server/data/User/globalStorage/tabnine.tabnine-vscode/binaries/4.163.0/x86_64-unknown-linux-musl/TabNine --tls_config insecure=false --no-lsp=true --client=vscode --client-metadata clientVersion=1.89.1 pluginVersion=3.102.0 t9-vscode-AutoImportEnabled=true t9-vscode-TSAutoImportEnabled=true t9-vscode-JSAutoImportEnabled=true vscode-telemetry-enabled=true vscode-remote=true vscode-remote-name=ssh-remote vscode-extension-kind=2 vscode-theme-name=GitHub Dark High Contrast vscode-theme-kind=HighContrast vscode-machine-id=edb49b92765dff76f9e9e712f4622af1cf808d5c01c85e54fb14b829b14edd7c vscode-is-new-app-install=false vscode-session-id=d75292cb-b27e-4c72-8711-00626e0202e61716891816428 vscode-language=en vscode-app-name=Visual Studio Code vscode-beta-channel-enabled=false vscode-status-customization=unknown vscode-inline-api-enabled=false vscode-code-lens-enabled=true vscode-found-intellicode=false ide-restart-counter=0 --no_bootstrap] <nil>). 
[74.450423ms] Terminating main process errored: waitid: no child processes 
[73.994743ms] Terminating main process errored: waitid: no child processes 
[72.916523ms] Terminating main process errored: waitid: no child processes 
[71.065594ms] Terminating process SqlToolsResourc with PID 62422 (state: S, cmdlind: [/home/gitpod/.vscode-server/extensions/ms-mssql.mssql-1.22.1/sqltoolsservice/4.10.2.1/Ubuntu16/SqlToolsResourceProviderService --log-file /home/gitpod/.vscode-server/data/logs/20240528T073358/exthost4/ms-mssql.mssql/resourceprovider.log --tracing-level Critical] <nil>). 
[74.512403ms] Terminating main process errored: waitid: no child processes 
[72.326774ms] Terminating process lang_server_lin with PID 160415 (state: S, cmdlind: [/bin/sh /home/gitpod/.vscode-server/extensions/georgewfraser.vscode-javac-0.2.46/dist/lang_server_linux.sh] <nil>). 
[74.536423ms] Terminating main process errored: waitid: no child processes 
[73.844554ms] Terminating main process errored: waitid: no child processes 
[71.846554ms] Terminating process bash with PID 60710 (state: S, cmdlind: [/bin/bash --init-file /ide/out/vs/workbench/contrib/terminal/browser/media/shellIntegration-bash.sh] <nil>). 
[74.572473ms] Terminating main process errored: waitid: no child processes 
[71.755363ms] Terminating process node with PID 61334 (state: S, cmdlind: [/home/gitpod/.vscode-server/cli/servers/Stable-dc96b837cf6bb4af9cd736aa3af08cf8279f7685/server/node /home/gitpod/.vscode-server/extensions/kisstkondoros.vscode-gutter-preview-0.31.2/dist/server.js --node-ipc --clientProcessId=60914] <nil>). 
[74.607353ms] Terminating main process errored: waitid: no child processes 
[73.902734ms] Terminating main process errored: waitid: no child processes 
[71.829443ms] Terminating process node with PID 61341 (state: S, cmdlind: [/home/gitpod/.vscode-server/cli/servers/Stable-dc96b837cf6bb4af9cd736aa3af08cf8279f7685/server/node /home/gitpod/.vscode-server/extensions/streetsidesoftware.code-spell-checker-3.0.1/packages/_server/dist/main.cjs --node-ipc --clientProcessId=60914] <nil>). 
[74.640733ms] Terminating main process errored: waitid: no child processes 
[74.542513ms] Terminating main process errored: waitid: no child processes 
[74.641093ms] Terminating main process errored: waitid: no child processes 
[73.915523ms] Terminating main process errored: waitid: no child processes 
[71.891394ms] Terminating process TabNine with PID 61463 (state: S, cmdlind: [/home/gitpod/.vscode-server/data/User/globalStorage/tabnine.tabnine-vscode/binaries/4.163.0/x86_64-unknown-linux-musl/TabNine --tls_config insecure=false --no-lsp=true --client=vscode --client-metadata clientVersion=1.89.1 pluginVersion=3.102.0 t9-vscode-AutoImportEnabled=true t9-vscode-TSAutoImportEnabled=true t9-vscode-JSAutoImportEnabled=true vscode-telemetry-enabled=true vscode-remote=true vscode-remote-name=ssh-remote vscode-extension-kind=2 vscode-theme-name=GitHub Dark High Contrast vscode-theme-kind=HighContrast vscode-machine-id=edb49b92765dff76f9e9e712f4622af1cf808d5c01c85e54fb14b829b14edd7c vscode-is-new-app-install=false vscode-session-id=d75292cb-b27e-4c72-8711-00626e0202e61716891816428 vscode-language=en vscode-app-name=Visual Studio Code vscode-beta-channel-enabled=false vscode-status-customization=unknown vscode-inline-api-enabled=false vscode-code-lens-enabled=true vscode-found-intellicode=false ide-restart-counter=0] <nil>). 
[74.857343ms] Terminating main process errored: waitid: no child processes 
[74.943023ms] Terminating main process errored: waitid: no child processes 
[75.064773ms] Terminating main process errored: waitid: no child processes 
[115.346979ms] Terminating main process errored: waitid: no child processes 
[200.758671ms] Terminating process TabNine with PID 61540 (state: S, cmdlind: [/home/gitpod/.vscode-server/data/User/globalStorage/tabnine.tabnine-vscode/binaries/4.163.0/x86_64-unknown-linux-musl/TabNine --tls_config insecure=false --no-lsp=true --client=vscode --client-metadata clientVersion=1.89.1 pluginVersion=3.102.0 t9-vscode-AutoImportEnabled=true t9-vscode-TSAutoImportEnabled=true t9-vscode-JSAutoImportEnabled=true vscode-telemetry-enabled=true vscode-remote=true vscode-remote-name=ssh-remote vscode-extension-kind=2 vscode-theme-name=GitHub Dark High Contrast vscode-theme-kind=HighContrast vscode-machine-id=edb49b92765dff76f9e9e712f4622af1cf808d5c01c85e54fb14b829b14edd7c vscode-is-new-app-install=false vscode-session-id=d75292cb-b27e-4c72-8711-00626e0202e61716891816428 vscode-language=en vscode-app-name=Visual Studio Code vscode-beta-channel-enabled=false vscode-status-customization=unknown vscode-inline-api-enabled=false vscode-code-lens-enabled=true vscode-found-intellicode=false ide-restart-counter=0 --no_bootstrap] <nil>). 
[200.845191ms] Terminating main process errored: waitid: no child processes 
[200.961622ms] Terminating process SqlToolsResourc with PID 62422 (state: S, cmdlind: [/home/gitpod/.vscode-server/extensions/ms-mssql.mssql-1.22.1/sqltoolsservice/4.10.2.1/Ubuntu16/SqlToolsResourceProviderService --log-file /home/gitpod/.vscode-server/data/logs/20240528T073358/exthost4/ms-mssql.mssql/resourceprovider.log --tracing-level Critical] <nil>). 
[200.996891ms] Terminating main process errored: waitid: no child processes 
[201.177111ms] Terminating process vdb with PID 61921 (state: R, cmdlind: [/home/gitpod/.local/share/TabNine/servers/vdb/1.7.3-fix.1/download/vdb --config-path /home/gitpod/.local/share/TabNine/servers/vdb/1.7.3-fix.1/download/config.yaml] <nil>). 
[201.292362ms] Terminating process Microsoft.CodeA with PID 63343 (state: S, cmdlind: [/home/gitpod/.vscode-server/extensions/ms-dotnettools.csharp-2.30.28-linux-x64/.roslyn/Microsoft.CodeAnalysis.LanguageServer --logLevel Information --razorSourceGenerator /home/gitpod/.vscode-server/extensions/ms-dotnettools.csharp-2.30.28-linux-x64/.razor/Microsoft.CodeAnalysis.Razor.Compiler.dll --starredCompletionComponentPath /home/gitpod/.vscode-server/extensions/ms-dotnettools.vscodeintellicode-csharp-2.1.11-linux-x64/components/starred-suggestions/platforms/linux-x64/node_modules/@vsintellicode/starred-suggestions-csharp.linux-x64 --devKitDependencyPath /home/gitpod/.vscode-server/extensions/ms-dotnettools.csharp-2.30.28-linux-x64/.roslynDevKit/Microsoft.VisualStudio.LanguageServices.DevKit.dll --sessionId d75292cb-b27e-4c72-8711-00626e0202e61716891816428 --extension /home/gitpod/.vscode-server/extensions/ms-dotnettools.csharp-2.30.28-linux-x64/.xamlTools/Microsoft.VisualStudio.DesignTools.CodeAnalysis.dll --extension /home/gitpod/.vscode-server/extensions/ms-dotnettools.csharp-2.30.28-linux-x64/.xamlTools/Microsoft.VisualStudio.DesignTools.CodeAnalysis.Diagnostics.dll --telemetryLevel all --extensionLogDirectory /home/gitpod/.vscode-server/data/logs/20240528T073358/exthost4/ms-dotnettools.csharp] <nil>). 
[201.518631ms] Terminating main process errored: waitid: no child processes 
[202.150282ms] Terminating process java with PID 160419 (state: S, cmdlind: [/home/gitpod/.vscode-server/extensions/georgewfraser.vscode-javac-0.2.46/dist/linux/bin/java --add-exports jdk.compiler/com.sun.tools.javac.api=ALL-UNNAMED --add-exports jdk.compiler/com.sun.tools.javac.code=ALL-UNNAMED --add-exports jdk.compiler/com.sun.tools.javac.comp=ALL-UNNAMED --add-exports jdk.compiler/com.sun.tools.javac.main=ALL-UNNAMED --add-exports jdk.compiler/com.sun.tools.javac.tree=ALL-UNNAMED --add-exports jdk.compiler/com.sun.tools.javac.model=ALL-UNNAMED --add-exports jdk.compiler/com.sun.tools.javac.util=ALL-UNNAMED --add-opens jdk.compiler/com.sun.tools.javac.api=ALL-UNNAMED -classpath /home/gitpod/.vscode-server/extensions/georgewfraser.vscode-javac-0.2.46/dist/classpath/gson-2.8.9.jar:/home/gitpod/.vscode-server/extensions/georgewfraser.vscode-javac-0.2.46/dist/classpath/protobuf-java-3.19.6.jar:/home/gitpod/.vscode-server/extensions/georgewfraser.vscode-javac-0.2.46/dist/classpath/java-language-server.jar org.javacs.Main] <nil>). 
[202.681782ms] Terminating process dotnet with PID 62343 (state: S, cmdlind: [/home/gitpod/.vscode-server/data/User/globalStorage/ms-dotnettools.vscode-dotnet-runtime/.dotnet/6.0.30~x64/dotnet /home/gitpod/.vscode-server/extensions/visualstudioexptteam.vscodeintellicode-insiders-1.1.10/dist/Prose/ProseServer.dll] <nil>). 
[202.713102ms] Terminating main process errored: waitid: no child processes 
[202.714202ms] Terminating process MicrosoftSqlToo with PID 62420 (state: S, cmdlind: [/home/gitpod/.vscode-server/extensions/ms-mssql.mssql-1.22.1/sqltoolsservice/4.10.2.1/Ubuntu16/MicrosoftSqlToolsServiceLayer --log-file /home/gitpod/.vscode-server/data/logs/20240528T073358/exthost4/ms-mssql.mssql/sqltools.log --tracing-level Critical --application-name Code --data-path /home/gitpod/.config --enable-sql-authentication-provider --enable-connection-pooling] <nil>). 
[202.735571ms] Terminating main process errored: waitid: no child processes 
[414.529351ms] Terminating main process errored: waitid: no child processes 
[613.023193ms] Terminating main process errored: waitid: no child processes 
[617.575003ms] Couldn't obtain process information for PID 61327. 
[617.616163ms] Couldn't obtain process information for PID 61334. 
[617.730312ms] Terminating process Microsoft.CodeA with PID 63343 (state: S, cmdlind: [/home/gitpod/.vscode-server/extensions/ms-dotnettools.csharp-2.30.28-linux-x64/.roslyn/Microsoft.CodeAnalysis.LanguageServer --logLevel Information --razorSourceGenerator /home/gitpod/.vscode-server/extensions/ms-dotnettools.csharp-2.30.28-linux-x64/.razor/Microsoft.CodeAnalysis.Razor.Compiler.dll --starredCompletionComponentPath /home/gitpod/.vscode-server/extensions/ms-dotnettools.vscodeintellicode-csharp-2.1.11-linux-x64/components/starred-suggestions/platforms/linux-x64/node_modules/@vsintellicode/starred-suggestions-csharp.linux-x64 --devKitDependencyPath /home/gitpod/.vscode-server/extensions/ms-dotnettools.csharp-2.30.28-linux-x64/.roslynDevKit/Microsoft.VisualStudio.LanguageServices.DevKit.dll --sessionId d75292cb-b27e-4c72-8711-00626e0202e61716891816428 --extension /home/gitpod/.vscode-server/extensions/ms-dotnettools.csharp-2.30.28-linux-x64/.xamlTools/Microsoft.VisualStudio.DesignTools.CodeAnalysis.dll --extension /home/gitpod/.vscode-server/extensions/ms-dotnettools.csharp-2.30.28-linux-x64/.xamlTools/Microsoft.VisualStudio.DesignTools.CodeAnalysis.Diagnostics.dll --telemetryLevel all --extensionLogDirectory /home/gitpod/.vscode-server/data/logs/20240528T073358/exthost4/ms-dotnettools.csharp] <nil>). 
[617.814392ms] Couldn't obtain process information for PID 61540. 
[737.385741ms] Terminating main process errored: wait: no child processes 
[737.864761ms] Finished shutting down all processes. 
