2024-05-29 04:25:30.932 [warning] /home/gitpod/.ssh/config: ENOENT: no such file or directory, open '/home/gitpod/.ssh/config'
2024-05-29 04:25:30.932 [info] Activation> Extension version: 0.88.1
2024-05-29 04:25:35.654 [info] Looking for git repository
2024-05-29 04:25:35.654 [info] Found 0 repositories during activation
2024-05-29 04:25:35.654 [info] Git repository found, initializing review manager and pr tree view.
2024-05-29 04:25:35.659 [info] Registering git provider
2024-05-29 04:25:35.659 [info] Review+0> Validate state in progress
2024-05-29 04:25:35.659 [info] Review+0> Validating state...
2024-05-29 04:25:35.930 [info] Found GitHub remote for folder /workspace/project
2024-05-29 04:25:35.932 [info] Trying to use globalState for assignableUsers.
2024-05-29 04:25:35.965 [info] Review+0> No matching pull request metadata found locally for current branch main
2024-05-29 04:25:36.007 [info] Review+0> No matching pull request metadata found on GitHub for current branch main
2024-05-29 04:25:36.226 [info] GlobalState does not exist for assignableUsers.
2024-05-29 04:34:51.345 [info] Review+0> Validate state in progress
2024-05-29 04:34:51.345 [info] Review+0> Validating state...
2024-05-29 04:34:51.345 [info] Repo state for file:///workspace/project changed.
2024-05-29 04:34:51.345 [info] Repo file:///workspace/project has already been setup.
2024-05-29 04:34:51.608 [info] Found GitHub remote for folder /workspace/project
2024-05-29 04:34:51.609 [info] Using in-memory cached assignable users.
2024-05-29 04:34:51.632 [info] Review+0> No matching pull request metadata found locally for current branch main
2024-05-29 04:34:51.645 [info] Review+0> No matching pull request metadata found on GitHub for current branch main
2024-05-29 04:37:40.512 [info] Review+0> Validate state in progress
2024-05-29 04:37:40.512 [info] Review+0> Validating state...
2024-05-29 04:37:40.764 [info] Found GitHub remote for folder /workspace/project
2024-05-29 04:37:40.765 [info] Using in-memory cached assignable users.
2024-05-29 04:37:40.788 [info] Review+0> No matching pull request metadata found locally for current branch main
2024-05-29 04:37:40.802 [info] Review+0> No matching pull request metadata found on GitHub for current branch main
2024-05-29 04:38:26.325 [info] Review+0> Validate state in progress
2024-05-29 04:38:26.325 [info] Review+0> Validating state...
2024-05-29 04:38:26.577 [info] Found GitHub remote for folder /workspace/project
2024-05-29 04:38:26.578 [info] Using in-memory cached assignable users.
2024-05-29 04:38:26.601 [info] Review+0> No matching pull request metadata found locally for current branch main
2024-05-29 04:38:26.615 [info] Review+0> No matching pull request metadata found on GitHub for current branch main
2024-05-29 04:38:43.557 [info] Review+0> Validate state in progress
2024-05-29 04:38:43.557 [info] Review+0> Validating state...
2024-05-29 04:38:43.822 [info] Found GitHub remote for folder /workspace/project
2024-05-29 04:38:43.823 [info] Using in-memory cached assignable users.
2024-05-29 04:38:43.848 [info] Review+0> No matching pull request metadata found locally for current branch main
2024-05-29 04:38:43.862 [info] Review+0> No matching pull request metadata found on GitHub for current branch main
2024-05-29 04:44:13.820 [info] Review+0> Validate state in progress
2024-05-29 04:44:13.820 [info] Review+0> Validating state...
2024-05-29 04:44:14.095 [info] Found GitHub remote for folder /workspace/project
2024-05-29 04:44:14.096 [info] Using in-memory cached assignable users.
2024-05-29 04:44:14.123 [info] Review+0> No matching pull request metadata found locally for current branch main
2024-05-29 04:44:14.137 [info] Review+0> No matching pull request metadata found on GitHub for current branch main
2024-05-29 04:44:28.945 [info] Review+0> Validate state in progress
2024-05-29 04:44:28.945 [info] Review+0> Validating state...
2024-05-29 04:44:29.192 [info] Found GitHub remote for folder /workspace/project
2024-05-29 04:44:29.193 [info] Using in-memory cached assignable users.
2024-05-29 04:44:29.217 [info] Review+0> No matching pull request metadata found locally for current branch main
2024-05-29 04:44:29.231 [info] Review+0> No matching pull request metadata found on GitHub for current branch main
2024-05-29 04:45:12.432 [info] Review+0> Validate state in progress
2024-05-29 04:45:12.432 [info] Review+0> Validating state...
2024-05-29 04:45:12.704 [info] Found GitHub remote for folder /workspace/project
2024-05-29 04:45:12.704 [info] Using in-memory cached assignable users.
2024-05-29 04:45:12.730 [info] Review+0> No matching pull request metadata found locally for current branch main
2024-05-29 04:45:12.747 [info] Review+0> No matching pull request metadata found on GitHub for current branch main
2024-05-29 04:45:22.521 [info] Review+0> Validate state in progress
2024-05-29 04:45:22.521 [info] Review+0> Validating state...
2024-05-29 04:45:22.762 [info] Found GitHub remote for folder /workspace/project
2024-05-29 04:45:22.762 [info] Using in-memory cached assignable users.
2024-05-29 04:45:22.786 [info] Review+0> No matching pull request metadata found locally for current branch main
2024-05-29 04:45:22.799 [info] Review+0> No matching pull request metadata found on GitHub for current branch main
2024-05-29 04:45:57.769 [info] Review+0> Validate state in progress
2024-05-29 04:45:57.769 [info] Review+0> Validating state...
2024-05-29 04:45:58.012 [info] Found GitHub remote for folder /workspace/project
2024-05-29 04:45:58.013 [info] Using in-memory cached assignable users.
2024-05-29 04:45:58.037 [info] Review+0> No matching pull request metadata found locally for current branch main
2024-05-29 04:45:58.055 [info] Review+0> No matching pull request metadata found on GitHub for current branch main
2024-05-29 04:46:07.855 [info] Review+0> Validate state in progress
2024-05-29 04:46:07.855 [info] Review+0> Validating state...
2024-05-29 04:46:08.104 [info] Found GitHub remote for folder /workspace/project
2024-05-29 04:46:08.105 [info] Using in-memory cached assignable users.
2024-05-29 04:46:08.130 [info] Review+0> No matching pull request metadata found locally for current branch main
2024-05-29 04:46:08.145 [info] Review+0> No matching pull request metadata found on GitHub for current branch main
2024-05-29 04:47:15.197 [info] Review+0> Validate state in progress
2024-05-29 04:47:15.197 [info] Review+0> Validating state...
2024-05-29 04:47:15.461 [info] Found GitHub remote for folder /workspace/project
2024-05-29 04:47:15.462 [info] Using in-memory cached assignable users.
2024-05-29 04:47:15.490 [info] Review+0> No matching pull request metadata found locally for current branch main
2024-05-29 04:47:15.505 [info] Review+0> No matching pull request metadata found on GitHub for current branch main
2024-05-29 04:48:06.488 [info] Review+0> Validate state in progress
2024-05-29 04:48:06.488 [info] Review+0> Validating state...
2024-05-29 04:48:06.730 [info] Found GitHub remote for folder /workspace/project
2024-05-29 04:48:06.731 [info] Using in-memory cached assignable users.
2024-05-29 04:48:06.755 [info] Review+0> No matching pull request metadata found locally for current branch main
2024-05-29 04:48:06.770 [info] Review+0> No matching pull request metadata found on GitHub for current branch main
2024-05-29 04:48:37.741 [info] Review+0> Validate state in progress
2024-05-29 04:48:37.741 [info] Review+0> Validating state...
2024-05-29 04:48:38.007 [info] Found GitHub remote for folder /workspace/project
2024-05-29 04:48:38.008 [info] Using in-memory cached assignable users.
2024-05-29 04:48:38.031 [info] Review+0> No matching pull request metadata found locally for current branch main
2024-05-29 04:48:38.045 [info] Review+0> No matching pull request metadata found on GitHub for current branch main
2024-05-29 04:48:53.430 [info] Review+0> Validate state in progress
2024-05-29 04:48:53.430 [info] Review+0> Validating state...
2024-05-29 04:48:53.672 [info] Found GitHub remote for folder /workspace/project
2024-05-29 04:48:53.673 [info] Using in-memory cached assignable users.
2024-05-29 04:48:53.697 [info] Review+0> No matching pull request metadata found locally for current branch main
2024-05-29 04:48:53.711 [info] Review+0> No matching pull request metadata found on GitHub for current branch main
2024-05-29 04:49:37.945 [info] Review+0> Validate state in progress
2024-05-29 04:49:37.945 [info] Review+0> Validating state...
2024-05-29 04:49:38.188 [info] Found GitHub remote for folder /workspace/project
2024-05-29 04:49:38.189 [info] Using in-memory cached assignable users.
2024-05-29 04:49:38.217 [info] Review+0> No matching pull request metadata found locally for current branch main
2024-05-29 04:49:38.232 [info] Review+0> No matching pull request metadata found on GitHub for current branch main
2024-05-29 04:50:08.353 [info] Review+0> Validate state in progress
2024-05-29 04:50:08.353 [info] Review+0> Validating state...
2024-05-29 04:50:08.610 [info] Found GitHub remote for folder /workspace/project
2024-05-29 04:50:08.610 [info] Using in-memory cached assignable users.
2024-05-29 04:50:08.638 [info] Review+0> No matching pull request metadata found locally for current branch main
2024-05-29 04:50:08.654 [info] Review+0> No matching pull request metadata found on GitHub for current branch main
2024-05-29 04:51:15.325 [info] Review+0> Validate state in progress
2024-05-29 04:51:15.325 [info] Review+0> Validating state...
2024-05-29 04:51:15.593 [info] Found GitHub remote for folder /workspace/project
2024-05-29 04:51:15.593 [info] Using in-memory cached assignable users.
2024-05-29 04:51:15.619 [info] Review+0> No matching pull request metadata found locally for current branch main
2024-05-29 04:51:15.632 [info] Review+0> No matching pull request metadata found on GitHub for current branch main
2024-05-29 04:51:30.448 [info] Review+0> Validate state in progress
2024-05-29 04:51:30.448 [info] Review+0> Validating state...
2024-05-29 04:51:30.721 [info] Found GitHub remote for folder /workspace/project
2024-05-29 04:51:30.722 [info] Using in-memory cached assignable users.
2024-05-29 04:51:30.745 [info] Review+0> No matching pull request metadata found locally for current branch main
2024-05-29 04:51:30.758 [info] Review+0> No matching pull request metadata found on GitHub for current branch main
2024-05-29 04:56:10.663 [info] Review+0> Validate state in progress
2024-05-29 04:56:10.663 [info] Review+0> Validating state...
2024-05-29 04:56:10.929 [info] Found GitHub remote for folder /workspace/project
2024-05-29 04:56:10.929 [info] Using in-memory cached assignable users.
2024-05-29 04:56:10.954 [info] Review+0> No matching pull request metadata found locally for current branch main
2024-05-29 04:56:10.968 [info] Review+0> No matching pull request metadata found on GitHub for current branch main
2024-05-29 04:56:46.669 [info] Review+0> Validate state in progress
2024-05-29 04:56:46.669 [info] Review+0> Validating state...
2024-05-29 04:56:46.910 [info] Found GitHub remote for folder /workspace/project
2024-05-29 04:56:46.910 [info] Using in-memory cached assignable users.
2024-05-29 04:56:46.934 [info] Review+0> No matching pull request metadata found locally for current branch main
2024-05-29 04:56:46.949 [info] Review+0> No matching pull request metadata found on GitHub for current branch main
2024-05-29 05:04:34.976 [info] Review+0> Validate state in progress
2024-05-29 05:04:34.977 [info] Review+0> Validating state...
2024-05-29 05:04:35.507 [info] Found GitHub remote for folder /workspace/project
2024-05-29 05:04:35.508 [info] Using in-memory cached assignable users.
2024-05-29 05:04:35.536 [info] Review+0> No matching pull request metadata found locally for current branch main
2024-05-29 05:04:35.560 [info] Review+0> No matching pull request metadata found on GitHub for current branch main
2024-05-29 05:04:40.018 [info] Review+0> Validate state in progress
2024-05-29 05:04:40.018 [info] Review+0> Validating state...
2024-05-29 05:04:40.286 [info] Found GitHub remote for folder /workspace/project
2024-05-29 05:04:40.287 [info] Using in-memory cached assignable users.
2024-05-29 05:04:40.311 [info] Review+0> No matching pull request metadata found locally for current branch main
2024-05-29 05:04:40.326 [info] Review+0> No matching pull request metadata found on GitHub for current branch main
2024-05-29 05:08:09.639 [info] Review+0> Validate state in progress
2024-05-29 05:08:09.639 [info] Review+0> Validating state...
2024-05-29 05:08:09.884 [info] Found GitHub remote for folder /workspace/project
2024-05-29 05:08:09.885 [info] Using in-memory cached assignable users.
2024-05-29 05:08:09.908 [info] Review+0> No matching pull request metadata found locally for current branch main
2024-05-29 05:08:09.923 [info] Review+0> No matching pull request metadata found on GitHub for current branch main
2024-05-29 05:08:25.326 [info] Review+0> Validate state in progress
2024-05-29 05:08:25.326 [info] Review+0> Validating state...
2024-05-29 05:08:25.570 [info] Found GitHub remote for folder /workspace/project
2024-05-29 05:08:25.571 [info] Using in-memory cached assignable users.
2024-05-29 05:08:25.599 [info] Review+0> No matching pull request metadata found locally for current branch main
2024-05-29 05:08:25.616 [info] Review+0> No matching pull request metadata found on GitHub for current branch main
2024-05-29 05:09:30.828 [info] Review+0> Validate state in progress
2024-05-29 05:09:30.828 [info] Review+0> Validating state...
2024-05-29 05:09:31.073 [info] Found GitHub remote for folder /workspace/project
2024-05-29 05:09:31.073 [info] Using in-memory cached assignable users.
2024-05-29 05:09:31.100 [info] Review+0> No matching pull request metadata found locally for current branch main
2024-05-29 05:09:31.114 [info] Review+0> No matching pull request metadata found on GitHub for current branch main
2024-05-29 05:10:00.161 [info] Review+0> Validate state in progress
2024-05-29 05:10:00.161 [info] Review+0> Validating state...
2024-05-29 05:10:00.422 [info] Found GitHub remote for folder /workspace/project
2024-05-29 05:10:00.423 [info] Using in-memory cached assignable users.
2024-05-29 05:10:00.451 [info] Review+0> No matching pull request metadata found locally for current branch main
2024-05-29 05:10:00.468 [info] Review+0> No matching pull request metadata found on GitHub for current branch main
2024-05-29 05:15:38.403 [info] Review+0> Validate state in progress
2024-05-29 05:15:38.403 [info] Review+0> Validating state...
2024-05-29 05:15:38.658 [info] Found GitHub remote for folder /workspace/project
2024-05-29 05:15:38.659 [info] Using in-memory cached assignable users.
2024-05-29 05:15:38.688 [info] Review+0> No matching pull request metadata found locally for current branch main
2024-05-29 05:15:38.706 [info] Review+0> No matching pull request metadata found on GitHub for current branch main
2024-05-29 05:16:12.003 [info] Review+0> Validate state in progress
2024-05-29 05:16:12.003 [info] Review+0> Validating state...
2024-05-29 05:16:12.259 [info] Found GitHub remote for folder /workspace/project
2024-05-29 05:16:12.260 [info] Using in-memory cached assignable users.
2024-05-29 05:16:12.297 [info] Review+0> No matching pull request metadata found locally for current branch main
2024-05-29 05:16:12.322 [info] Review+0> No matching pull request metadata found on GitHub for current branch main
2024-05-29 05:18:21.497 [info] Review+0> Validate state in progress
2024-05-29 05:18:21.497 [info] Review+0> Validating state...
2024-05-29 05:18:21.755 [info] Found GitHub remote for folder /workspace/project
2024-05-29 05:18:21.755 [info] Using in-memory cached assignable users.
2024-05-29 05:18:21.781 [info] Review+0> No matching pull request metadata found locally for current branch main
2024-05-29 05:18:21.795 [info] Review+0> No matching pull request metadata found on GitHub for current branch main
2024-05-29 05:19:10.628 [info] Review+0> Validate state in progress
2024-05-29 05:19:10.629 [info] Review+0> Validating state...
2024-05-29 05:19:10.915 [info] Found GitHub remote for folder /workspace/project
2024-05-29 05:19:10.915 [info] Using in-memory cached assignable users.
2024-05-29 05:19:10.939 [info] Review+0> No matching pull request metadata found locally for current branch main
2024-05-29 05:19:10.953 [info] Review+0> No matching pull request metadata found on GitHub for current branch main
2024-05-29 05:19:15.671 [info] Review+0> Validate state in progress
2024-05-29 05:19:15.671 [info] Review+0> Validating state...
2024-05-29 05:19:15.923 [info] Found GitHub remote for folder /workspace/project
2024-05-29 05:19:15.923 [info] Using in-memory cached assignable users.
2024-05-29 05:19:15.948 [info] Review+0> No matching pull request metadata found locally for current branch main
2024-05-29 05:19:15.963 [info] Review+0> No matching pull request metadata found on GitHub for current branch main
2024-05-29 05:21:05.587 [info] Review+0> Validate state in progress
2024-05-29 05:21:05.587 [info] Review+0> Validating state...
2024-05-29 05:21:05.862 [info] Found GitHub remote for folder /workspace/project
2024-05-29 05:21:05.862 [info] Using in-memory cached assignable users.
2024-05-29 05:21:05.889 [info] Review+0> No matching pull request metadata found locally for current branch main
2024-05-29 05:21:05.906 [info] Review+0> No matching pull request metadata found on GitHub for current branch main
2024-05-29 05:22:04.507 [info] Review+0> Validate state in progress
2024-05-29 05:22:04.507 [info] Review+0> Validating state...
2024-05-29 05:22:04.758 [info] Found GitHub remote for folder /workspace/project
2024-05-29 05:22:04.759 [info] Using in-memory cached assignable users.
2024-05-29 05:22:04.789 [info] Review+0> No matching pull request metadata found locally for current branch main
2024-05-29 05:22:04.807 [info] Review+0> No matching pull request metadata found on GitHub for current branch main
2024-05-29 05:24:29.677 [info] Review+0> Validate state in progress
2024-05-29 05:24:29.677 [info] Review+0> Validating state...
2024-05-29 05:24:29.926 [info] Found GitHub remote for folder /workspace/project
2024-05-29 05:24:29.927 [info] Using in-memory cached assignable users.
2024-05-29 05:24:29.954 [info] Review+0> No matching pull request metadata found locally for current branch main
2024-05-29 05:24:29.972 [info] Review+0> No matching pull request metadata found on GitHub for current branch main
2024-05-29 05:26:12.885 [info] Review+0> Validate state in progress
2024-05-29 05:26:12.885 [info] Review+0> Validating state...
2024-05-29 05:26:13.127 [info] Found GitHub remote for folder /workspace/project
2024-05-29 05:26:13.128 [info] Using in-memory cached assignable users.
2024-05-29 05:26:13.152 [info] Review+0> No matching pull request metadata found locally for current branch main
2024-05-29 05:26:13.166 [info] Review+0> No matching pull request metadata found on GitHub for current branch main
2024-05-29 05:26:36.694 [info] Review+0> Validate state in progress
2024-05-29 05:26:36.694 [info] Review+0> Validating state...
2024-05-29 05:26:37.126 [info] Found GitHub remote for folder /workspace/project
2024-05-29 05:26:37.126 [info] Using in-memory cached assignable users.
2024-05-29 05:26:37.153 [info] Review+0> No matching pull request metadata found locally for current branch main
2024-05-29 05:26:37.169 [info] Review+0> No matching pull request metadata found on GitHub for current branch main
2024-05-29 05:27:09.000 [info] Review+0> Validate state in progress
2024-05-29 05:27:09.000 [info] Review+0> Validating state...
2024-05-29 05:27:09.243 [info] Found GitHub remote for folder /workspace/project
2024-05-29 05:27:09.244 [info] Using in-memory cached assignable users.
2024-05-29 05:27:09.268 [info] Review+0> No matching pull request metadata found locally for current branch main
2024-05-29 05:27:09.282 [info] Review+0> No matching pull request metadata found on GitHub for current branch main
2024-05-29 05:27:50.129 [info] Review+0> Validate state in progress
2024-05-29 05:27:50.129 [info] Review+0> Validating state...
2024-05-29 05:27:50.395 [info] Found GitHub remote for folder /workspace/project
2024-05-29 05:27:50.396 [info] Using in-memory cached assignable users.
2024-05-29 05:27:50.429 [info] Review+0> No matching pull request metadata found locally for current branch main
2024-05-29 05:27:50.445 [info] Review+0> No matching pull request metadata found on GitHub for current branch main
2024-05-29 05:28:22.247 [info] Review+0> Validate state in progress
2024-05-29 05:28:22.247 [info] Review+0> Validating state...
2024-05-29 05:28:22.525 [info] Found GitHub remote for folder /workspace/project
2024-05-29 05:28:22.525 [info] Using in-memory cached assignable users.
2024-05-29 05:28:22.557 [info] Review+0> No matching pull request metadata found locally for current branch main
2024-05-29 05:28:22.574 [info] Review+0> No matching pull request metadata found on GitHub for current branch main
2024-05-29 05:29:16.326 [info] Review+0> Validate state in progress
2024-05-29 05:29:16.326 [info] Review+0> Validating state...
2024-05-29 05:29:16.571 [info] Found GitHub remote for folder /workspace/project
2024-05-29 05:29:16.572 [info] Using in-memory cached assignable users.
2024-05-29 05:29:16.611 [info] Review+0> No matching pull request metadata found locally for current branch main
2024-05-29 05:29:16.630 [info] Review+0> No matching pull request metadata found on GitHub for current branch main
2024-05-29 05:29:26.416 [info] Review+0> Validate state in progress
2024-05-29 05:29:26.416 [info] Review+0> Validating state...
2024-05-29 05:29:26.666 [info] Found GitHub remote for folder /workspace/project
2024-05-29 05:29:26.666 [info] Using in-memory cached assignable users.
2024-05-29 05:29:26.691 [info] Review+0> No matching pull request metadata found locally for current branch main
2024-05-29 05:29:26.704 [info] Review+0> No matching pull request metadata found on GitHub for current branch main
2024-05-29 05:29:58.884 [info] Review+0> Validate state in progress
2024-05-29 05:29:58.884 [info] Review+0> Validating state...
2024-05-29 05:29:59.153 [info] Found GitHub remote for folder /workspace/project
2024-05-29 05:29:59.154 [info] Using in-memory cached assignable users.
2024-05-29 05:29:59.177 [info] Review+0> No matching pull request metadata found locally for current branch main
2024-05-29 05:29:59.191 [info] Review+0> No matching pull request metadata found on GitHub for current branch main
2024-05-29 05:30:34.363 [info] Review+0> Validate state in progress
2024-05-29 05:30:34.363 [info] Review+0> Validating state...
2024-05-29 05:30:34.610 [info] Found GitHub remote for folder /workspace/project
2024-05-29 05:30:34.611 [info] Using in-memory cached assignable users.
2024-05-29 05:30:34.640 [info] Review+0> No matching pull request metadata found locally for current branch main
2024-05-29 05:30:34.658 [info] Review+0> No matching pull request metadata found on GitHub for current branch main
2024-05-29 05:30:44.450 [info] Review+0> Validate state in progress
2024-05-29 05:30:44.450 [info] Review+0> Validating state...
2024-05-29 05:30:44.696 [info] Found GitHub remote for folder /workspace/project
2024-05-29 05:30:44.697 [info] Using in-memory cached assignable users.
2024-05-29 05:30:44.725 [info] Review+0> No matching pull request metadata found locally for current branch main
2024-05-29 05:30:44.739 [info] Review+0> No matching pull request metadata found on GitHub for current branch main
2024-05-29 05:32:30.624 [info] Review+0> Validate state in progress
2024-05-29 05:32:30.624 [info] Review+0> Validating state...
2024-05-29 05:32:30.884 [info] Found GitHub remote for folder /workspace/project
2024-05-29 05:32:30.884 [info] Using in-memory cached assignable users.
2024-05-29 05:32:30.912 [info] Review+0> No matching pull request metadata found locally for current branch main
2024-05-29 05:32:30.928 [info] Review+0> No matching pull request metadata found on GitHub for current branch main
2024-05-29 05:33:00.809 [info] Review+0> Validate state in progress
2024-05-29 05:33:00.809 [info] Review+0> Validating state...
2024-05-29 05:33:01.069 [info] Found GitHub remote for folder /workspace/project
2024-05-29 05:33:01.069 [info] Using in-memory cached assignable users.
2024-05-29 05:33:01.093 [info] Review+0> No matching pull request metadata found locally for current branch main
2024-05-29 05:33:01.107 [info] Review+0> No matching pull request metadata found on GitHub for current branch main
2024-05-29 05:33:15.938 [info] Review+0> Validate state in progress
2024-05-29 05:33:15.938 [info] Review+0> Validating state...
2024-05-29 05:33:16.189 [info] Found GitHub remote for folder /workspace/project
2024-05-29 05:33:16.190 [info] Using in-memory cached assignable users.
2024-05-29 05:33:16.218 [info] Review+0> No matching pull request metadata found locally for current branch main
2024-05-29 05:33:16.234 [info] Review+0> No matching pull request metadata found on GitHub for current branch main
2024-05-29 05:37:18.813 [info] Review+0> Validate state in progress
2024-05-29 05:37:18.813 [info] Review+0> Validating state...
2024-05-29 05:37:19.088 [info] Found GitHub remote for folder /workspace/project
2024-05-29 05:37:19.089 [info] Using in-memory cached assignable users.
2024-05-29 05:37:19.112 [info] Review+0> No matching pull request metadata found locally for current branch main
2024-05-29 05:37:19.125 [info] Review+0> No matching pull request metadata found on GitHub for current branch main
2024-05-29 05:37:28.894 [info] Review+0> Validate state in progress
2024-05-29 05:37:28.894 [info] Review+0> Validating state...
2024-05-29 05:37:29.157 [info] Found GitHub remote for folder /workspace/project
2024-05-29 05:37:29.158 [info] Using in-memory cached assignable users.
2024-05-29 05:37:29.184 [info] Review+0> No matching pull request metadata found locally for current branch main
2024-05-29 05:37:29.200 [info] Review+0> No matching pull request metadata found on GitHub for current branch main
2024-05-29 05:38:41.405 [info] Review+0> Validate state in progress
2024-05-29 05:38:41.405 [info] Review+0> Validating state...
2024-05-29 05:38:41.670 [info] Found GitHub remote for folder /workspace/project
2024-05-29 05:38:41.670 [info] Using in-memory cached assignable users.
2024-05-29 05:38:41.693 [info] Review+0> No matching pull request metadata found locally for current branch main
2024-05-29 05:38:41.706 [info] Review+0> No matching pull request metadata found on GitHub for current branch main
2024-05-29 05:40:49.899 [info] Review+0> Validate state in progress
2024-05-29 05:40:49.899 [info] Review+0> Validating state...
2024-05-29 05:40:50.155 [info] Found GitHub remote for folder /workspace/project
2024-05-29 05:40:50.156 [info] Using in-memory cached assignable users.
2024-05-29 05:40:50.180 [info] Review+0> No matching pull request metadata found locally for current branch main
2024-05-29 05:40:50.193 [info] Review+0> No matching pull request metadata found on GitHub for current branch main
2024-05-29 05:44:32.098 [info] Review+0> Validate state in progress
2024-05-29 05:44:32.098 [info] Review+0> Validating state...
2024-05-29 05:44:32.345 [info] Found GitHub remote for folder /workspace/project
2024-05-29 05:44:32.345 [info] Using in-memory cached assignable users.
2024-05-29 05:44:32.369 [info] Review+0> No matching pull request metadata found locally for current branch main
2024-05-29 05:44:32.384 [info] Review+0> No matching pull request metadata found on GitHub for current branch main
2024-05-29 05:45:14.567 [info] Review+0> Validate state in progress
2024-05-29 05:45:14.567 [info] Review+0> Validating state...
2024-05-29 05:45:14.815 [info] Found GitHub remote for folder /workspace/project
2024-05-29 05:45:14.816 [info] Using in-memory cached assignable users.
2024-05-29 05:45:14.841 [info] Review+0> No matching pull request metadata found locally for current branch main
2024-05-29 05:45:14.855 [info] Review+0> No matching pull request metadata found on GitHub for current branch main
2024-05-29 05:46:51.722 [info] Review+0> Validate state in progress
2024-05-29 05:46:51.722 [info] Review+0> Validating state...
2024-05-29 05:46:51.983 [info] Found GitHub remote for folder /workspace/project
2024-05-29 05:46:51.983 [info] Using in-memory cached assignable users.
2024-05-29 05:46:52.008 [info] Review+0> No matching pull request metadata found locally for current branch main
2024-05-29 05:46:52.022 [info] Review+0> No matching pull request metadata found on GitHub for current branch main
2024-05-29 05:47:14.146 [info] Review+0> Validate state in progress
2024-05-29 05:47:14.146 [info] Review+0> Validating state...
2024-05-29 05:47:14.394 [info] Found GitHub remote for folder /workspace/project
2024-05-29 05:47:14.395 [info] Using in-memory cached assignable users.
2024-05-29 05:47:14.418 [info] Review+0> No matching pull request metadata found locally for current branch main
2024-05-29 05:47:14.431 [info] Review+0> No matching pull request metadata found on GitHub for current branch main
2024-05-29 05:47:51.289 [info] Review+0> Validate state in progress
2024-05-29 05:47:51.289 [info] Review+0> Validating state...
2024-05-29 05:47:51.544 [info] Found GitHub remote for folder /workspace/project
2024-05-29 05:47:51.545 [info] Using in-memory cached assignable users.
2024-05-29 05:47:51.575 [info] Review+0> No matching pull request metadata found locally for current branch main
2024-05-29 05:47:51.590 [info] Review+0> No matching pull request metadata found on GitHub for current branch main
2024-05-29 05:48:13.094 [info] Review+0> Validate state in progress
2024-05-29 05:48:13.094 [info] Review+0> Validating state...
2024-05-29 05:48:13.348 [info] Found GitHub remote for folder /workspace/project
2024-05-29 05:48:13.348 [info] Using in-memory cached assignable users.
2024-05-29 05:48:13.372 [info] Review+0> No matching pull request metadata found locally for current branch main
2024-05-29 05:48:13.386 [info] Review+0> No matching pull request metadata found on GitHub for current branch main
2024-05-29 05:49:11.776 [info] Review+0> Validate state in progress
2024-05-29 05:49:11.776 [info] Review+0> Validating state...
2024-05-29 05:49:12.027 [info] Found GitHub remote for folder /workspace/project
2024-05-29 05:49:12.028 [info] Using in-memory cached assignable users.
2024-05-29 05:49:12.053 [info] Review+0> No matching pull request metadata found locally for current branch main
2024-05-29 05:49:12.067 [info] Review+0> No matching pull request metadata found on GitHub for current branch main
2024-05-29 05:50:43.343 [info] Review+0> Validate state in progress
2024-05-29 05:50:43.343 [info] Review+0> Validating state...
2024-05-29 05:50:43.592 [info] Found GitHub remote for folder /workspace/project
2024-05-29 05:50:43.592 [info] Using in-memory cached assignable users.
2024-05-29 05:50:43.620 [info] Review+0> No matching pull request metadata found locally for current branch main
2024-05-29 05:50:43.636 [info] Review+0> No matching pull request metadata found on GitHub for current branch main
2024-05-29 05:51:05.086 [info] Review+0> Validate state in progress
2024-05-29 05:51:05.086 [info] Review+0> Validating state...
2024-05-29 05:51:05.332 [info] Found GitHub remote for folder /workspace/project
2024-05-29 05:51:05.332 [info] Using in-memory cached assignable users.
2024-05-29 05:51:05.358 [info] Review+0> No matching pull request metadata found locally for current branch main
2024-05-29 05:51:05.374 [info] Review+0> No matching pull request metadata found on GitHub for current branch main
2024-05-29 05:53:52.615 [info] Review+0> Validate state in progress
2024-05-29 05:53:52.615 [info] Review+0> Validating state...
2024-05-29 05:53:52.884 [info] Found GitHub remote for folder /workspace/project
2024-05-29 05:53:52.884 [info] Using in-memory cached assignable users.
2024-05-29 05:53:52.907 [info] Review+0> No matching pull request metadata found locally for current branch main
2024-05-29 05:53:52.920 [info] Review+0> No matching pull request metadata found on GitHub for current branch main
2024-05-29 05:54:36.794 [info] Review+0> Validate state in progress
2024-05-29 05:54:36.794 [info] Review+0> Validating state...
2024-05-29 05:54:37.061 [info] Found GitHub remote for folder /workspace/project
2024-05-29 05:54:37.062 [info] Using in-memory cached assignable users.
2024-05-29 05:54:37.084 [info] Review+0> No matching pull request metadata found locally for current branch main
2024-05-29 05:54:37.098 [info] Review+0> No matching pull request metadata found on GitHub for current branch main
2024-05-29 05:55:36.599 [info] Review+0> Validate state in progress
2024-05-29 05:55:36.599 [info] Review+0> Validating state...
2024-05-29 05:55:36.902 [info] Found GitHub remote for folder /workspace/project
2024-05-29 05:55:36.902 [info] Using in-memory cached assignable users.
2024-05-29 05:55:36.927 [info] Review+0> No matching pull request metadata found locally for current branch main
2024-05-29 05:55:36.944 [info] Review+0> No matching pull request metadata found on GitHub for current branch main
2024-05-29 05:55:50.188 [info] Review+0> Validate state in progress
2024-05-29 05:55:50.188 [info] Review+0> Validating state...
2024-05-29 05:55:50.441 [info] Found GitHub remote for folder /workspace/project
2024-05-29 05:55:50.441 [info] Using in-memory cached assignable users.
2024-05-29 05:55:50.467 [info] Review+0> No matching pull request metadata found locally for current branch main
2024-05-29 05:55:50.483 [info] Review+0> No matching pull request metadata found on GitHub for current branch main
2024-05-29 05:56:00.295 [info] Review+0> Validate state in progress
2024-05-29 05:56:00.295 [info] Review+0> Validating state...
2024-05-29 05:56:00.554 [info] Found GitHub remote for folder /workspace/project
2024-05-29 05:56:00.554 [info] Using in-memory cached assignable users.
2024-05-29 05:56:00.582 [info] Review+0> No matching pull request metadata found locally for current branch main
2024-05-29 05:56:00.602 [info] Review+0> No matching pull request metadata found on GitHub for current branch main
2024-05-29 05:56:22.970 [info] Review+0> Validate state in progress
2024-05-29 05:56:22.970 [info] Review+0> Validating state...
2024-05-29 05:56:23.219 [info] Found GitHub remote for folder /workspace/project
2024-05-29 05:56:23.219 [info] Using in-memory cached assignable users.
2024-05-29 05:56:23.248 [info] Review+0> No matching pull request metadata found locally for current branch main
2024-05-29 05:56:23.267 [info] Review+0> No matching pull request metadata found on GitHub for current branch main
2024-05-29 05:57:10.004 [info] Review+0> Validate state in progress
2024-05-29 05:57:10.004 [info] Review+0> Validating state...
2024-05-29 05:57:10.275 [info] Found GitHub remote for folder /workspace/project
2024-05-29 05:57:10.276 [info] Using in-memory cached assignable users.
2024-05-29 05:57:10.303 [info] Review+0> No matching pull request metadata found locally for current branch main
2024-05-29 05:57:10.320 [info] Review+0> No matching pull request metadata found on GitHub for current branch main
2024-05-29 06:01:47.818 [info] Review+0> Validate state in progress
2024-05-29 06:01:47.818 [info] Review+0> Validating state...
2024-05-29 06:01:48.066 [info] Found GitHub remote for folder /workspace/project
2024-05-29 06:01:48.066 [info] Using in-memory cached assignable users.
2024-05-29 06:01:48.091 [info] Review+0> No matching pull request metadata found locally for current branch main
2024-05-29 06:01:48.105 [info] Review+0> No matching pull request metadata found on GitHub for current branch main
2024-05-29 06:03:40.202 [info] Review+0> Validate state in progress
2024-05-29 06:03:40.202 [info] Review+0> Validating state...
2024-05-29 06:03:40.463 [info] Found GitHub remote for folder /workspace/project
2024-05-29 06:03:40.464 [info] Using in-memory cached assignable users.
2024-05-29 06:03:40.486 [info] Review+0> No matching pull request metadata found locally for current branch main
2024-05-29 06:03:40.499 [info] Review+0> No matching pull request metadata found on GitHub for current branch main
2024-05-29 06:04:06.204 [info] Review+0> Validate state in progress
2024-05-29 06:04:06.204 [info] Review+0> Validating state...
2024-05-29 06:04:06.478 [info] Found GitHub remote for folder /workspace/project
2024-05-29 06:04:06.479 [info] Using in-memory cached assignable users.
2024-05-29 06:04:06.505 [info] Review+0> No matching pull request metadata found locally for current branch main
2024-05-29 06:04:06.518 [info] Review+0> No matching pull request metadata found on GitHub for current branch main
2024-05-29 06:04:46.376 [info] Review+0> Validate state in progress
2024-05-29 06:04:46.377 [info] Review+0> Validating state...
2024-05-29 06:04:46.626 [info] Found GitHub remote for folder /workspace/project
2024-05-29 06:04:46.626 [info] Using in-memory cached assignable users.
2024-05-29 06:04:46.650 [info] Review+0> No matching pull request metadata found locally for current branch main
2024-05-29 06:04:46.663 [info] Review+0> No matching pull request metadata found on GitHub for current branch main
2024-05-29 06:05:56.890 [info] Review+0> Validate state in progress
2024-05-29 06:05:56.890 [info] Review+0> Validating state...
2024-05-29 06:05:57.141 [info] Found GitHub remote for folder /workspace/project
2024-05-29 06:05:57.141 [info] Using in-memory cached assignable users.
2024-05-29 06:05:57.165 [info] Review+0> No matching pull request metadata found locally for current branch main
2024-05-29 06:05:57.179 [info] Review+0> No matching pull request metadata found on GitHub for current branch main
2024-05-29 06:06:14.971 [info] Review+0> Validate state in progress
2024-05-29 06:06:14.971 [info] Review+0> Validating state...
2024-05-29 06:06:15.217 [info] Found GitHub remote for folder /workspace/project
2024-05-29 06:06:15.218 [info] Using in-memory cached assignable users.
2024-05-29 06:06:15.245 [info] Review+0> No matching pull request metadata found locally for current branch main
2024-05-29 06:06:15.260 [info] Review+0> No matching pull request metadata found on GitHub for current branch main
2024-05-29 06:09:54.253 [info] Review+0> Validate state in progress
2024-05-29 06:09:54.253 [info] Review+0> Validating state...
2024-05-29 06:09:54.503 [info] Found GitHub remote for folder /workspace/project
2024-05-29 06:09:54.503 [info] Using in-memory cached assignable users.
2024-05-29 06:09:54.527 [info] Review+0> No matching pull request metadata found locally for current branch main
2024-05-29 06:09:54.543 [info] Review+0> No matching pull request metadata found on GitHub for current branch main
2024-05-29 06:11:02.070 [info] Review+0> Validate state in progress
2024-05-29 06:11:02.070 [info] Review+0> Validating state...
2024-05-29 06:11:02.317 [info] Found GitHub remote for folder /workspace/project
2024-05-29 06:11:02.317 [info] Using in-memory cached assignable users.
2024-05-29 06:11:02.344 [info] Review+0> No matching pull request metadata found locally for current branch main
2024-05-29 06:11:02.357 [info] Review+0> No matching pull request metadata found on GitHub for current branch main
2024-05-29 06:12:57.783 [info] Review+0> Validate state in progress
2024-05-29 06:12:57.783 [info] Review+0> Validating state...
2024-05-29 06:12:58.055 [info] Found GitHub remote for folder /workspace/project
2024-05-29 06:12:58.056 [info] Using in-memory cached assignable users.
2024-05-29 06:12:58.082 [info] Review+0> No matching pull request metadata found locally for current branch main
2024-05-29 06:12:58.098 [info] Review+0> No matching pull request metadata found on GitHub for current branch main
2024-05-29 06:14:02.904 [info] Review+0> Validate state in progress
2024-05-29 06:14:02.904 [info] Review+0> Validating state...
2024-05-29 06:14:03.164 [info] Found GitHub remote for folder /workspace/project
2024-05-29 06:14:03.165 [info] Using in-memory cached assignable users.
2024-05-29 06:14:03.190 [info] Review+0> No matching pull request metadata found locally for current branch main
2024-05-29 06:14:03.207 [info] Review+0> No matching pull request metadata found on GitHub for current branch main
2024-05-29 06:14:38.803 [info] Review+0> Validate state in progress
2024-05-29 06:14:38.803 [info] Review+0> Validating state...
2024-05-29 06:14:39.062 [info] Found GitHub remote for folder /workspace/project
2024-05-29 06:14:39.062 [info] Using in-memory cached assignable users.
2024-05-29 06:14:39.090 [info] Review+0> No matching pull request metadata found locally for current branch main
2024-05-29 06:14:39.104 [info] Review+0> No matching pull request metadata found on GitHub for current branch main
2024-05-29 06:15:01.125 [info] Review+0> Validate state in progress
2024-05-29 06:15:01.125 [info] Review+0> Validating state...
2024-05-29 06:15:01.384 [info] Found GitHub remote for folder /workspace/project
2024-05-29 06:15:01.384 [info] Using in-memory cached assignable users.
2024-05-29 06:15:01.408 [info] Review+0> No matching pull request metadata found locally for current branch main
2024-05-29 06:15:01.423 [info] Review+0> No matching pull request metadata found on GitHub for current branch main
2024-05-29 06:15:18.518 [info] Review+0> Validate state in progress
2024-05-29 06:15:18.518 [info] Review+0> Validating state...
2024-05-29 06:15:18.798 [info] Found GitHub remote for folder /workspace/project
2024-05-29 06:15:18.798 [info] Using in-memory cached assignable users.
2024-05-29 06:15:18.822 [info] Review+0> No matching pull request metadata found locally for current branch main
2024-05-29 06:15:18.836 [info] Review+0> No matching pull request metadata found on GitHub for current branch main
2024-05-29 06:15:40.508 [info] Review+0> Validate state in progress
2024-05-29 06:15:40.508 [info] Review+0> Validating state...
2024-05-29 06:15:40.765 [info] Found GitHub remote for folder /workspace/project
2024-05-29 06:15:40.765 [info] Using in-memory cached assignable users.
2024-05-29 06:15:40.791 [info] Review+0> No matching pull request metadata found locally for current branch main
2024-05-29 06:15:40.805 [info] Review+0> No matching pull request metadata found on GitHub for current branch main
2024-05-29 06:16:06.205 [info] Review+0> Validate state in progress
2024-05-29 06:16:06.205 [info] Review+0> Validating state...
2024-05-29 06:16:06.471 [info] Found GitHub remote for folder /workspace/project
2024-05-29 06:16:06.471 [info] Using in-memory cached assignable users.
2024-05-29 06:16:06.497 [info] Review+0> No matching pull request metadata found locally for current branch main
2024-05-29 06:16:06.514 [info] Review+0> No matching pull request metadata found on GitHub for current branch main
2024-05-29 06:16:16.838 [info] Review+0> Validate state in progress
2024-05-29 06:16:16.838 [info] Review+0> Validating state...
2024-05-29 06:16:17.104 [info] Found GitHub remote for folder /workspace/project
2024-05-29 06:16:17.104 [info] Using in-memory cached assignable users.
2024-05-29 06:16:17.131 [info] Review+0> No matching pull request metadata found locally for current branch main
2024-05-29 06:16:17.147 [info] Review+0> No matching pull request metadata found on GitHub for current branch main
2024-05-29 06:16:55.679 [info] Review+0> Validate state in progress
2024-05-29 06:16:55.679 [info] Review+0> Validating state...
2024-05-29 06:16:55.925 [info] Found GitHub remote for folder /workspace/project
2024-05-29 06:16:55.926 [info] Using in-memory cached assignable users.
2024-05-29 06:16:55.955 [info] Review+0> No matching pull request metadata found locally for current branch main
2024-05-29 06:16:55.972 [info] Review+0> No matching pull request metadata found on GitHub for current branch main
2024-05-29 06:17:33.314 [info] Review+0> Validate state in progress
2024-05-29 06:17:33.314 [info] Review+0> Validating state...
2024-05-29 06:17:33.589 [info] Found GitHub remote for folder /workspace/project
2024-05-29 06:17:33.589 [info] Using in-memory cached assignable users.
2024-05-29 06:17:33.615 [info] Review+0> No matching pull request metadata found locally for current branch main
2024-05-29 06:17:33.631 [info] Review+0> No matching pull request metadata found on GitHub for current branch main
2024-05-29 06:17:38.358 [info] Review+0> Validate state in progress
2024-05-29 06:17:38.358 [info] Review+0> Validating state...
2024-05-29 06:17:38.604 [info] Found GitHub remote for folder /workspace/project
2024-05-29 06:17:38.604 [info] Using in-memory cached assignable users.
2024-05-29 06:17:38.632 [info] Review+0> No matching pull request metadata found locally for current branch main
2024-05-29 06:17:38.652 [info] Review+0> No matching pull request metadata found on GitHub for current branch main
2024-05-29 06:18:04.318 [info] Review+0> Validate state in progress
2024-05-29 06:18:04.318 [info] Review+0> Validating state...
2024-05-29 06:18:04.583 [info] Found GitHub remote for folder /workspace/project
2024-05-29 06:18:04.583 [info] Using in-memory cached assignable users.
2024-05-29 06:18:04.615 [info] Review+0> No matching pull request metadata found locally for current branch main
2024-05-29 06:18:04.634 [info] Review+0> No matching pull request metadata found on GitHub for current branch main
2024-05-29 06:18:19.475 [info] Review+0> Validate state in progress
2024-05-29 06:18:19.475 [info] Review+0> Validating state...
2024-05-29 06:18:19.720 [info] Found GitHub remote for folder /workspace/project
2024-05-29 06:18:19.721 [info] Using in-memory cached assignable users.
2024-05-29 06:18:19.750 [info] Review+0> No matching pull request metadata found locally for current branch main
2024-05-29 06:18:19.765 [info] Review+0> No matching pull request metadata found on GitHub for current branch main
2024-05-29 06:26:02.819 [info] Review+0> Validate state in progress
2024-05-29 06:26:02.819 [info] Review+0> Validating state...
2024-05-29 06:26:03.069 [info] Found GitHub remote for folder /workspace/project
2024-05-29 06:26:03.070 [info] Using in-memory cached assignable users.
2024-05-29 06:26:03.119 [info] Review+0> No matching pull request metadata found locally for current branch main
2024-05-29 06:26:03.152 [info] Review+0> No matching pull request metadata found on GitHub for current branch main
2024-05-29 06:27:06.496 [info] Review+0> Validate state in progress
2024-05-29 06:27:06.496 [info] Review+0> Validating state...
2024-05-29 06:27:06.741 [info] Found GitHub remote for folder /workspace/project
2024-05-29 06:27:06.742 [info] Using in-memory cached assignable users.
2024-05-29 06:27:06.767 [info] Review+0> No matching pull request metadata found locally for current branch main
2024-05-29 06:27:06.781 [info] Review+0> No matching pull request metadata found on GitHub for current branch main
