2024-05-28 19:20:01.279 [info] Log level: Info
2024-05-28 19:20:01.279 [info] Validating found git in: "git"
2024-05-28 19:20:01.279 [info] Using git "2.43.0" from "git"
2024-05-28 19:20:01.279 [info] > git rev-parse --show-toplevel [3ms]
2024-05-28 19:20:01.279 [info] > git rev-parse --git-dir --git-common-dir [2ms]
2024-05-28 19:20:01.279 [info] Open repository: /workspace/project
2024-05-28 19:20:01.279 [info] > git rev-parse --show-toplevel [8ms]
2024-05-28 19:20:01.279 [info] > git config --get commit.template [20ms]
2024-05-28 19:20:01.279 [info] > git rev-parse --show-toplevel [14ms]
2024-05-28 19:20:01.279 [info] > git for-each-ref --format=%(refname)%00%(upstream:short)%00%(objectname)%00%(upstream:track)%00%(upstream:remotename)%00%(upstream:remoteref) refs/heads/main refs/remotes/main [3ms]
2024-05-28 19:20:01.279 [info] > git status -z -uall [4ms]
2024-05-28 19:20:01.279 [info] > git config --get commit.template [44ms]
2024-05-28 19:20:01.279 [info] > git for-each-ref --format=%(refname)%00%(upstream:short)%00%(objectname)%00%(upstream:track)%00%(upstream:remotename)%00%(upstream:remoteref) refs/heads/main refs/remotes/main [33ms]
2024-05-28 19:20:01.279 [info] > git status -z -uall [6ms]
2024-05-28 19:20:02.337 [info] > git config --get commit.template [15ms]
2024-05-28 19:20:02.338 [info] > git for-each-ref --format=%(refname)%00%(upstream:short)%00%(objectname)%00%(upstream:track)%00%(upstream:remotename)%00%(upstream:remoteref) refs/heads/main refs/remotes/main [3ms]
2024-05-28 19:20:02.355 [info] > git status -z -uall [3ms]
2024-05-28 19:20:05.547 [info] > git config --local branch.main.github-pr-owner-number [1ms]
2024-05-28 19:20:05.547 [warning] git config failed: Failed to execute git
2024-05-28 19:20:05.562 [info] > git config --local branch.main.remote [2ms]
2024-05-28 19:20:05.562 [warning] git config failed: Failed to execute git
2024-05-28 19:20:05.576 [info] > git config --local branch.main.merge [2ms]
2024-05-28 19:20:05.576 [warning] git config failed: Failed to execute git
2024-05-28 19:20:53.205 [info] > git config --get commit.template [11ms]
2024-05-28 19:20:53.205 [info] > git for-each-ref --format=%(refname)%00%(upstream:short)%00%(objectname)%00%(upstream:track)%00%(upstream:remotename)%00%(upstream:remoteref) refs/heads/main refs/remotes/main [2ms]
2024-05-28 19:20:53.219 [info] > git status -z -uall [3ms]
2024-05-28 19:25:05.292 [info] > git config --local branch.main.github-pr-owner-number [2ms]
2024-05-28 19:25:05.292 [warning] git config failed: Failed to execute git
2024-05-28 19:25:27.932 [info] > git config --get commit.template [15ms]
2024-05-28 19:25:27.934 [info] > git for-each-ref --format=%(refname)%00%(upstream:short)%00%(objectname)%00%(upstream:track)%00%(upstream:remotename)%00%(upstream:remoteref) refs/heads/main refs/remotes/main [3ms]
2024-05-28 19:25:27.952 [info] > git status -z -uall [4ms]
2024-05-28 19:25:32.989 [info] > git config --get commit.template [16ms]
2024-05-28 19:25:32.989 [info] > git for-each-ref --format=%(refname)%00%(upstream:short)%00%(objectname)%00%(upstream:track)%00%(upstream:remotename)%00%(upstream:remoteref) refs/heads/main refs/remotes/main [2ms]
2024-05-28 19:25:33.010 [info] > git status -z -uall [2ms]
2024-05-28 19:27:16.459 [info] > git config --get commit.template [12ms]
2024-05-28 19:27:16.459 [info] > git for-each-ref --format=%(refname)%00%(upstream:short)%00%(objectname)%00%(upstream:track)%00%(upstream:remotename)%00%(upstream:remoteref) refs/heads/main refs/remotes/main [2ms]
2024-05-28 19:27:16.472 [info] > git status -z -uall [3ms]
2024-05-28 19:27:16.736 [info] > git config --local branch.main.github-pr-owner-number [1ms]
2024-05-28 19:27:16.736 [warning] git config failed: Failed to execute git
2024-05-28 19:27:16.750 [info] > git config --local branch.main.remote [2ms]
2024-05-28 19:27:16.750 [warning] git config failed: Failed to execute git
2024-05-28 19:27:16.763 [info] > git config --local branch.main.merge [2ms]
2024-05-28 19:27:16.763 [warning] git config failed: Failed to execute git
2024-05-28 19:27:21.498 [info] > git config --get commit.template [11ms]
2024-05-28 19:27:21.499 [info] > git for-each-ref --format=%(refname)%00%(upstream:short)%00%(objectname)%00%(upstream:track)%00%(upstream:remotename)%00%(upstream:remoteref) refs/heads/main refs/remotes/main [1ms]
2024-05-28 19:27:21.515 [info] > git status -z -uall [3ms]
2024-05-28 19:27:21.768 [info] > git config --local branch.main.github-pr-owner-number [1ms]
2024-05-28 19:27:21.769 [warning] git config failed: Failed to execute git
2024-05-28 19:27:21.780 [info] > git config --local branch.main.remote [1ms]
2024-05-28 19:27:21.780 [warning] git config failed: Failed to execute git
2024-05-28 19:27:21.792 [info] > git config --local branch.main.merge [2ms]
2024-05-28 19:27:21.792 [warning] git config failed: Failed to execute git
2024-05-28 19:27:43.862 [info] > git config --get commit.template [13ms]
2024-05-28 19:27:43.863 [info] > git for-each-ref --format=%(refname)%00%(upstream:short)%00%(objectname)%00%(upstream:track)%00%(upstream:remotename)%00%(upstream:remoteref) refs/heads/main refs/remotes/main [3ms]
2024-05-28 19:27:43.878 [info] > git status -z -uall [3ms]
2024-05-28 19:27:48.907 [info] > git config --get commit.template [14ms]
2024-05-28 19:27:48.908 [info] > git for-each-ref --format=%(refname)%00%(upstream:short)%00%(objectname)%00%(upstream:track)%00%(upstream:remotename)%00%(upstream:remoteref) refs/heads/main refs/remotes/main [2ms]
2024-05-28 19:27:48.923 [info] > git status -z -uall [3ms]
2024-05-28 19:27:49.177 [info] > git config --local branch.main.github-pr-owner-number [2ms]
2024-05-28 19:27:49.177 [warning] git config failed: Failed to execute git
2024-05-28 19:27:49.190 [info] > git config --local branch.main.remote [1ms]
2024-05-28 19:27:49.190 [warning] git config failed: Failed to execute git
2024-05-28 19:27:49.201 [info] > git config --local branch.main.merge [1ms]
2024-05-28 19:27:49.202 [warning] git config failed: Failed to execute git
2024-05-28 19:27:53.955 [info] > git config --get commit.template [14ms]
2024-05-28 19:27:53.956 [info] > git for-each-ref --format=%(refname)%00%(upstream:short)%00%(objectname)%00%(upstream:track)%00%(upstream:remotename)%00%(upstream:remoteref) refs/heads/main refs/remotes/main [2ms]
2024-05-28 19:27:53.972 [info] > git status -z -uall [3ms]
2024-05-28 19:30:05.314 [info] > git config --local branch.main.github-pr-owner-number [2ms]
2024-05-28 19:30:05.314 [warning] git config failed: Failed to execute git
2024-05-28 19:35:05.330 [info] > git config --local branch.main.github-pr-owner-number [1ms]
2024-05-28 19:35:05.330 [warning] git config failed: Failed to execute git
2024-05-28 19:36:41.267 [info] > git config --get commit.template [19ms]
2024-05-28 19:36:41.269 [info] > git for-each-ref --format=%(refname)%00%(upstream:short)%00%(objectname)%00%(upstream:track)%00%(upstream:remotename)%00%(upstream:remoteref) refs/heads/main refs/remotes/main [3ms]
2024-05-28 19:36:41.289 [info] > git status -z -uall [4ms]
2024-05-28 19:36:51.364 [info] > git config --get commit.template [13ms]
2024-05-28 19:36:51.365 [info] > git for-each-ref --format=%(refname)%00%(upstream:short)%00%(objectname)%00%(upstream:track)%00%(upstream:remotename)%00%(upstream:remoteref) refs/heads/main refs/remotes/main [2ms]
2024-05-28 19:36:51.382 [info] > git status -z -uall [4ms]
2024-05-28 19:36:51.638 [info] > git config --local branch.main.github-pr-owner-number [2ms]
2024-05-28 19:36:51.638 [warning] git config failed: Failed to execute git
2024-05-28 19:36:51.653 [info] > git config --local branch.main.remote [3ms]
2024-05-28 19:36:51.653 [warning] git config failed: Failed to execute git
2024-05-28 19:36:51.668 [info] > git config --local branch.main.merge [1ms]
2024-05-28 19:36:51.668 [warning] git config failed: Failed to execute git
2024-05-28 19:36:56.410 [info] > git config --get commit.template [10ms]
2024-05-28 19:36:56.411 [info] > git for-each-ref --format=%(refname)%00%(upstream:short)%00%(objectname)%00%(upstream:track)%00%(upstream:remotename)%00%(upstream:remoteref) refs/heads/main refs/remotes/main [2ms]
2024-05-28 19:36:56.424 [info] > git status -z -uall [3ms]
2024-05-28 19:38:21.073 [info] > git config --get commit.template [14ms]
2024-05-28 19:38:21.074 [info] > git for-each-ref --format=%(refname)%00%(upstream:short)%00%(objectname)%00%(upstream:track)%00%(upstream:remotename)%00%(upstream:remoteref) refs/heads/main refs/remotes/main [2ms]
2024-05-28 19:38:21.089 [info] > git status -z -uall [3ms]
2024-05-28 19:38:40.430 [info] > git config --get commit.template [14ms]
2024-05-28 19:38:40.431 [info] > git for-each-ref --format=%(refname)%00%(upstream:short)%00%(objectname)%00%(upstream:track)%00%(upstream:remotename)%00%(upstream:remoteref) refs/heads/main refs/remotes/main [2ms]
2024-05-28 19:38:40.448 [info] > git status -z -uall [3ms]
2024-05-28 19:38:40.705 [info] > git config --local branch.main.github-pr-owner-number [2ms]
2024-05-28 19:38:40.705 [warning] git config failed: Failed to execute git
2024-05-28 19:38:40.720 [info] > git config --local branch.main.remote [1ms]
2024-05-28 19:38:40.720 [warning] git config failed: Failed to execute git
2024-05-28 19:38:40.734 [info] > git config --local branch.main.merge [1ms]
2024-05-28 19:38:40.735 [warning] git config failed: Failed to execute git
2024-05-28 19:40:05.345 [info] > git config --local branch.main.github-pr-owner-number [1ms]
2024-05-28 19:40:05.346 [warning] git config failed: Failed to execute git
2024-05-28 19:41:24.614 [info] > git config --get commit.template [1ms]
2024-05-28 19:41:24.629 [info] > git for-each-ref --format=%(refname)%00%(upstream:short)%00%(objectname)%00%(upstream:track)%00%(upstream:remotename)%00%(upstream:remoteref) refs/heads/main refs/remotes/main [2ms]
2024-05-28 19:41:24.645 [info] > git status -z -uall [2ms]
2024-05-28 19:41:36.706 [info] > git config --get commit.template [14ms]
2024-05-28 19:41:36.707 [info] > git for-each-ref --format=%(refname)%00%(upstream:short)%00%(objectname)%00%(upstream:track)%00%(upstream:remotename)%00%(upstream:remoteref) refs/heads/main refs/remotes/main [2ms]
2024-05-28 19:41:36.725 [info] > git status -z -uall [3ms]
2024-05-28 19:41:36.976 [info] > git config --local branch.main.github-pr-owner-number [1ms]
2024-05-28 19:41:36.976 [warning] git config failed: Failed to execute git
2024-05-28 19:41:36.990 [info] > git config --local branch.main.remote [2ms]
2024-05-28 19:41:36.990 [warning] git config failed: Failed to execute git
2024-05-28 19:41:37.004 [info] > git config --local branch.main.merge [2ms]
2024-05-28 19:41:37.004 [warning] git config failed: Failed to execute git
2024-05-28 19:41:41.753 [info] > git config --get commit.template [13ms]
2024-05-28 19:41:41.755 [info] > git for-each-ref --format=%(refname)%00%(upstream:short)%00%(objectname)%00%(upstream:track)%00%(upstream:remotename)%00%(upstream:remoteref) refs/heads/main refs/remotes/main [2ms]
2024-05-28 19:41:41.771 [info] > git status -z -uall [3ms]
2024-05-28 19:42:23.866 [info] > git config --get commit.template [17ms]
2024-05-28 19:42:23.866 [info] > git for-each-ref --format=%(refname)%00%(upstream:short)%00%(objectname)%00%(upstream:track)%00%(upstream:remotename)%00%(upstream:remoteref) refs/heads/main refs/remotes/main [1ms]
2024-05-28 19:42:23.884 [info] > git status -z -uall [3ms]
2024-05-28 19:42:55.922 [info] > git config --get commit.template [16ms]
2024-05-28 19:42:55.922 [info] > git for-each-ref --format=%(refname)%00%(upstream:short)%00%(objectname)%00%(upstream:track)%00%(upstream:remotename)%00%(upstream:remoteref) refs/heads/main refs/remotes/main [2ms]
2024-05-28 19:42:55.942 [info] > git status -z -uall [4ms]
2024-05-28 19:42:56.207 [info] > git config --local branch.main.github-pr-owner-number [3ms]
2024-05-28 19:42:56.207 [warning] git config failed: Failed to execute git
2024-05-28 19:42:56.226 [info] > git config --local branch.main.remote [2ms]
2024-05-28 19:42:56.226 [warning] git config failed: Failed to execute git
2024-05-28 19:42:56.244 [info] > git config --local branch.main.merge [2ms]
2024-05-28 19:42:56.244 [warning] git config failed: Failed to execute git
2024-05-28 19:43:00.972 [info] > git config --get commit.template [12ms]
2024-05-28 19:43:00.973 [info] > git for-each-ref --format=%(refname)%00%(upstream:short)%00%(objectname)%00%(upstream:track)%00%(upstream:remotename)%00%(upstream:remoteref) refs/heads/main refs/remotes/main [2ms]
2024-05-28 19:43:00.987 [info] > git status -z -uall [3ms]
2024-05-28 19:44:26.240 [info] > git config --get commit.template [11ms]
2024-05-28 19:44:26.240 [info] > git for-each-ref --format=%(refname)%00%(upstream:short)%00%(objectname)%00%(upstream:track)%00%(upstream:remotename)%00%(upstream:remoteref) refs/heads/main refs/remotes/main [2ms]
2024-05-28 19:44:26.254 [info] > git status -z -uall [3ms]
2024-05-28 19:44:31.278 [info] > git config --get commit.template [11ms]
2024-05-28 19:44:31.279 [info] > git for-each-ref --format=%(refname)%00%(upstream:short)%00%(objectname)%00%(upstream:track)%00%(upstream:remotename)%00%(upstream:remoteref) refs/heads/main refs/remotes/main [2ms]
2024-05-28 19:44:31.299 [info] > git status -z -uall [10ms]
2024-05-28 19:44:31.551 [info] > git config --local branch.main.github-pr-owner-number [1ms]
2024-05-28 19:44:31.551 [warning] git config failed: Failed to execute git
2024-05-28 19:44:31.562 [info] > git config --local branch.main.remote [1ms]
2024-05-28 19:44:31.562 [warning] git config failed: Failed to execute git
2024-05-28 19:44:31.574 [info] > git config --local branch.main.merge [2ms]
2024-05-28 19:44:31.574 [warning] git config failed: Failed to execute git
2024-05-28 19:44:36.325 [info] > git config --get commit.template [10ms]
2024-05-28 19:44:36.326 [info] > git for-each-ref --format=%(refname)%00%(upstream:short)%00%(objectname)%00%(upstream:track)%00%(upstream:remotename)%00%(upstream:remoteref) refs/heads/main refs/remotes/main [2ms]
2024-05-28 19:44:36.339 [info] > git status -z -uall [3ms]
2024-05-28 19:44:41.367 [info] > git config --get commit.template [13ms]
2024-05-28 19:44:41.368 [info] > git for-each-ref --format=%(refname)%00%(upstream:short)%00%(objectname)%00%(upstream:track)%00%(upstream:remotename)%00%(upstream:remoteref) refs/heads/main refs/remotes/main [2ms]
2024-05-28 19:44:41.383 [info] > git status -z -uall [4ms]
2024-05-28 19:44:41.676 [info] > git config --local branch.main.github-pr-owner-number [2ms]
2024-05-28 19:44:41.676 [warning] git config failed: Failed to execute git
2024-05-28 19:44:41.692 [info] > git config --local branch.main.remote [2ms]
2024-05-28 19:44:41.692 [warning] git config failed: Failed to execute git
2024-05-28 19:44:41.708 [info] > git config --local branch.main.merge [1ms]
2024-05-28 19:44:41.708 [warning] git config failed: Failed to execute git
2024-05-28 19:45:05.363 [info] > git config --local branch.main.github-pr-owner-number [2ms]
2024-05-28 19:45:05.363 [warning] git config failed: Failed to execute git
2024-05-28 19:45:24.762 [info] > git config --get commit.template [16ms]
2024-05-28 19:45:24.763 [info] > git for-each-ref --format=%(refname)%00%(upstream:short)%00%(objectname)%00%(upstream:track)%00%(upstream:remotename)%00%(upstream:remoteref) refs/heads/main refs/remotes/main [2ms]
2024-05-28 19:45:24.781 [info] > git status -z -uall [4ms]
2024-05-28 19:45:29.806 [info] > git config --get commit.template [11ms]
2024-05-28 19:45:29.807 [info] > git for-each-ref --format=%(refname)%00%(upstream:short)%00%(objectname)%00%(upstream:track)%00%(upstream:remotename)%00%(upstream:remoteref) refs/heads/main refs/remotes/main [2ms]
2024-05-28 19:45:29.819 [info] > git status -z -uall [2ms]
2024-05-28 19:45:30.090 [info] > git config --local branch.main.github-pr-owner-number [1ms]
2024-05-28 19:45:30.090 [warning] git config failed: Failed to execute git
2024-05-28 19:45:30.101 [info] > git config --local branch.main.remote [2ms]
2024-05-28 19:45:30.101 [warning] git config failed: Failed to execute git
2024-05-28 19:45:30.113 [info] > git config --local branch.main.merge [2ms]
2024-05-28 19:45:30.113 [warning] git config failed: Failed to execute git
2024-05-28 19:45:34.849 [info] > git config --get commit.template [13ms]
2024-05-28 19:45:34.851 [info] > git for-each-ref --format=%(refname)%00%(upstream:short)%00%(objectname)%00%(upstream:track)%00%(upstream:remotename)%00%(upstream:remoteref) refs/heads/main refs/remotes/main [2ms]
2024-05-28 19:45:34.867 [info] > git status -z -uall [4ms]
2024-05-28 19:46:51.734 [info] > git config --get commit.template [17ms]
2024-05-28 19:46:51.735 [info] > git for-each-ref --format=%(refname)%00%(upstream:short)%00%(objectname)%00%(upstream:track)%00%(upstream:remotename)%00%(upstream:remoteref) refs/heads/main refs/remotes/main [2ms]
2024-05-28 19:46:51.751 [info] > git status -z -uall [3ms]
2024-05-28 19:46:56.781 [info] > git config --get commit.template [14ms]
2024-05-28 19:46:56.782 [info] > git for-each-ref --format=%(refname)%00%(upstream:short)%00%(objectname)%00%(upstream:track)%00%(upstream:remotename)%00%(upstream:remoteref) refs/heads/main refs/remotes/main [2ms]
2024-05-28 19:46:56.800 [info] > git status -z -uall [3ms]
2024-05-28 19:46:57.064 [info] > git config --local branch.main.github-pr-owner-number [1ms]
2024-05-28 19:46:57.064 [warning] git config failed: Failed to execute git
2024-05-28 19:46:57.076 [info] > git config --local branch.main.remote [1ms]
2024-05-28 19:46:57.076 [warning] git config failed: Failed to execute git
2024-05-28 19:46:57.089 [info] > git config --local branch.main.merge [2ms]
2024-05-28 19:46:57.089 [warning] git config failed: Failed to execute git
2024-05-28 19:47:01.828 [info] > git config --get commit.template [13ms]
2024-05-28 19:47:01.829 [info] > git for-each-ref --format=%(refname)%00%(upstream:short)%00%(objectname)%00%(upstream:track)%00%(upstream:remotename)%00%(upstream:remoteref) refs/heads/main refs/remotes/main [2ms]
2024-05-28 19:47:01.842 [info] > git status -z -uall [3ms]
2024-05-28 19:47:46.594 [info] > git config --get commit.template [13ms]
2024-05-28 19:47:46.595 [info] > git for-each-ref --format=%(refname)%00%(upstream:short)%00%(objectname)%00%(upstream:track)%00%(upstream:remotename)%00%(upstream:remoteref) refs/heads/main refs/remotes/main [2ms]
2024-05-28 19:47:46.612 [info] > git status -z -uall [3ms]
2024-05-28 19:47:51.646 [info] > git config --get commit.template [14ms]
2024-05-28 19:47:51.647 [info] > git for-each-ref --format=%(refname)%00%(upstream:short)%00%(objectname)%00%(upstream:track)%00%(upstream:remotename)%00%(upstream:remoteref) refs/heads/main refs/remotes/main [2ms]
2024-05-28 19:47:51.664 [info] > git status -z -uall [4ms]
2024-05-28 19:47:51.930 [info] > git config --local branch.main.github-pr-owner-number [2ms]
2024-05-28 19:47:51.930 [warning] git config failed: Failed to execute git
2024-05-28 19:47:51.949 [info] > git config --local branch.main.remote [2ms]
2024-05-28 19:47:51.949 [warning] git config failed: Failed to execute git
2024-05-28 19:47:51.964 [info] > git config --local branch.main.merge [1ms]
2024-05-28 19:47:51.964 [warning] git config failed: Failed to execute git
2024-05-28 19:47:57.355 [info] > git config --get commit.template [18ms]
2024-05-28 19:47:57.356 [info] > git for-each-ref --format=%(refname)%00%(upstream:short)%00%(objectname)%00%(upstream:track)%00%(upstream:remotename)%00%(upstream:remoteref) refs/heads/main refs/remotes/main [2ms]
2024-05-28 19:47:57.372 [info] > git status -z -uall [3ms]
2024-05-28 19:48:03.722 [info] > git config --get commit.template [14ms]
2024-05-28 19:48:03.724 [info] > git for-each-ref --format=%(refname)%00%(upstream:short)%00%(objectname)%00%(upstream:track)%00%(upstream:remotename)%00%(upstream:remoteref) refs/heads/main refs/remotes/main [3ms]
2024-05-28 19:48:03.741 [info] > git status -z -uall [4ms]
2024-05-28 19:48:04.877 [info] > git config --local branch.main.github-pr-owner-number [2ms]
2024-05-28 19:48:04.877 [warning] git config failed: Failed to execute git
2024-05-28 19:48:04.894 [info] > git config --local branch.main.remote [1ms]
2024-05-28 19:48:04.894 [warning] git config failed: Failed to execute git
2024-05-28 19:48:04.913 [info] > git config --local branch.main.merge [1ms]
2024-05-28 19:48:04.913 [warning] git config failed: Failed to execute git
2024-05-28 19:48:08.768 [info] > git config --get commit.template [12ms]
2024-05-28 19:48:08.770 [info] > git for-each-ref --format=%(refname)%00%(upstream:short)%00%(objectname)%00%(upstream:track)%00%(upstream:remotename)%00%(upstream:remoteref) refs/heads/main refs/remotes/main [3ms]
2024-05-28 19:48:08.786 [info] > git status -z -uall [3ms]
2024-05-28 19:50:05.381 [info] > git config --local branch.main.github-pr-owner-number [2ms]
2024-05-28 19:50:05.381 [warning] git config failed: Failed to execute git
2024-05-28 19:51:00.806 [info] > git config --get commit.template [14ms]
2024-05-28 19:51:00.807 [info] > git for-each-ref --format=%(refname)%00%(upstream:short)%00%(objectname)%00%(upstream:track)%00%(upstream:remotename)%00%(upstream:remoteref) refs/heads/main refs/remotes/main [1ms]
2024-05-28 19:51:00.823 [info] > git status -z -uall [3ms]
2024-05-28 19:55:05.395 [info] > git config --local branch.main.github-pr-owner-number [2ms]
2024-05-28 19:55:05.395 [warning] git config failed: Failed to execute git
2024-05-28 20:00:05.412 [info] > git config --local branch.main.github-pr-owner-number [2ms]
2024-05-28 20:00:05.412 [warning] git config failed: Failed to execute git
2024-05-28 20:05:05.429 [info] > git config --local branch.main.github-pr-owner-number [2ms]
2024-05-28 20:05:05.429 [warning] git config failed: Failed to execute git
2024-05-28 20:10:05.445 [info] > git config --local branch.main.github-pr-owner-number [2ms]
2024-05-28 20:10:05.445 [warning] git config failed: Failed to execute git
2024-05-28 20:15:05.464 [info] > git config --local branch.main.github-pr-owner-number [2ms]
2024-05-28 20:15:05.464 [warning] git config failed: Failed to execute git
2024-05-28 20:20:05.481 [info] > git config --local branch.main.github-pr-owner-number [2ms]
2024-05-28 20:20:05.481 [warning] git config failed: Failed to execute git
