2024-05-28 10:22:04.195 [info] Log level: Info
2024-05-28 10:22:04.195 [info] VSCODE_MACHINE_ID: 0cb3d4e2-48df-409b-89af-64ebbbbd5d71
2024-05-28 10:22:04.195 [info] VSCODE_SESSION_ID: 738edec0-a216-4bdf-bca8-0f3ffe48ee961716891715837
2024-05-28 10:22:04.195 [info] VSCODE_VERSION: 1.89.1
2024-05-28 10:22:04.195 [info] VSCODE_APP_NAME: Gitpod Code
2024-05-28 10:22:04.195 [info] VSCODE_APP_HOST: Gitpod
2024-05-28 10:22:04.195 [info] VSCODE_UI_KIND: web
2024-05-28 10:22:04.195 [info] GITPOD_WORKSPACE_CONTEXT_URL: https://github.com/freeCodeCamp/learn-bash-by-building-a-boilerplate
2024-05-28 10:22:04.195 [info] GITPOD_INSTANCE_ID: 2cc5fb05-b1a2-4f3d-9ee6-e0a6d109423f
2024-05-28 10:22:04.195 [info] GITPOD_WORKSPACE_URL: https://freecodecam-learnbashby-wndobndbnm0.ws-us114.gitpod.io
2024-05-28 10:22:04.195 [info] Gitpod Web 7ff72a2
2024-05-28 10:22:04.195 [info] Reading sessions from keychain...
2024-05-28 10:22:04.504 [info] Getting sessions for all scopes...
2024-05-28 10:22:04.504 [info] Getting GitHub sessions for all scopes...
2024-05-28 10:22:04.504 [info] Getting sessions for function:accessCodeSyncStorage...
2024-05-28 10:22:04.504 [info] Got 1 GitHub sessions for all scopes...
2024-05-28 10:22:04.505 [info] Got stored sessions!
2024-05-28 10:22:04.505 [info] Verified session with the following scopes: function:accessCodeSyncStorage function:closePort function:controlAdmission function:deleteEnvVar function:generateNewGitpodToken function:getDefaultWorkspaceImage function:getEnvVars function:getGitpodTokenScopes function:getIDToken function:getLoggedInUser function:getOpenPorts function:getSupportedWorkspaceClasses function:getTeams function:getToken function:getWorkspace function:getWorkspaceEnvVars function:getWorkspaceOwner function:getWorkspaceTimeout function:getWorkspaceUsers function:guessGitTokenScopes function:isWorkspaceOwner function:openPort function:sendHeartBeat function:setEnvVar function:setWorkspaceTimeout function:stopWorkspace function:takeSnapshot function:trackEvent function:updateGitStatus function:waitForSnapshot resource:contentBlob::*::create/get resource:envVar::freeCodeCamp/learn-bash-by-building-a-boilerplate::create/get/update/delete resource:gitpodToken::*::create resource:snapshot::ws-freecodecam-learnbashby-wndobndbnm0::create resource:token::*::get resource:userStorage::*::create/get/update resource:workspace::freecodecam-learnbashby-wndobndbnm0::get/update resource:workspaceInstance::2cc5fb05-b1a2-4f3d-9ee6-e0a6d109423f::get/update/delete
2024-05-28 10:22:04.505 [info] Got 1 verified sessions.
2024-05-28 10:22:04.506 [info] Got 1 sessions for all scopes...
2024-05-28 10:22:04.506 [info] Got 1 sessions for function:accessCodeSyncStorage...
2024-05-28 10:22:04.608 [info] Getting GitHub sessions for all scopes...
2024-05-28 10:22:04.608 [info] Got 1 GitHub sessions for all scopes...
2024-05-28 10:22:04.938 [info] Getting GitHub sessions for all scopes...
2024-05-28 10:22:04.939 [info] Getting sessions for all scopes...
2024-05-28 10:22:04.939 [info] Got 1 GitHub sessions for all scopes...
2024-05-28 10:22:04.939 [info] Got 1 sessions for all scopes...
2024-05-28 10:22:06.467 [info] Getting GitHub sessions for read:user,repo,user:email,workflow...
2024-05-28 10:22:06.467 [info] Got 0 GitHub sessions for read:user,repo,user:email,workflow...
2024-05-28 10:22:11.644 [info] Getting GitHub sessions for project,read:org,read:user,repo,user:email,workflow...
2024-05-28 10:22:11.644 [info] Got 0 GitHub sessions for project,read:org,read:user,repo,user:email,workflow...
2024-05-28 10:22:22.236 [info] Getting GitHub sessions for read:user,repo,user:email,workflow...
2024-05-28 10:22:22.236 [info] Got 0 GitHub sessions for read:user,repo,user:email,workflow...
2024-05-28 10:22:37.317 [info] Getting GitHub sessions for read:user,repo,user:email...
2024-05-28 10:22:37.317 [info] Got 0 GitHub sessions for read:user,repo,user:email...
2024-05-28 10:22:38.494 [info] Getting GitHub sessions for read:user,repo,user:email,workflow...
2024-05-28 10:22:38.494 [info] Got 0 GitHub sessions for read:user,repo,user:email,workflow...
