2024-05-28 15:19:58.834 [info] Log level: Info
2024-05-28 15:19:58.844 [info] VSCODE_MACHINE_ID: fd6f4201-9925-4aaa-85f7-395a711121cf
2024-05-28 15:19:58.844 [info] VSCODE_SESSION_ID: 3d39e05f-77fa-4323-8834-9fee0c781b5c1716909585038
2024-05-28 15:19:58.844 [info] VSCODE_VERSION: 1.89.1
2024-05-28 15:19:58.844 [info] VSCODE_APP_NAME: Gitpod Code
2024-05-28 15:19:58.844 [info] VSCODE_APP_HOST: Gitpod
2024-05-28 15:19:58.844 [info] VSCODE_UI_KIND: web
2024-05-28 15:19:58.844 [info] GITPOD_WORKSPACE_CONTEXT_URL: https://github.com/freeCodeCamp/learn-relational-databases-by-building-a-mario-database
2024-05-28 15:19:58.844 [info] GITPOD_INSTANCE_ID: 96713516-d4d7-436f-9b84-44c7369072ba
2024-05-28 15:19:58.844 [info] GITPOD_WORKSPACE_URL: https://freecodecam-learnrelati-t6u82py176j.ws-us114.gitpod.io
2024-05-28 15:19:58.852 [info] Gitpod Web 7ff72a2
2024-05-28 15:19:58.852 [info] Reading sessions from keychain...
2024-05-28 15:19:59.269 [info] Getting sessions for all scopes...
2024-05-28 15:19:59.270 [info] Getting GitHub sessions for all scopes...
2024-05-28 15:19:59.270 [info] Getting sessions for function:accessCodeSyncStorage...
2024-05-28 15:19:59.270 [info] Got 1 GitHub sessions for all scopes...
2024-05-28 15:19:59.270 [info] Got stored sessions!
2024-05-28 15:19:59.270 [info] Verified session with the following scopes: function:accessCodeSyncStorage function:closePort function:controlAdmission function:deleteEnvVar function:generateNewGitpodToken function:getDefaultWorkspaceImage function:getEnvVars function:getGitpodTokenScopes function:getIDToken function:getLoggedInUser function:getOpenPorts function:getSupportedWorkspaceClasses function:getTeams function:getToken function:getWorkspace function:getWorkspaceEnvVars function:getWorkspaceOwner function:getWorkspaceTimeout function:getWorkspaceUsers function:guessGitTokenScopes function:isWorkspaceOwner function:openPort function:sendHeartBeat function:setEnvVar function:setWorkspaceTimeout function:stopWorkspace function:takeSnapshot function:trackEvent function:updateGitStatus function:waitForSnapshot resource:contentBlob::*::create/get resource:envVar::freeCodeCamp/learn-relational-databases-by-building-a-mario-database::create/get/update/delete resource:gitpodToken::*::create resource:snapshot::ws-freecodecam-learnrelati-t6u82py176j::create resource:token::*::get resource:userStorage::*::create/get/update resource:workspace::freecodecam-learnrelati-t6u82py176j::get/update resource:workspaceInstance::96713516-d4d7-436f-9b84-44c7369072ba::get/update/delete
2024-05-28 15:19:59.271 [info] Got 1 verified sessions.
2024-05-28 15:19:59.271 [info] Got 1 sessions for all scopes...
2024-05-28 15:19:59.271 [info] Got 1 sessions for function:accessCodeSyncStorage...
2024-05-28 15:19:59.583 [info] Getting GitHub sessions for all scopes...
2024-05-28 15:19:59.583 [info] Got 1 GitHub sessions for all scopes...
2024-05-28 15:19:59.674 [info] Getting GitHub sessions for all scopes...
2024-05-28 15:19:59.674 [info] Getting sessions for all scopes...
2024-05-28 15:19:59.674 [info] Got 1 GitHub sessions for all scopes...
2024-05-28 15:19:59.674 [info] Got 1 sessions for all scopes...
2024-05-28 15:20:01.215 [info] Getting GitHub sessions for read:user,repo,user:email,workflow...
2024-05-28 15:20:01.215 [info] Got 0 GitHub sessions for read:user,repo,user:email,workflow...
2024-05-28 15:20:02.247 [info] Getting GitHub sessions for project,read:org,read:user,repo,user:email,workflow...
2024-05-28 15:20:02.247 [info] Got 0 GitHub sessions for project,read:org,read:user,repo,user:email,workflow...
2024-05-28 15:20:03.191 [info] Getting GitHub sessions for read:user,repo,user:email,workflow...
2024-05-28 15:20:03.191 [info] Got 0 GitHub sessions for read:user,repo,user:email,workflow...
2024-05-28 15:20:04.074 [info] Getting GitHub sessions for read:user,repo,user:email...
2024-05-28 15:20:04.074 [info] Got 0 GitHub sessions for read:user,repo,user:email...
2024-05-28 15:20:05.011 [info] Getting GitHub sessions for read:user,repo,user:email,workflow...
2024-05-28 15:20:05.011 [info] Got 0 GitHub sessions for read:user,repo,user:email,workflow...
