2024-05-28 15:20:01.358 [warning] /home/gitpod/.ssh/config: ENOENT: no such file or directory, open '/home/gitpod/.ssh/config'
2024-05-28 15:20:01.358 [info] Activation> Extension version: 0.88.1
2024-05-28 15:20:05.340 [info] Looking for git repository
2024-05-28 15:20:05.340 [info] Found 0 repositories during activation
2024-05-28 15:20:05.340 [info] Git repository found, initializing review manager and pr tree view.
2024-05-28 15:20:05.345 [info] Registering git provider
2024-05-28 15:20:05.345 [info] Review+0> Validate state in progress
2024-05-28 15:20:05.345 [info] Review+0> Validating state...
2024-05-28 15:20:05.675 [info] Found GitHub remote for folder /workspace/project
2024-05-28 15:20:05.677 [info] Trying to use globalState for assignableUsers.
2024-05-28 15:20:05.695 [info] Review+0> No matching pull request metadata found locally for current branch main
2024-05-28 15:20:05.696 [info] Review+0> No matching pull request metadata found on GitHub for current branch main
2024-05-28 15:20:05.991 [info] GlobalState does not exist for assignableUsers.
2024-05-28 15:21:08.231 [info] Repo state for file:///workspace/project changed.
2024-05-28 15:21:08.231 [info] Repo file:///workspace/project has already been setup.
2024-05-28 15:23:02.611 [info] Review+0> Validate state in progress
2024-05-28 15:23:02.611 [info] Review+0> Validating state...
2024-05-28 15:23:02.897 [info] Found GitHub remote for folder /workspace/project
2024-05-28 15:23:02.898 [info] Using in-memory cached assignable users.
2024-05-28 15:23:02.924 [info] Review+0> No matching pull request metadata found locally for current branch main
2024-05-28 15:23:02.939 [info] Review+0> No matching pull request metadata found on GitHub for current branch main
2024-05-28 15:24:11.652 [info] Review+0> Validate state in progress
2024-05-28 15:24:11.652 [info] Review+0> Validating state...
2024-05-28 15:24:11.936 [info] Found GitHub remote for folder /workspace/project
2024-05-28 15:24:11.937 [info] Using in-memory cached assignable users.
2024-05-28 15:24:11.963 [info] Review+0> No matching pull request metadata found locally for current branch main
2024-05-28 15:24:11.979 [info] Review+0> No matching pull request metadata found on GitHub for current branch main
2024-05-28 15:29:51.079 [info] Review+0> Validate state in progress
2024-05-28 15:29:51.198 [info] Review+0> Validating state...
2024-05-28 15:29:51.515 [info] Found GitHub remote for folder /workspace/project
2024-05-28 15:29:51.516 [info] Using in-memory cached assignable users.
2024-05-28 15:29:51.547 [info] Review+0> No matching pull request metadata found locally for current branch main
2024-05-28 15:29:51.571 [info] Review+0> No matching pull request metadata found on GitHub for current branch main
2024-05-28 15:30:06.720 [info] Review+0> Validate state in progress
2024-05-28 15:30:06.720 [info] Review+0> Validating state...
2024-05-28 15:30:07.075 [info] Found GitHub remote for folder /workspace/project
2024-05-28 15:30:07.076 [info] Using in-memory cached assignable users.
2024-05-28 15:30:07.121 [info] Review+0> No matching pull request metadata found locally for current branch main
2024-05-28 15:30:07.147 [info] Review+0> No matching pull request metadata found on GitHub for current branch main
2024-05-28 15:39:09.870 [info] Review+0> Validate state in progress
2024-05-28 15:39:09.871 [info] Review+0> Validating state...
2024-05-28 15:39:10.180 [info] Found GitHub remote for folder /workspace/project
2024-05-28 15:39:10.181 [info] Using in-memory cached assignable users.
2024-05-28 15:39:10.212 [info] Review+0> No matching pull request metadata found locally for current branch main
2024-05-28 15:39:10.231 [info] Review+0> No matching pull request metadata found on GitHub for current branch main
2024-05-28 15:42:09.512 [info] Review+0> Validate state in progress
2024-05-28 15:42:09.512 [info] Review+0> Validating state...
2024-05-28 15:42:09.910 [info] Found GitHub remote for folder /workspace/project
2024-05-28 15:42:09.911 [info] Using in-memory cached assignable users.
2024-05-28 15:42:09.940 [info] Review+0> No matching pull request metadata found locally for current branch main
2024-05-28 15:42:09.959 [info] Review+0> No matching pull request metadata found on GitHub for current branch main
2024-05-28 15:43:16.683 [info] Review+0> Validate state in progress
2024-05-28 15:43:16.683 [info] Review+0> Validating state...
2024-05-28 15:43:17.759 [info] Found GitHub remote for folder /workspace/project
2024-05-28 15:43:17.759 [info] Using in-memory cached assignable users.
2024-05-28 15:43:17.796 [info] Review+0> No matching pull request metadata found locally for current branch main
2024-05-28 15:43:17.814 [info] Review+0> No matching pull request metadata found on GitHub for current branch main
2024-05-28 15:43:44.947 [info] Review+0> Validate state in progress
2024-05-28 15:43:44.947 [info] Review+0> Validating state...
2024-05-28 15:43:45.267 [info] Found GitHub remote for folder /workspace/project
2024-05-28 15:43:45.268 [info] Using in-memory cached assignable users.
2024-05-28 15:43:45.298 [info] Review+0> No matching pull request metadata found locally for current branch main
2024-05-28 15:43:45.314 [info] Review+0> No matching pull request metadata found on GitHub for current branch main
2024-05-28 15:44:30.710 [info] Review+0> Validate state in progress
2024-05-28 15:44:30.710 [info] Review+0> Validating state...
2024-05-28 15:44:31.083 [info] Found GitHub remote for folder /workspace/project
2024-05-28 15:44:31.084 [info] Using in-memory cached assignable users.
2024-05-28 15:44:31.115 [info] Review+0> No matching pull request metadata found locally for current branch main
2024-05-28 15:44:31.134 [info] Review+0> No matching pull request metadata found on GitHub for current branch main
2024-05-28 15:44:53.124 [info] Review+0> Validate state in progress
2024-05-28 15:44:53.124 [info] Review+0> Validating state...
2024-05-28 15:44:53.509 [info] Found GitHub remote for folder /workspace/project
2024-05-28 15:44:53.510 [info] Using in-memory cached assignable users.
2024-05-28 15:44:53.538 [info] Review+0> No matching pull request metadata found locally for current branch main
2024-05-28 15:44:53.554 [info] Review+0> No matching pull request metadata found on GitHub for current branch main
2024-05-28 15:47:20.725 [info] Review+0> Validate state in progress
2024-05-28 15:47:20.725 [info] Review+0> Validating state...
2024-05-28 15:47:21.184 [info] Found GitHub remote for folder /workspace/project
2024-05-28 15:47:21.185 [info] Using in-memory cached assignable users.
2024-05-28 15:47:21.222 [info] Review+0> No matching pull request metadata found locally for current branch main
2024-05-28 15:47:21.243 [info] Review+0> No matching pull request metadata found on GitHub for current branch main
2024-05-28 15:47:39.740 [info] Review+0> Validate state in progress
2024-05-28 15:47:39.740 [info] Review+0> Validating state...
2024-05-28 15:47:40.158 [info] Found GitHub remote for folder /workspace/project
2024-05-28 15:47:40.158 [info] Using in-memory cached assignable users.
2024-05-28 15:47:40.192 [info] Review+0> No matching pull request metadata found locally for current branch main
2024-05-28 15:47:40.210 [info] Review+0> No matching pull request metadata found on GitHub for current branch main
2024-05-28 15:48:13.796 [info] Review+0> Validate state in progress
2024-05-28 15:48:13.796 [info] Review+0> Validating state...
2024-05-28 15:48:14.159 [info] Found GitHub remote for folder /workspace/project
2024-05-28 15:48:14.160 [info] Using in-memory cached assignable users.
2024-05-28 15:48:14.188 [info] Review+0> No matching pull request metadata found locally for current branch main
2024-05-28 15:48:14.203 [info] Review+0> No matching pull request metadata found on GitHub for current branch main
2024-05-28 15:48:38.093 [info] Review+0> Validate state in progress
2024-05-28 15:48:38.093 [info] Review+0> Validating state...
2024-05-28 15:48:38.493 [info] Found GitHub remote for folder /workspace/project
2024-05-28 15:48:38.494 [info] Using in-memory cached assignable users.
2024-05-28 15:48:38.519 [info] Review+0> No matching pull request metadata found locally for current branch main
2024-05-28 15:48:38.534 [info] Review+0> No matching pull request metadata found on GitHub for current branch main
2024-05-28 15:48:59.604 [info] Review+0> Validate state in progress
2024-05-28 15:48:59.604 [info] Review+0> Validating state...
2024-05-28 15:49:00.184 [info] Found GitHub remote for folder /workspace/project
2024-05-28 15:49:00.184 [info] Using in-memory cached assignable users.
2024-05-28 15:49:00.214 [info] Review+0> No matching pull request metadata found locally for current branch main
2024-05-28 15:49:00.232 [info] Review+0> No matching pull request metadata found on GitHub for current branch main
2024-05-28 15:49:24.092 [info] Review+0> Validate state in progress
2024-05-28 15:49:24.092 [info] Review+0> Validating state...
2024-05-28 15:49:24.437 [info] Found GitHub remote for folder /workspace/project
2024-05-28 15:49:24.437 [info] Using in-memory cached assignable users.
2024-05-28 15:49:24.469 [info] Review+0> No matching pull request metadata found locally for current branch main
2024-05-28 15:49:24.488 [info] Review+0> No matching pull request metadata found on GitHub for current branch main
2024-05-28 15:50:26.921 [info] Review+0> Validate state in progress
2024-05-28 15:50:26.922 [info] Review+0> Validating state...
2024-05-28 15:50:27.464 [info] Found GitHub remote for folder /workspace/project
2024-05-28 15:50:27.465 [info] Using in-memory cached assignable users.
2024-05-28 15:50:27.500 [info] Review+0> No matching pull request metadata found locally for current branch main
2024-05-28 15:50:27.519 [info] Review+0> No matching pull request metadata found on GitHub for current branch main
2024-05-28 15:50:53.411 [info] Review+0> Validate state in progress
2024-05-28 15:50:53.411 [info] Review+0> Validating state...
2024-05-28 15:50:53.769 [info] Found GitHub remote for folder /workspace/project
2024-05-28 15:50:53.769 [info] Using in-memory cached assignable users.
2024-05-28 15:50:53.800 [info] Review+0> No matching pull request metadata found locally for current branch main
2024-05-28 15:50:53.818 [info] Review+0> No matching pull request metadata found on GitHub for current branch main
2024-05-28 15:51:30.606 [info] Review+0> Validate state in progress
2024-05-28 15:51:30.606 [info] Review+0> Validating state...
2024-05-28 15:51:32.595 [info] Found GitHub remote for folder /workspace/project
2024-05-28 15:51:32.596 [info] Using in-memory cached assignable users.
2024-05-28 15:51:32.627 [info] Review+0> No matching pull request metadata found locally for current branch main
2024-05-28 15:51:32.644 [info] Review+0> No matching pull request metadata found on GitHub for current branch main
2024-05-28 15:53:18.144 [info] Review+0> Validate state in progress
2024-05-28 15:53:18.144 [info] Review+0> Validating state...
2024-05-28 15:53:18.554 [info] Found GitHub remote for folder /workspace/project
2024-05-28 15:53:18.554 [info] Using in-memory cached assignable users.
2024-05-28 15:53:18.594 [info] Review+0> No matching pull request metadata found locally for current branch main
2024-05-28 15:53:18.619 [info] Review+0> No matching pull request metadata found on GitHub for current branch main
2024-05-28 15:53:36.751 [info] Review+0> Validate state in progress
2024-05-28 15:53:36.752 [info] Review+0> Validating state...
2024-05-28 15:53:37.148 [info] Found GitHub remote for folder /workspace/project
2024-05-28 15:53:37.148 [info] Using in-memory cached assignable users.
2024-05-28 15:53:37.176 [info] Review+0> No matching pull request metadata found locally for current branch main
2024-05-28 15:53:37.198 [info] Review+0> No matching pull request metadata found on GitHub for current branch main
2024-05-28 15:54:04.429 [info] Review+0> Validate state in progress
2024-05-28 15:54:04.429 [info] Review+0> Validating state...
2024-05-28 15:54:04.779 [info] Found GitHub remote for folder /workspace/project
2024-05-28 15:54:04.779 [info] Using in-memory cached assignable users.
2024-05-28 15:54:04.815 [info] Review+0> No matching pull request metadata found locally for current branch main
2024-05-28 15:54:04.838 [info] Review+0> No matching pull request metadata found on GitHub for current branch main
2024-05-28 15:55:51.072 [info] Review+0> Validate state in progress
2024-05-28 15:55:51.072 [info] Review+0> Validating state...
2024-05-28 15:55:51.542 [info] Found GitHub remote for folder /workspace/project
2024-05-28 15:55:51.543 [info] Using in-memory cached assignable users.
2024-05-28 15:55:51.578 [info] Review+0> No matching pull request metadata found locally for current branch main
2024-05-28 15:55:51.596 [info] Review+0> No matching pull request metadata found on GitHub for current branch main
2024-05-28 15:56:07.085 [info] Review+0> Validate state in progress
2024-05-28 15:56:07.085 [info] Review+0> Validating state...
2024-05-28 15:56:08.147 [info] Found GitHub remote for folder /workspace/project
2024-05-28 15:56:08.147 [info] Using in-memory cached assignable users.
2024-05-28 15:56:08.174 [info] Review+0> No matching pull request metadata found locally for current branch main
2024-05-28 15:56:08.194 [info] Review+0> No matching pull request metadata found on GitHub for current branch main
2024-05-28 15:56:54.195 [info] Review+0> Validate state in progress
2024-05-28 15:56:54.195 [info] Review+0> Validating state...
2024-05-28 15:56:54.878 [info] Found GitHub remote for folder /workspace/project
2024-05-28 15:56:54.879 [info] Using in-memory cached assignable users.
2024-05-28 15:56:54.919 [info] Review+0> No matching pull request metadata found locally for current branch main
2024-05-28 15:56:54.939 [info] Review+0> No matching pull request metadata found on GitHub for current branch main
2024-05-28 15:57:27.494 [info] Review+0> Validate state in progress
2024-05-28 15:57:27.494 [info] Review+0> Validating state...
2024-05-28 15:57:27.914 [info] Found GitHub remote for folder /workspace/project
2024-05-28 15:57:27.914 [info] Using in-memory cached assignable users.
2024-05-28 15:57:27.945 [info] Review+0> No matching pull request metadata found locally for current branch main
2024-05-28 15:57:27.968 [info] Review+0> No matching pull request metadata found on GitHub for current branch main
2024-05-28 15:57:32.562 [info] Review+0> Validate state in progress
2024-05-28 15:57:32.562 [info] Review+0> Validating state...
2024-05-28 15:57:33.067 [info] Found GitHub remote for folder /workspace/project
2024-05-28 15:57:33.068 [info] Using in-memory cached assignable users.
2024-05-28 15:57:33.115 [info] Review+0> No matching pull request metadata found locally for current branch main
2024-05-28 15:57:33.141 [info] Review+0> No matching pull request metadata found on GitHub for current branch main
2024-05-28 15:57:51.619 [info] Review+0> Validate state in progress
2024-05-28 15:57:51.619 [info] Review+0> Validating state...
2024-05-28 15:57:52.019 [info] Found GitHub remote for folder /workspace/project
2024-05-28 15:57:52.020 [info] Using in-memory cached assignable users.
2024-05-28 15:57:52.057 [info] Review+0> No matching pull request metadata found locally for current branch main
2024-05-28 15:57:52.081 [info] Review+0> No matching pull request metadata found on GitHub for current branch main
2024-05-28 15:59:43.895 [info] Review+0> Validate state in progress
2024-05-28 15:59:43.895 [info] Review+0> Validating state...
2024-05-28 15:59:44.383 [info] Found GitHub remote for folder /workspace/project
2024-05-28 15:59:44.383 [info] Using in-memory cached assignable users.
2024-05-28 15:59:44.414 [info] Review+0> No matching pull request metadata found locally for current branch main
2024-05-28 15:59:44.434 [info] Review+0> No matching pull request metadata found on GitHub for current branch main
2024-05-28 16:02:31.452 [info] Review+0> Validate state in progress
2024-05-28 16:02:31.452 [info] Review+0> Validating state...
2024-05-28 16:02:32.341 [info] Found GitHub remote for folder /workspace/project
2024-05-28 16:02:32.341 [info] Using in-memory cached assignable users.
2024-05-28 16:02:32.374 [info] Review+0> No matching pull request metadata found locally for current branch main
2024-05-28 16:02:32.394 [info] Review+0> No matching pull request metadata found on GitHub for current branch main
2024-05-28 16:03:08.403 [info] Review+0> Validate state in progress
2024-05-28 16:03:08.403 [info] Review+0> Validating state...
2024-05-28 16:03:08.915 [info] Found GitHub remote for folder /workspace/project
2024-05-28 16:03:08.915 [info] Using in-memory cached assignable users.
2024-05-28 16:03:08.948 [info] Review+0> No matching pull request metadata found locally for current branch main
2024-05-28 16:03:08.969 [info] Review+0> No matching pull request metadata found on GitHub for current branch main
2024-05-28 16:05:29.905 [info] Review+0> Validate state in progress
2024-05-28 16:05:29.905 [info] Review+0> Validating state...
2024-05-28 16:05:30.276 [info] Found GitHub remote for folder /workspace/project
2024-05-28 16:05:30.277 [info] Using in-memory cached assignable users.
2024-05-28 16:05:30.308 [info] Review+0> No matching pull request metadata found locally for current branch main
2024-05-28 16:05:30.327 [info] Review+0> No matching pull request metadata found on GitHub for current branch main
2024-05-28 16:13:01.209 [info] Review+0> Validate state in progress
2024-05-28 16:13:01.209 [info] Review+0> Validating state...
2024-05-28 16:13:01.500 [info] Found GitHub remote for folder /workspace/project
2024-05-28 16:13:01.500 [info] Using in-memory cached assignable users.
2024-05-28 16:13:01.532 [info] Review+0> No matching pull request metadata found locally for current branch main
2024-05-28 16:13:01.551 [info] Review+0> No matching pull request metadata found on GitHub for current branch main
2024-05-28 16:13:06.260 [info] Review+0> Validate state in progress
2024-05-28 16:13:06.260 [info] Review+0> Validating state...
2024-05-28 16:13:06.570 [info] Found GitHub remote for folder /workspace/project
2024-05-28 16:13:06.571 [info] Using in-memory cached assignable users.
2024-05-28 16:13:06.605 [info] Review+0> No matching pull request metadata found locally for current branch main
2024-05-28 16:13:06.624 [info] Review+0> No matching pull request metadata found on GitHub for current branch main
2024-05-28 16:14:09.240 [info] Review+0> Validate state in progress
2024-05-28 16:14:09.240 [info] Review+0> Validating state...
2024-05-28 16:14:11.411 [info] Found GitHub remote for folder /workspace/project
2024-05-28 16:14:11.412 [info] Using in-memory cached assignable users.
2024-05-28 16:14:11.448 [info] Review+0> No matching pull request metadata found locally for current branch main
2024-05-28 16:14:11.467 [info] Review+0> No matching pull request metadata found on GitHub for current branch main
2024-05-28 16:14:30.446 [info] Review+0> Validate state in progress
2024-05-28 16:14:30.446 [info] Review+0> Validating state...
2024-05-28 16:14:30.917 [info] Found GitHub remote for folder /workspace/project
2024-05-28 16:14:30.917 [info] Using in-memory cached assignable users.
2024-05-28 16:14:30.954 [info] Review+0> No matching pull request metadata found locally for current branch main
2024-05-28 16:14:30.974 [info] Review+0> No matching pull request metadata found on GitHub for current branch main
2024-05-28 16:18:48.728 [info] Review+0> Validate state in progress
2024-05-28 16:18:48.728 [info] Review+0> Validating state...
2024-05-28 16:18:49.274 [info] Found GitHub remote for folder /workspace/project
2024-05-28 16:18:49.275 [info] Using in-memory cached assignable users.
2024-05-28 16:18:49.313 [info] Review+0> No matching pull request metadata found locally for current branch main
2024-05-28 16:18:49.337 [info] Review+0> No matching pull request metadata found on GitHub for current branch main
2024-05-28 16:19:18.290 [info] Review+0> Validate state in progress
2024-05-28 16:19:18.290 [info] Review+0> Validating state...
2024-05-28 16:19:19.188 [info] Found GitHub remote for folder /workspace/project
2024-05-28 16:19:19.189 [info] Using in-memory cached assignable users.
2024-05-28 16:19:19.232 [info] Review+0> No matching pull request metadata found locally for current branch main
2024-05-28 16:19:19.255 [info] Review+0> No matching pull request metadata found on GitHub for current branch main
2024-05-28 16:19:58.964 [info] Review+0> Validate state in progress
2024-05-28 16:19:58.964 [info] Review+0> Validating state...
2024-05-28 16:19:59.461 [info] Found GitHub remote for folder /workspace/project
2024-05-28 16:19:59.462 [info] Using in-memory cached assignable users.
2024-05-28 16:19:59.499 [info] Review+0> No matching pull request metadata found locally for current branch main
2024-05-28 16:19:59.520 [info] Review+0> No matching pull request metadata found on GitHub for current branch main
2024-05-28 16:20:04.035 [info] Review+0> Validate state in progress
2024-05-28 16:20:04.035 [info] Review+0> Validating state...
2024-05-28 16:20:04.343 [info] Found GitHub remote for folder /workspace/project
2024-05-28 16:20:04.344 [info] Using in-memory cached assignable users.
2024-05-28 16:20:04.378 [info] Review+0> No matching pull request metadata found locally for current branch main
2024-05-28 16:20:04.401 [info] Review+0> No matching pull request metadata found on GitHub for current branch main
2024-05-28 16:20:54.901 [info] Review+0> Validate state in progress
2024-05-28 16:20:54.901 [info] Review+0> Validating state...
2024-05-28 16:20:55.273 [info] Found GitHub remote for folder /workspace/project
2024-05-28 16:20:55.273 [info] Using in-memory cached assignable users.
2024-05-28 16:20:55.308 [info] Review+0> No matching pull request metadata found locally for current branch main
2024-05-28 16:20:55.329 [info] Review+0> No matching pull request metadata found on GitHub for current branch main
2024-05-28 16:26:09.761 [info] Review+0> Validate state in progress
2024-05-28 16:26:09.761 [info] Review+0> Validating state...
2024-05-28 16:26:10.197 [info] Found GitHub remote for folder /workspace/project
2024-05-28 16:26:10.198 [info] Using in-memory cached assignable users.
2024-05-28 16:26:10.236 [info] Review+0> No matching pull request metadata found locally for current branch main
2024-05-28 16:26:10.256 [info] Review+0> No matching pull request metadata found on GitHub for current branch main
2024-05-28 16:26:14.821 [info] Review+0> Validate state in progress
2024-05-28 16:26:14.821 [info] Review+0> Validating state...
2024-05-28 16:26:15.129 [info] Found GitHub remote for folder /workspace/project
2024-05-28 16:26:15.129 [info] Using in-memory cached assignable users.
2024-05-28 16:26:15.160 [info] Review+0> No matching pull request metadata found locally for current branch main
2024-05-28 16:26:15.177 [info] Review+0> No matching pull request metadata found on GitHub for current branch main
