2024-05-28 15:20:00.823 [info] Log level: Info
2024-05-28 15:20:00.823 [info] Validating found git in: "git"
2024-05-28 15:20:00.823 [info] Using git "2.43.0" from "git"
2024-05-28 15:20:00.823 [info] > git rev-parse --show-toplevel [2ms]
2024-05-28 15:20:00.823 [info] > git rev-parse --git-dir --git-common-dir [2ms]
2024-05-28 15:20:00.823 [info] Open repository: /workspace/project
2024-05-28 15:20:00.823 [info] > git rev-parse --show-toplevel [2ms]
2024-05-28 15:20:00.823 [info] > git config --get commit.template [15ms]
2024-05-28 15:20:00.823 [info] > git rev-parse --show-toplevel [51ms]
2024-05-28 15:20:00.823 [info] > git for-each-ref --format=%(refname)%00%(upstream:short)%00%(objectname)%00%(upstream:track)%00%(upstream:remotename)%00%(upstream:remoteref) refs/heads/main refs/remotes/main [36ms]
2024-05-28 15:20:00.823 [warning] ENOENT: no such file or directory, open '/workspace/project/.git/refs/remotes/origin/main'
2024-05-28 15:20:00.823 [info] > git rev-parse refs/remotes/origin/main [2ms]
2024-05-28 15:20:00.823 [info] > git status -z -uall [142ms]
2024-05-28 15:20:00.823 [info] > git merge-base refs/heads/main refs/remotes/origin/main [25ms]
2024-05-28 15:20:00.823 [info] > git config --get commit.template [20ms]
2024-05-28 15:20:00.823 [info] > git rev-list --count --left-right refs/heads/main...refs/remotes/origin/main [49ms]
2024-05-28 15:20:00.823 [info] > git diff --name-status -z --diff-filter=ADMR c59c1410edf825c7e8a42c39d37f10700022fbf3...refs/remotes/origin/main [4ms]
2024-05-28 15:20:00.823 [info] > git for-each-ref --format=%(refname)%00%(upstream:short)%00%(objectname)%00%(upstream:track)%00%(upstream:remotename)%00%(upstream:remoteref) refs/heads/main refs/remotes/main [20ms]
2024-05-28 15:20:00.823 [warning] ENOENT: no such file or directory, open '/workspace/project/.git/refs/remotes/origin/main'
2024-05-28 15:20:00.823 [info] > git rev-parse refs/remotes/origin/main [3ms]
2024-05-28 15:20:00.823 [info] > git status -z -uall [4ms]
2024-05-28 15:20:01.355 [info] > git check-ignore -v -z --stdin [3ms]
2024-05-28 15:20:03.249 [info] > git config --get commit.template [22ms]
2024-05-28 15:20:03.250 [info] > git for-each-ref --format=%(refname)%00%(upstream:short)%00%(objectname)%00%(upstream:track)%00%(upstream:remotename)%00%(upstream:remoteref) refs/heads/main refs/remotes/main [3ms]
2024-05-28 15:20:03.264 [warning] ENOENT: no such file or directory, open '/workspace/project/.git/refs/remotes/origin/main'
2024-05-28 15:20:03.266 [info] > git rev-parse refs/remotes/origin/main [2ms]
2024-05-28 15:20:03.286 [info] > git status -z -uall [5ms]
2024-05-28 15:20:05.695 [info] > git config --local branch.main.github-pr-owner-number [3ms]
2024-05-28 15:20:05.695 [warning] git config failed: Failed to execute git
2024-05-28 15:20:35.953 [info] > git merge-base refs/heads/main refs/remotes/origin/main [3ms]
2024-05-28 15:20:35.971 [info] > git rev-list --count --left-right refs/heads/main...refs/remotes/origin/main [4ms]
2024-05-28 15:20:37.368 [info] > git check-ignore -v -z --stdin [2ms]
2024-05-28 15:21:08.159 [info] > git config --get commit.template [3ms]
2024-05-28 15:21:08.187 [info] > git for-each-ref --format=%(refname)%00%(upstream:short)%00%(objectname)%00%(upstream:track)%00%(upstream:remotename)%00%(upstream:remoteref) refs/heads/main refs/remotes/main [5ms]
2024-05-28 15:21:08.203 [warning] ENOENT: no such file or directory, open '/workspace/project/.git/refs/remotes/origin/main'
2024-05-28 15:21:08.206 [info] > git rev-parse refs/remotes/origin/main [2ms]
2024-05-28 15:21:08.228 [info] > git status -z -uall [5ms]
2024-05-28 15:21:13.270 [info] > git config --get commit.template [18ms]
2024-05-28 15:21:13.272 [info] > git for-each-ref --format=%(refname)%00%(upstream:short)%00%(objectname)%00%(upstream:track)%00%(upstream:remotename)%00%(upstream:remoteref) refs/heads/main refs/remotes/main [4ms]
2024-05-28 15:21:13.294 [warning] ENOENT: no such file or directory, open '/workspace/project/.git/refs/remotes/origin/main'
2024-05-28 15:21:13.296 [info] > git rev-parse refs/remotes/origin/main [2ms]
2024-05-28 15:21:13.314 [info] > git status -z -uall [3ms]
2024-05-28 15:21:55.427 [info] > git config --get commit.template [16ms]
2024-05-28 15:21:55.430 [info] > git for-each-ref --format=%(refname)%00%(upstream:short)%00%(objectname)%00%(upstream:track)%00%(upstream:remotename)%00%(upstream:remoteref) refs/heads/main refs/remotes/main [4ms]
2024-05-28 15:21:55.447 [warning] ENOENT: no such file or directory, open '/workspace/project/.git/refs/remotes/origin/main'
2024-05-28 15:21:55.450 [info] > git rev-parse refs/remotes/origin/main [3ms]
2024-05-28 15:21:55.474 [info] > git status -z -uall [5ms]
2024-05-28 15:22:24.396 [info] > git log --format=%H%n%aN%n%aE%n%at%n%ct%n%P%n%D%n%B -z --shortstat --diff-merges=first-parent --author-date-order c59c1410edf825c7e8a42c39d37f10700022fbf3..add33b7e6e4d9e11f2f6c6c54a9b0008360f0c7a [30ms]
2024-05-28 15:22:25.122 [info] > git diff --shortstat c59c1410edf825c7e8a42c39d37f10700022fbf3...add33b7e6e4d9e11f2f6c6c54a9b0008360f0c7a [10ms]
2024-05-28 15:22:31.947 [info] > git diff --name-status -z --diff-filter=ADMR 308876f9141923d5cae3750e75e150c0aa9e50bd...add33b7e6e4d9e11f2f6c6c54a9b0008360f0c7a [3ms]
2024-05-28 15:22:32.825 [info] > git check-ignore -v -z --stdin [1ms]
2024-05-28 15:22:37.036 [info] > git diff --name-status -z --diff-filter=ADMR c59c1410edf825c7e8a42c39d37f10700022fbf3...add33b7e6e4d9e11f2f6c6c54a9b0008360f0c7a [5ms]
2024-05-28 15:22:38.297 [info] > git check-ignore -v -z --stdin [2ms]
2024-05-28 15:23:02.589 [info] > git config --get commit.template [15ms]
2024-05-28 15:23:02.589 [info] > git for-each-ref --format=%(refname)%00%(upstream:short)%00%(objectname)%00%(upstream:track)%00%(upstream:remotename)%00%(upstream:remoteref) refs/heads/main refs/remotes/main [1ms]
2024-05-28 15:23:02.608 [info] > git status -z -uall [5ms]
2024-05-28 15:23:02.913 [info] > git config --local branch.main.github-pr-owner-number [1ms]
2024-05-28 15:23:02.913 [warning] git config failed: Failed to execute git
2024-05-28 15:23:02.926 [info] > git config --local branch.main.remote [1ms]
2024-05-28 15:23:02.926 [warning] git config failed: Failed to execute git
2024-05-28 15:23:02.939 [info] > git config --local branch.main.merge [1ms]
2024-05-28 15:23:02.939 [warning] git config failed: Failed to execute git
2024-05-28 15:23:16.295 [info] > git config --get commit.template [20ms]
2024-05-28 15:23:16.297 [info] > git for-each-ref --format=%(refname)%00%(upstream:short)%00%(objectname)%00%(upstream:track)%00%(upstream:remotename)%00%(upstream:remoteref) refs/heads/main refs/remotes/main [3ms]
2024-05-28 15:23:16.317 [info] > git status -z -uall [3ms]
2024-05-28 15:23:23.188 [info] > git config --get commit.template [15ms]
2024-05-28 15:23:23.189 [info] > git for-each-ref --format=%(refname)%00%(upstream:short)%00%(objectname)%00%(upstream:track)%00%(upstream:remotename)%00%(upstream:remoteref) refs/heads/main refs/remotes/main [2ms]
2024-05-28 15:23:23.209 [info] > git status -z -uall [4ms]
2024-05-28 15:24:11.630 [info] > git config --get commit.template [17ms]
2024-05-28 15:24:11.631 [info] > git for-each-ref --format=%(refname)%00%(upstream:short)%00%(objectname)%00%(upstream:track)%00%(upstream:remotename)%00%(upstream:remoteref) refs/heads/main refs/remotes/main [3ms]
2024-05-28 15:24:11.650 [info] > git status -z -uall [4ms]
2024-05-28 15:24:11.951 [info] > git config --local branch.main.github-pr-owner-number [1ms]
2024-05-28 15:24:11.951 [warning] git config failed: Failed to execute git
2024-05-28 15:24:11.965 [info] > git config --local branch.main.remote [1ms]
2024-05-28 15:24:11.965 [warning] git config failed: Failed to execute git
2024-05-28 15:24:11.978 [info] > git config --local branch.main.merge [2ms]
2024-05-28 15:24:11.978 [warning] git config failed: Failed to execute git
2024-05-28 15:24:46.211 [info] > git config --get commit.template [12ms]
2024-05-28 15:24:46.212 [info] > git for-each-ref --format=%(refname)%00%(upstream:short)%00%(objectname)%00%(upstream:track)%00%(upstream:remotename)%00%(upstream:remoteref) refs/heads/main refs/remotes/main [2ms]
2024-05-28 15:24:46.226 [info] > git status -z -uall [3ms]
2024-05-28 15:25:05.363 [info] > git config --local branch.main.github-pr-owner-number [2ms]
2024-05-28 15:25:05.363 [warning] git config failed: Failed to execute git
2024-05-28 15:25:26.543 [info] > git config --get commit.template [19ms]
2024-05-28 15:25:26.544 [info] > git for-each-ref --format=%(refname)%00%(upstream:short)%00%(objectname)%00%(upstream:track)%00%(upstream:remotename)%00%(upstream:remoteref) refs/heads/main refs/remotes/main [2ms]
2024-05-28 15:25:26.565 [info] > git status -z -uall [5ms]
2024-05-28 15:25:40.205 [info] > git config --get commit.template [12ms]
2024-05-28 15:25:40.207 [info] > git for-each-ref --format=%(refname)%00%(upstream:short)%00%(objectname)%00%(upstream:track)%00%(upstream:remotename)%00%(upstream:remoteref) refs/heads/main refs/remotes/main [3ms]
2024-05-28 15:25:40.223 [info] > git status -z -uall [3ms]
2024-05-28 15:25:45.254 [info] > git config --get commit.template [13ms]
2024-05-28 15:25:45.255 [info] > git for-each-ref --format=%(refname)%00%(upstream:short)%00%(objectname)%00%(upstream:track)%00%(upstream:remotename)%00%(upstream:remoteref) refs/heads/main refs/remotes/main [2ms]
2024-05-28 15:25:45.272 [info] > git status -z -uall [4ms]
2024-05-28 15:25:50.304 [info] > git config --get commit.template [14ms]
2024-05-28 15:25:50.305 [info] > git for-each-ref --format=%(refname)%00%(upstream:short)%00%(objectname)%00%(upstream:track)%00%(upstream:remotename)%00%(upstream:remoteref) refs/heads/main refs/remotes/main [2ms]
2024-05-28 15:25:50.320 [info] > git status -z -uall [3ms]
2024-05-28 15:25:55.353 [info] > git config --get commit.template [15ms]
2024-05-28 15:25:55.354 [info] > git for-each-ref --format=%(refname)%00%(upstream:short)%00%(objectname)%00%(upstream:track)%00%(upstream:remotename)%00%(upstream:remoteref) refs/heads/main refs/remotes/main [2ms]
2024-05-28 15:25:55.370 [info] > git status -z -uall [3ms]
2024-05-28 15:26:00.398 [info] > git config --get commit.template [12ms]
2024-05-28 15:26:00.400 [info] > git for-each-ref --format=%(refname)%00%(upstream:short)%00%(objectname)%00%(upstream:track)%00%(upstream:remotename)%00%(upstream:remoteref) refs/heads/main refs/remotes/main [3ms]
2024-05-28 15:26:00.414 [info] > git status -z -uall [3ms]
2024-05-28 15:26:05.447 [info] > git config --get commit.template [14ms]
2024-05-28 15:26:05.448 [info] > git for-each-ref --format=%(refname)%00%(upstream:short)%00%(objectname)%00%(upstream:track)%00%(upstream:remotename)%00%(upstream:remoteref) refs/heads/main refs/remotes/main [2ms]
2024-05-28 15:26:05.468 [info] > git status -z -uall [3ms]
2024-05-28 15:26:10.499 [info] > git config --get commit.template [15ms]
2024-05-28 15:26:10.501 [info] > git for-each-ref --format=%(refname)%00%(upstream:short)%00%(objectname)%00%(upstream:track)%00%(upstream:remotename)%00%(upstream:remoteref) refs/heads/main refs/remotes/main [3ms]
2024-05-28 15:26:10.521 [info] > git status -z -uall [4ms]
2024-05-28 15:26:15.559 [info] > git config --get commit.template [17ms]
2024-05-28 15:26:15.560 [info] > git for-each-ref --format=%(refname)%00%(upstream:short)%00%(objectname)%00%(upstream:track)%00%(upstream:remotename)%00%(upstream:remoteref) refs/heads/main refs/remotes/main [2ms]
2024-05-28 15:26:15.578 [info] > git status -z -uall [4ms]
2024-05-28 15:26:20.612 [info] > git config --get commit.template [14ms]
2024-05-28 15:26:20.613 [info] > git for-each-ref --format=%(refname)%00%(upstream:short)%00%(objectname)%00%(upstream:track)%00%(upstream:remotename)%00%(upstream:remoteref) refs/heads/main refs/remotes/main [2ms]
2024-05-28 15:26:20.629 [info] > git status -z -uall [3ms]
2024-05-28 15:26:25.657 [info] > git config --get commit.template [12ms]
2024-05-28 15:26:25.658 [info] > git for-each-ref --format=%(refname)%00%(upstream:short)%00%(objectname)%00%(upstream:track)%00%(upstream:remotename)%00%(upstream:remoteref) refs/heads/main refs/remotes/main [2ms]
2024-05-28 15:26:25.673 [info] > git status -z -uall [3ms]
2024-05-28 15:26:30.702 [info] > git config --get commit.template [12ms]
2024-05-28 15:26:30.702 [info] > git for-each-ref --format=%(refname)%00%(upstream:short)%00%(objectname)%00%(upstream:track)%00%(upstream:remotename)%00%(upstream:remoteref) refs/heads/main refs/remotes/main [2ms]
2024-05-28 15:26:30.717 [info] > git status -z -uall [3ms]
2024-05-28 15:27:16.639 [info] > git config --get commit.template [13ms]
2024-05-28 15:27:16.640 [info] > git for-each-ref --format=%(refname)%00%(upstream:short)%00%(objectname)%00%(upstream:track)%00%(upstream:remotename)%00%(upstream:remoteref) refs/heads/main refs/remotes/main [2ms]
2024-05-28 15:27:16.655 [info] > git status -z -uall [3ms]
2024-05-28 15:27:26.700 [info] > git config --get commit.template [15ms]
2024-05-28 15:27:26.701 [info] > git for-each-ref --format=%(refname)%00%(upstream:short)%00%(objectname)%00%(upstream:track)%00%(upstream:remotename)%00%(upstream:remoteref) refs/heads/main refs/remotes/main [2ms]
2024-05-28 15:27:26.719 [info] > git status -z -uall [3ms]
2024-05-28 15:27:35.891 [info] > git config --get commit.template [11ms]
2024-05-28 15:27:35.892 [info] > git for-each-ref --format=%(refname)%00%(upstream:short)%00%(objectname)%00%(upstream:track)%00%(upstream:remotename)%00%(upstream:remoteref) refs/heads/main refs/remotes/main [2ms]
2024-05-28 15:27:35.907 [info] > git status -z -uall [4ms]
2024-05-28 15:27:43.240 [info] > git config --get commit.template [12ms]
2024-05-28 15:27:43.241 [info] > git for-each-ref --format=%(refname)%00%(upstream:short)%00%(objectname)%00%(upstream:track)%00%(upstream:remotename)%00%(upstream:remoteref) refs/heads/main refs/remotes/main [2ms]
2024-05-28 15:27:43.255 [info] > git status -z -uall [3ms]
2024-05-28 15:27:50.622 [info] > git config --get commit.template [14ms]
2024-05-28 15:27:50.623 [info] > git for-each-ref --format=%(refname)%00%(upstream:short)%00%(objectname)%00%(upstream:track)%00%(upstream:remotename)%00%(upstream:remoteref) refs/heads/main refs/remotes/main [2ms]
2024-05-28 15:27:50.641 [info] > git status -z -uall [3ms]
2024-05-28 15:27:57.007 [info] > git config --get commit.template [14ms]
2024-05-28 15:27:57.007 [info] > git for-each-ref --format=%(refname)%00%(upstream:short)%00%(objectname)%00%(upstream:track)%00%(upstream:remotename)%00%(upstream:remoteref) refs/heads/main refs/remotes/main [1ms]
2024-05-28 15:27:57.025 [info] > git status -z -uall [3ms]
2024-05-28 15:28:02.760 [info] > git config --get commit.template [13ms]
2024-05-28 15:28:02.761 [info] > git for-each-ref --format=%(refname)%00%(upstream:short)%00%(objectname)%00%(upstream:track)%00%(upstream:remotename)%00%(upstream:remoteref) refs/heads/main refs/remotes/main [2ms]
2024-05-28 15:28:02.775 [info] > git status -z -uall [4ms]
2024-05-28 15:28:11.012 [info] > git config --get commit.template [13ms]
2024-05-28 15:28:11.013 [info] > git for-each-ref --format=%(refname)%00%(upstream:short)%00%(objectname)%00%(upstream:track)%00%(upstream:remotename)%00%(upstream:remoteref) refs/heads/main refs/remotes/main [2ms]
2024-05-28 15:28:11.028 [info] > git status -z -uall [3ms]
2024-05-28 15:28:19.970 [info] > git config --get commit.template [11ms]
2024-05-28 15:28:19.971 [info] > git for-each-ref --format=%(refname)%00%(upstream:short)%00%(objectname)%00%(upstream:track)%00%(upstream:remotename)%00%(upstream:remoteref) refs/heads/main refs/remotes/main [2ms]
2024-05-28 15:28:19.985 [info] > git status -z -uall [3ms]
2024-05-28 15:28:29.236 [info] > git config --get commit.template [13ms]
2024-05-28 15:28:29.237 [info] > git for-each-ref --format=%(refname)%00%(upstream:short)%00%(objectname)%00%(upstream:track)%00%(upstream:remotename)%00%(upstream:remoteref) refs/heads/main refs/remotes/main [2ms]
2024-05-28 15:28:29.252 [info] > git status -z -uall [3ms]
2024-05-28 15:28:43.763 [info] > git config --get commit.template [11ms]
2024-05-28 15:28:43.764 [info] > git for-each-ref --format=%(refname)%00%(upstream:short)%00%(objectname)%00%(upstream:track)%00%(upstream:remotename)%00%(upstream:remoteref) refs/heads/main refs/remotes/main [2ms]
2024-05-28 15:28:43.777 [info] > git status -z -uall [3ms]
2024-05-28 15:29:51.060 [info] > git config --get commit.template [14ms]
2024-05-28 15:29:51.061 [info] > git for-each-ref --format=%(refname)%00%(upstream:short)%00%(objectname)%00%(upstream:track)%00%(upstream:remotename)%00%(upstream:remoteref) refs/heads/main refs/remotes/main [2ms]
2024-05-28 15:29:51.077 [info] > git status -z -uall [3ms]
2024-05-28 15:29:51.532 [info] > git config --local branch.main.github-pr-owner-number [2ms]
2024-05-28 15:29:51.532 [warning] git config failed: Failed to execute git
2024-05-28 15:29:51.549 [info] > git config --local branch.main.remote [2ms]
2024-05-28 15:29:51.549 [warning] git config failed: Failed to execute git
2024-05-28 15:29:51.570 [info] > git config --local branch.main.merge [2ms]
2024-05-28 15:29:51.570 [warning] git config failed: Failed to execute git
2024-05-28 15:30:01.623 [info] > git config --get commit.template [20ms]
2024-05-28 15:30:01.624 [info] > git for-each-ref --format=%(refname)%00%(upstream:short)%00%(objectname)%00%(upstream:track)%00%(upstream:remotename)%00%(upstream:remoteref) refs/heads/main refs/remotes/main [2ms]
2024-05-28 15:30:01.643 [info] > git status -z -uall [3ms]
2024-05-28 15:30:05.389 [info] > git config --local branch.main.github-pr-owner-number [2ms]
2024-05-28 15:30:05.389 [warning] git config failed: Failed to execute git
2024-05-28 15:30:06.692 [info] > git config --get commit.template [23ms]
2024-05-28 15:30:06.694 [info] > git for-each-ref --format=%(refname)%00%(upstream:short)%00%(objectname)%00%(upstream:track)%00%(upstream:remotename)%00%(upstream:remoteref) refs/heads/main refs/remotes/main [3ms]
2024-05-28 15:30:06.718 [info] > git status -z -uall [4ms]
2024-05-28 15:30:07.098 [info] > git config --local branch.main.github-pr-owner-number [2ms]
2024-05-28 15:30:07.098 [warning] git config failed: Failed to execute git
2024-05-28 15:30:07.123 [info] > git config --local branch.main.remote [2ms]
2024-05-28 15:30:07.123 [warning] git config failed: Failed to execute git
2024-05-28 15:30:07.146 [info] > git config --local branch.main.merge [2ms]
2024-05-28 15:30:07.146 [warning] git config failed: Failed to execute git
2024-05-28 15:35:05.406 [info] > git config --local branch.main.github-pr-owner-number [1ms]
2024-05-28 15:35:05.406 [warning] git config failed: Failed to execute git
2024-05-28 15:38:47.483 [info] > git config --get commit.template [12ms]
2024-05-28 15:38:47.484 [info] > git for-each-ref --format=%(refname)%00%(upstream:short)%00%(objectname)%00%(upstream:track)%00%(upstream:remotename)%00%(upstream:remoteref) refs/heads/main refs/remotes/main [2ms]
2024-05-28 15:38:47.499 [info] > git status -z -uall [3ms]
2024-05-28 15:39:09.853 [info] > git config --get commit.template [13ms]
2024-05-28 15:39:09.854 [info] > git for-each-ref --format=%(refname)%00%(upstream:short)%00%(objectname)%00%(upstream:track)%00%(upstream:remotename)%00%(upstream:remoteref) refs/heads/main refs/remotes/main [2ms]
2024-05-28 15:39:09.869 [info] > git status -z -uall [4ms]
2024-05-28 15:39:10.197 [info] > git config --local branch.main.github-pr-owner-number [2ms]
2024-05-28 15:39:10.197 [warning] git config failed: Failed to execute git
2024-05-28 15:39:10.214 [info] > git config --local branch.main.remote [2ms]
2024-05-28 15:39:10.214 [warning] git config failed: Failed to execute git
2024-05-28 15:39:10.230 [info] > git config --local branch.main.merge [2ms]
2024-05-28 15:39:10.230 [warning] git config failed: Failed to execute git
2024-05-28 15:39:14.887 [info] > git config --get commit.template [1ms]
2024-05-28 15:39:14.900 [info] > git for-each-ref --format=%(refname)%00%(upstream:short)%00%(objectname)%00%(upstream:track)%00%(upstream:remotename)%00%(upstream:remoteref) refs/heads/main refs/remotes/main [2ms]
2024-05-28 15:39:14.916 [info] > git status -z -uall [3ms]
2024-05-28 15:40:05.422 [info] > git config --local branch.main.github-pr-owner-number [2ms]
2024-05-28 15:40:05.423 [warning] git config failed: Failed to execute git
2024-05-28 15:42:04.424 [info] > git config --get commit.template [14ms]
2024-05-28 15:42:04.425 [info] > git for-each-ref --format=%(refname)%00%(upstream:short)%00%(objectname)%00%(upstream:track)%00%(upstream:remotename)%00%(upstream:remoteref) refs/heads/main refs/remotes/main [2ms]
2024-05-28 15:42:04.444 [info] > git status -z -uall [4ms]
2024-05-28 15:42:09.486 [info] > git config --get commit.template [22ms]
2024-05-28 15:42:09.487 [info] > git for-each-ref --format=%(refname)%00%(upstream:short)%00%(objectname)%00%(upstream:track)%00%(upstream:remotename)%00%(upstream:remoteref) refs/heads/main refs/remotes/main [3ms]
2024-05-28 15:42:09.510 [info] > git status -z -uall [3ms]
2024-05-28 15:42:09.927 [info] > git config --local branch.main.github-pr-owner-number [2ms]
2024-05-28 15:42:09.927 [warning] git config failed: Failed to execute git
2024-05-28 15:42:09.942 [info] > git config --local branch.main.remote [2ms]
2024-05-28 15:42:09.942 [warning] git config failed: Failed to execute git
2024-05-28 15:42:09.958 [info] > git config --local branch.main.merge [1ms]
2024-05-28 15:42:09.959 [warning] git config failed: Failed to execute git
2024-05-28 15:42:14.542 [info] > git config --get commit.template [15ms]
2024-05-28 15:42:14.543 [info] > git for-each-ref --format=%(refname)%00%(upstream:short)%00%(objectname)%00%(upstream:track)%00%(upstream:remotename)%00%(upstream:remoteref) refs/heads/main refs/remotes/main [2ms]
2024-05-28 15:42:14.560 [info] > git status -z -uall [4ms]
2024-05-28 15:43:16.663 [info] > git config --get commit.template [15ms]
2024-05-28 15:43:16.664 [info] > git for-each-ref --format=%(refname)%00%(upstream:short)%00%(objectname)%00%(upstream:track)%00%(upstream:remotename)%00%(upstream:remoteref) refs/heads/main refs/remotes/main [2ms]
2024-05-28 15:43:16.680 [info] > git status -z -uall [3ms]
2024-05-28 15:43:17.778 [info] > git config --local branch.main.github-pr-owner-number [2ms]
2024-05-28 15:43:17.778 [warning] git config failed: Failed to execute git
2024-05-28 15:43:17.797 [info] > git config --local branch.main.remote [1ms]
2024-05-28 15:43:17.797 [warning] git config failed: Failed to execute git
2024-05-28 15:43:17.814 [info] > git config --local branch.main.merge [1ms]
2024-05-28 15:43:17.814 [warning] git config failed: Failed to execute git
2024-05-28 15:43:21.715 [info] > git config --get commit.template [14ms]
2024-05-28 15:43:21.716 [info] > git for-each-ref --format=%(refname)%00%(upstream:short)%00%(objectname)%00%(upstream:track)%00%(upstream:remotename)%00%(upstream:remoteref) refs/heads/main refs/remotes/main [2ms]
2024-05-28 15:43:21.731 [info] > git status -z -uall [3ms]
2024-05-28 15:43:39.878 [info] > git config --get commit.template [14ms]
2024-05-28 15:43:39.879 [info] > git for-each-ref --format=%(refname)%00%(upstream:short)%00%(objectname)%00%(upstream:track)%00%(upstream:remotename)%00%(upstream:remoteref) refs/heads/main refs/remotes/main [2ms]
2024-05-28 15:43:39.895 [info] > git status -z -uall [4ms]
2024-05-28 15:43:44.927 [info] > git config --get commit.template [15ms]
2024-05-28 15:43:44.928 [info] > git for-each-ref --format=%(refname)%00%(upstream:short)%00%(objectname)%00%(upstream:track)%00%(upstream:remotename)%00%(upstream:remoteref) refs/heads/main refs/remotes/main [2ms]
2024-05-28 15:43:44.945 [info] > git status -z -uall [3ms]
2024-05-28 15:43:45.285 [info] > git config --local branch.main.github-pr-owner-number [2ms]
2024-05-28 15:43:45.285 [warning] git config failed: Failed to execute git
2024-05-28 15:43:45.299 [info] > git config --local branch.main.remote [2ms]
2024-05-28 15:43:45.299 [warning] git config failed: Failed to execute git
2024-05-28 15:43:45.313 [info] > git config --local branch.main.merge [2ms]
2024-05-28 15:43:45.313 [warning] git config failed: Failed to execute git
2024-05-28 15:43:49.977 [info] > git config --get commit.template [15ms]
2024-05-28 15:43:49.978 [info] > git for-each-ref --format=%(refname)%00%(upstream:short)%00%(objectname)%00%(upstream:track)%00%(upstream:remotename)%00%(upstream:remoteref) refs/heads/main refs/remotes/main [2ms]
2024-05-28 15:43:49.995 [info] > git status -z -uall [2ms]
2024-05-28 15:44:25.639 [info] > git config --get commit.template [13ms]
2024-05-28 15:44:25.640 [info] > git for-each-ref --format=%(refname)%00%(upstream:short)%00%(objectname)%00%(upstream:track)%00%(upstream:remotename)%00%(upstream:remoteref) refs/heads/main refs/remotes/main [2ms]
2024-05-28 15:44:25.659 [info] > git status -z -uall [3ms]
2024-05-28 15:44:30.690 [info] > git config --get commit.template [13ms]
2024-05-28 15:44:30.691 [info] > git for-each-ref --format=%(refname)%00%(upstream:short)%00%(objectname)%00%(upstream:track)%00%(upstream:remotename)%00%(upstream:remoteref) refs/heads/main refs/remotes/main [2ms]
2024-05-28 15:44:30.708 [info] > git status -z -uall [3ms]
2024-05-28 15:44:31.100 [info] > git config --local branch.main.github-pr-owner-number [1ms]
2024-05-28 15:44:31.100 [warning] git config failed: Failed to execute git
2024-05-28 15:44:31.116 [info] > git config --local branch.main.remote [2ms]
2024-05-28 15:44:31.116 [warning] git config failed: Failed to execute git
2024-05-28 15:44:31.133 [info] > git config --local branch.main.merge [2ms]
2024-05-28 15:44:31.133 [warning] git config failed: Failed to execute git
2024-05-28 15:44:35.739 [info] > git config --get commit.template [13ms]
2024-05-28 15:44:35.740 [info] > git for-each-ref --format=%(refname)%00%(upstream:short)%00%(objectname)%00%(upstream:track)%00%(upstream:remotename)%00%(upstream:remoteref) refs/heads/main refs/remotes/main [2ms]
2024-05-28 15:44:35.756 [info] > git status -z -uall [4ms]
2024-05-28 15:44:48.059 [info] > git config --get commit.template [12ms]
2024-05-28 15:44:48.059 [info] > git for-each-ref --format=%(refname)%00%(upstream:short)%00%(objectname)%00%(upstream:track)%00%(upstream:remotename)%00%(upstream:remoteref) refs/heads/main refs/remotes/main [2ms]
2024-05-28 15:44:48.076 [info] > git status -z -uall [3ms]
2024-05-28 15:44:53.105 [info] > git config --get commit.template [12ms]
2024-05-28 15:44:53.106 [info] > git for-each-ref --format=%(refname)%00%(upstream:short)%00%(objectname)%00%(upstream:track)%00%(upstream:remotename)%00%(upstream:remoteref) refs/heads/main refs/remotes/main [2ms]
2024-05-28 15:44:53.121 [info] > git status -z -uall [3ms]
2024-05-28 15:44:53.525 [info] > git config --local branch.main.github-pr-owner-number [2ms]
2024-05-28 15:44:53.525 [warning] git config failed: Failed to execute git
2024-05-28 15:44:53.539 [info] > git config --local branch.main.remote [2ms]
2024-05-28 15:44:53.539 [warning] git config failed: Failed to execute git
2024-05-28 15:44:53.553 [info] > git config --local branch.main.merge [2ms]
2024-05-28 15:44:53.553 [warning] git config failed: Failed to execute git
2024-05-28 15:45:05.441 [info] > git config --local branch.main.github-pr-owner-number [1ms]
2024-05-28 15:45:05.442 [warning] git config failed: Failed to execute git
2024-05-28 15:47:20.701 [info] > git config --get commit.template [13ms]
2024-05-28 15:47:20.702 [info] > git for-each-ref --format=%(refname)%00%(upstream:short)%00%(objectname)%00%(upstream:track)%00%(upstream:remotename)%00%(upstream:remoteref) refs/heads/main refs/remotes/main [2ms]
2024-05-28 15:47:20.723 [info] > git status -z -uall [3ms]
2024-05-28 15:47:21.204 [info] > git config --local branch.main.github-pr-owner-number [2ms]
2024-05-28 15:47:21.204 [warning] git config failed: Failed to execute git
2024-05-28 15:47:21.224 [info] > git config --local branch.main.remote [2ms]
2024-05-28 15:47:21.224 [warning] git config failed: Failed to execute git
2024-05-28 15:47:21.243 [info] > git config --local branch.main.merge [2ms]
2024-05-28 15:47:21.243 [warning] git config failed: Failed to execute git
2024-05-28 15:47:25.757 [info] > git config --get commit.template [14ms]
2024-05-28 15:47:25.758 [info] > git for-each-ref --format=%(refname)%00%(upstream:short)%00%(objectname)%00%(upstream:track)%00%(upstream:remotename)%00%(upstream:remoteref) refs/heads/main refs/remotes/main [2ms]
2024-05-28 15:47:25.776 [info] > git status -z -uall [3ms]
2024-05-28 15:47:30.813 [info] > git config --get commit.template [18ms]
2024-05-28 15:47:30.814 [info] > git for-each-ref --format=%(refname)%00%(upstream:short)%00%(objectname)%00%(upstream:track)%00%(upstream:remotename)%00%(upstream:remoteref) refs/heads/main refs/remotes/main [2ms]
2024-05-28 15:47:30.836 [info] > git status -z -uall [4ms]
2024-05-28 15:47:39.722 [info] > git config --get commit.template [16ms]
2024-05-28 15:47:39.723 [info] > git for-each-ref --format=%(refname)%00%(upstream:short)%00%(objectname)%00%(upstream:track)%00%(upstream:remotename)%00%(upstream:remoteref) refs/heads/main refs/remotes/main [2ms]
2024-05-28 15:47:39.739 [info] > git status -z -uall [3ms]
2024-05-28 15:47:40.177 [info] > git config --local branch.main.github-pr-owner-number [1ms]
2024-05-28 15:47:40.177 [warning] git config failed: Failed to execute git
2024-05-28 15:47:40.193 [info] > git config --local branch.main.remote [2ms]
2024-05-28 15:47:40.193 [warning] git config failed: Failed to execute git
2024-05-28 15:47:40.210 [info] > git config --local branch.main.merge [1ms]
2024-05-28 15:47:40.210 [warning] git config failed: Failed to execute git
2024-05-28 15:47:44.772 [info] > git config --get commit.template [13ms]
2024-05-28 15:47:44.772 [info] > git for-each-ref --format=%(refname)%00%(upstream:short)%00%(objectname)%00%(upstream:track)%00%(upstream:remotename)%00%(upstream:remoteref) refs/heads/main refs/remotes/main [1ms]
2024-05-28 15:47:44.792 [info] > git status -z -uall [4ms]
2024-05-28 15:48:08.735 [info] > git config --get commit.template [12ms]
2024-05-28 15:48:08.736 [info] > git for-each-ref --format=%(refname)%00%(upstream:short)%00%(objectname)%00%(upstream:track)%00%(upstream:remotename)%00%(upstream:remoteref) refs/heads/main refs/remotes/main [2ms]
2024-05-28 15:48:08.751 [info] > git status -z -uall [3ms]
2024-05-28 15:48:13.779 [info] > git config --get commit.template [12ms]
2024-05-28 15:48:13.780 [info] > git for-each-ref --format=%(refname)%00%(upstream:short)%00%(objectname)%00%(upstream:track)%00%(upstream:remotename)%00%(upstream:remoteref) refs/heads/main refs/remotes/main [2ms]
2024-05-28 15:48:13.794 [info] > git status -z -uall [3ms]
2024-05-28 15:48:14.174 [info] > git config --local branch.main.github-pr-owner-number [2ms]
2024-05-28 15:48:14.175 [warning] git config failed: Failed to execute git
2024-05-28 15:48:14.189 [info] > git config --local branch.main.remote [1ms]
2024-05-28 15:48:14.189 [warning] git config failed: Failed to execute git
2024-05-28 15:48:14.202 [info] > git config --local branch.main.merge [2ms]
2024-05-28 15:48:14.202 [warning] git config failed: Failed to execute git
2024-05-28 15:48:33.022 [info] > git config --get commit.template [15ms]
2024-05-28 15:48:33.022 [info] > git for-each-ref --format=%(refname)%00%(upstream:short)%00%(objectname)%00%(upstream:track)%00%(upstream:remotename)%00%(upstream:remoteref) refs/heads/main refs/remotes/main [2ms]
2024-05-28 15:48:33.038 [info] > git status -z -uall [3ms]
2024-05-28 15:48:38.072 [info] > git config --get commit.template [15ms]
2024-05-28 15:48:38.072 [info] > git for-each-ref --format=%(refname)%00%(upstream:short)%00%(objectname)%00%(upstream:track)%00%(upstream:remotename)%00%(upstream:remoteref) refs/heads/main refs/remotes/main [2ms]
2024-05-28 15:48:38.092 [info] > git status -z -uall [3ms]
2024-05-28 15:48:38.508 [info] > git config --local branch.main.github-pr-owner-number [2ms]
2024-05-28 15:48:38.508 [warning] git config failed: Failed to execute git
2024-05-28 15:48:38.520 [info] > git config --local branch.main.remote [1ms]
2024-05-28 15:48:38.520 [warning] git config failed: Failed to execute git
2024-05-28 15:48:38.533 [info] > git config --local branch.main.merge [2ms]
2024-05-28 15:48:38.533 [warning] git config failed: Failed to execute git
2024-05-28 15:48:54.546 [info] > git config --get commit.template [16ms]
2024-05-28 15:48:54.547 [info] > git for-each-ref --format=%(refname)%00%(upstream:short)%00%(objectname)%00%(upstream:track)%00%(upstream:remotename)%00%(upstream:remoteref) refs/heads/main refs/remotes/main [3ms]
2024-05-28 15:48:54.562 [info] > git status -z -uall [3ms]
2024-05-28 15:48:59.587 [info] > git config --get commit.template [11ms]
2024-05-28 15:48:59.588 [info] > git for-each-ref --format=%(refname)%00%(upstream:short)%00%(objectname)%00%(upstream:track)%00%(upstream:remotename)%00%(upstream:remoteref) refs/heads/main refs/remotes/main [1ms]
2024-05-28 15:48:59.602 [info] > git status -z -uall [3ms]
2024-05-28 15:49:00.200 [info] > git config --local branch.main.github-pr-owner-number [2ms]
2024-05-28 15:49:00.200 [warning] git config failed: Failed to execute git
2024-05-28 15:49:00.216 [info] > git config --local branch.main.remote [2ms]
2024-05-28 15:49:00.216 [warning] git config failed: Failed to execute git
2024-05-28 15:49:00.231 [info] > git config --local branch.main.merge [2ms]
2024-05-28 15:49:00.231 [warning] git config failed: Failed to execute git
2024-05-28 15:49:19.017 [info] > git config --get commit.template [15ms]
2024-05-28 15:49:19.018 [info] > git for-each-ref --format=%(refname)%00%(upstream:short)%00%(objectname)%00%(upstream:track)%00%(upstream:remotename)%00%(upstream:remoteref) refs/heads/main refs/remotes/main [2ms]
2024-05-28 15:49:19.036 [info] > git status -z -uall [4ms]
2024-05-28 15:49:24.070 [info] > git config --get commit.template [16ms]
2024-05-28 15:49:24.071 [info] > git for-each-ref --format=%(refname)%00%(upstream:short)%00%(objectname)%00%(upstream:track)%00%(upstream:remotename)%00%(upstream:remoteref) refs/heads/main refs/remotes/main [2ms]
2024-05-28 15:49:24.090 [info] > git status -z -uall [4ms]
2024-05-28 15:49:24.454 [info] > git config --local branch.main.github-pr-owner-number [2ms]
2024-05-28 15:49:24.454 [warning] git config failed: Failed to execute git
2024-05-28 15:49:24.471 [info] > git config --local branch.main.remote [2ms]
2024-05-28 15:49:24.471 [warning] git config failed: Failed to execute git
2024-05-28 15:49:24.487 [info] > git config --local branch.main.merge [2ms]
2024-05-28 15:49:24.487 [warning] git config failed: Failed to execute git
2024-05-28 15:50:05.465 [info] > git config --local branch.main.github-pr-owner-number [3ms]
2024-05-28 15:50:05.465 [warning] git config failed: Failed to execute git
2024-05-28 15:50:21.836 [info] > git config --get commit.template [18ms]
2024-05-28 15:50:21.838 [info] > git for-each-ref --format=%(refname)%00%(upstream:short)%00%(objectname)%00%(upstream:track)%00%(upstream:remotename)%00%(upstream:remoteref) refs/heads/main refs/remotes/main [3ms]
2024-05-28 15:50:21.858 [info] > git status -z -uall [4ms]
2024-05-28 15:50:26.894 [info] > git config --get commit.template [15ms]
2024-05-28 15:50:26.895 [info] > git for-each-ref --format=%(refname)%00%(upstream:short)%00%(objectname)%00%(upstream:track)%00%(upstream:remotename)%00%(upstream:remoteref) refs/heads/main refs/remotes/main [3ms]
2024-05-28 15:50:26.919 [info] > git status -z -uall [4ms]
2024-05-28 15:50:27.485 [info] > git config --local branch.main.github-pr-owner-number [2ms]
2024-05-28 15:50:27.485 [warning] git config failed: Failed to execute git
2024-05-28 15:50:27.502 [info] > git config --local branch.main.remote [2ms]
2024-05-28 15:50:27.502 [warning] git config failed: Failed to execute git
2024-05-28 15:50:27.518 [info] > git config --local branch.main.merge [2ms]
2024-05-28 15:50:27.518 [warning] git config failed: Failed to execute git
2024-05-28 15:50:48.341 [info] > git config --get commit.template [13ms]
2024-05-28 15:50:48.342 [info] > git for-each-ref --format=%(refname)%00%(upstream:short)%00%(objectname)%00%(upstream:track)%00%(upstream:remotename)%00%(upstream:remoteref) refs/heads/main refs/remotes/main [2ms]
2024-05-28 15:50:48.359 [info] > git status -z -uall [4ms]
2024-05-28 15:50:53.390 [info] > git config --get commit.template [15ms]
2024-05-28 15:50:53.391 [info] > git for-each-ref --format=%(refname)%00%(upstream:short)%00%(objectname)%00%(upstream:track)%00%(upstream:remotename)%00%(upstream:remoteref) refs/heads/main refs/remotes/main [2ms]
2024-05-28 15:50:53.410 [info] > git status -z -uall [4ms]
2024-05-28 15:50:53.784 [info] > git config --local branch.main.github-pr-owner-number [1ms]
2024-05-28 15:50:53.784 [warning] git config failed: Failed to execute git
2024-05-28 15:50:53.802 [info] > git config --local branch.main.remote [1ms]
2024-05-28 15:50:53.802 [warning] git config failed: Failed to execute git
2024-05-28 15:50:53.818 [info] > git config --local branch.main.merge [1ms]
2024-05-28 15:50:53.818 [warning] git config failed: Failed to execute git
2024-05-28 15:51:25.540 [info] > git config --get commit.template [13ms]
2024-05-28 15:51:25.541 [info] > git for-each-ref --format=%(refname)%00%(upstream:short)%00%(objectname)%00%(upstream:track)%00%(upstream:remotename)%00%(upstream:remoteref) refs/heads/main refs/remotes/main [2ms]
2024-05-28 15:51:25.557 [info] > git status -z -uall [3ms]
2024-05-28 15:51:30.586 [info] > git config --get commit.template [14ms]
2024-05-28 15:51:30.587 [info] > git for-each-ref --format=%(refname)%00%(upstream:short)%00%(objectname)%00%(upstream:track)%00%(upstream:remotename)%00%(upstream:remoteref) refs/heads/main refs/remotes/main [2ms]
2024-05-28 15:51:30.605 [info] > git status -z -uall [3ms]
2024-05-28 15:51:32.614 [info] > git config --local branch.main.github-pr-owner-number [2ms]
2024-05-28 15:51:32.614 [warning] git config failed: Failed to execute git
2024-05-28 15:51:32.629 [info] > git config --local branch.main.remote [2ms]
2024-05-28 15:51:32.629 [warning] git config failed: Failed to execute git
2024-05-28 15:51:32.643 [info] > git config --local branch.main.merge [1ms]
2024-05-28 15:51:32.643 [warning] git config failed: Failed to execute git
2024-05-28 15:52:18.924 [info] > git for-each-ref --format=%(refname)%00%(upstream:short)%00%(objectname)%00%(upstream:track)%00%(upstream:remotename)%00%(upstream:remoteref) refs/heads/main refs/remotes/main [3ms]
2024-05-28 15:52:18.924 [info] > git config --get commit.template [23ms]
2024-05-28 15:52:18.943 [info] > git status -z -uall [4ms]
2024-05-28 15:52:36.989 [info] > git config --get commit.template [16ms]
2024-05-28 15:52:36.990 [info] > git for-each-ref --format=%(refname)%00%(upstream:short)%00%(objectname)%00%(upstream:track)%00%(upstream:remotename)%00%(upstream:remoteref) refs/heads/main refs/remotes/main [2ms]
2024-05-28 15:52:37.008 [info] > git status -z -uall [3ms]
2024-05-28 15:53:18.122 [info] > git config --get commit.template [20ms]
2024-05-28 15:53:18.123 [info] > git for-each-ref --format=%(refname)%00%(upstream:short)%00%(objectname)%00%(upstream:track)%00%(upstream:remotename)%00%(upstream:remoteref) refs/heads/main refs/remotes/main [2ms]
2024-05-28 15:53:18.142 [info] > git status -z -uall [4ms]
2024-05-28 15:53:18.575 [info] > git config --local branch.main.github-pr-owner-number [2ms]
2024-05-28 15:53:18.575 [warning] git config failed: Failed to execute git
2024-05-28 15:53:18.597 [info] > git config --local branch.main.remote [2ms]
2024-05-28 15:53:18.597 [warning] git config failed: Failed to execute git
2024-05-28 15:53:18.618 [info] > git config --local branch.main.merge [2ms]
2024-05-28 15:53:18.618 [warning] git config failed: Failed to execute git
2024-05-28 15:53:23.175 [info] > git config --get commit.template [15ms]
2024-05-28 15:53:23.177 [info] > git for-each-ref --format=%(refname)%00%(upstream:short)%00%(objectname)%00%(upstream:track)%00%(upstream:remotename)%00%(upstream:remoteref) refs/heads/main refs/remotes/main [3ms]
2024-05-28 15:53:23.196 [info] > git status -z -uall [3ms]
2024-05-28 15:53:31.667 [info] > git config --get commit.template [17ms]
2024-05-28 15:53:31.669 [info] > git for-each-ref --format=%(refname)%00%(upstream:short)%00%(objectname)%00%(upstream:track)%00%(upstream:remotename)%00%(upstream:remoteref) refs/heads/main refs/remotes/main [3ms]
2024-05-28 15:53:31.693 [info] > git status -z -uall [4ms]
2024-05-28 15:53:36.714 [info] > git config --get commit.template [3ms]
2024-05-28 15:53:36.733 [info] > git for-each-ref --format=%(refname)%00%(upstream:short)%00%(objectname)%00%(upstream:track)%00%(upstream:remotename)%00%(upstream:remoteref) refs/heads/main refs/remotes/main [3ms]
2024-05-28 15:53:36.750 [info] > git status -z -uall [3ms]
2024-05-28 15:53:37.162 [info] > git config --local branch.main.github-pr-owner-number [1ms]
2024-05-28 15:53:37.163 [warning] git config failed: Failed to execute git
2024-05-28 15:53:37.178 [info] > git config --local branch.main.remote [2ms]
2024-05-28 15:53:37.179 [warning] git config failed: Failed to execute git
2024-05-28 15:53:37.196 [info] > git config --local branch.main.merge [1ms]
2024-05-28 15:53:37.196 [warning] git config failed: Failed to execute git
2024-05-28 15:53:59.352 [info] > git config --get commit.template [16ms]
2024-05-28 15:53:59.353 [info] > git for-each-ref --format=%(refname)%00%(upstream:short)%00%(objectname)%00%(upstream:track)%00%(upstream:remotename)%00%(upstream:remoteref) refs/heads/main refs/remotes/main [2ms]
2024-05-28 15:53:59.371 [info] > git status -z -uall [3ms]
2024-05-28 15:54:04.409 [info] > git config --get commit.template [17ms]
2024-05-28 15:54:04.410 [info] > git for-each-ref --format=%(refname)%00%(upstream:short)%00%(objectname)%00%(upstream:track)%00%(upstream:remotename)%00%(upstream:remoteref) refs/heads/main refs/remotes/main [2ms]
2024-05-28 15:54:04.427 [info] > git status -z -uall [3ms]
2024-05-28 15:54:04.798 [info] > git config --local branch.main.github-pr-owner-number [2ms]
2024-05-28 15:54:04.798 [warning] git config failed: Failed to execute git
2024-05-28 15:54:04.817 [info] > git config --local branch.main.remote [1ms]
2024-05-28 15:54:04.817 [warning] git config failed: Failed to execute git
2024-05-28 15:54:04.837 [info] > git config --local branch.main.merge [3ms]
2024-05-28 15:54:04.837 [warning] git config failed: Failed to execute git
2024-05-28 15:54:09.460 [info] > git config --get commit.template [16ms]
2024-05-28 15:54:09.461 [info] > git for-each-ref --format=%(refname)%00%(upstream:short)%00%(objectname)%00%(upstream:track)%00%(upstream:remotename)%00%(upstream:remoteref) refs/heads/main refs/remotes/main [2ms]
2024-05-28 15:54:09.480 [info] > git status -z -uall [3ms]
2024-05-28 15:54:45.689 [info] > git config --get commit.template [16ms]
2024-05-28 15:54:45.690 [info] > git for-each-ref --format=%(refname)%00%(upstream:short)%00%(objectname)%00%(upstream:track)%00%(upstream:remotename)%00%(upstream:remoteref) refs/heads/main refs/remotes/main [2ms]
2024-05-28 15:54:45.708 [info] > git status -z -uall [3ms]
2024-05-28 15:55:05.486 [info] > git config --local branch.main.github-pr-owner-number [2ms]
2024-05-28 15:55:05.486 [warning] git config failed: Failed to execute git
2024-05-28 15:55:51.052 [info] > git config --get commit.template [11ms]
2024-05-28 15:55:51.053 [info] > git for-each-ref --format=%(refname)%00%(upstream:short)%00%(objectname)%00%(upstream:track)%00%(upstream:remotename)%00%(upstream:remoteref) refs/heads/main refs/remotes/main [2ms]
2024-05-28 15:55:51.070 [info] > git status -z -uall [5ms]
2024-05-28 15:55:51.560 [info] > git config --local branch.main.github-pr-owner-number [2ms]
2024-05-28 15:55:51.560 [warning] git config failed: Failed to execute git
2024-05-28 15:55:51.580 [info] > git config --local branch.main.remote [2ms]
2024-05-28 15:55:51.580 [warning] git config failed: Failed to execute git
2024-05-28 15:55:51.595 [info] > git config --local branch.main.merge [2ms]
2024-05-28 15:55:51.595 [warning] git config failed: Failed to execute git
2024-05-28 15:55:57.947 [info] > git config --get commit.template [14ms]
2024-05-28 15:55:57.948 [info] > git for-each-ref --format=%(refname)%00%(upstream:short)%00%(objectname)%00%(upstream:track)%00%(upstream:remotename)%00%(upstream:remoteref) refs/heads/main refs/remotes/main [2ms]
2024-05-28 15:55:57.964 [info] > git status -z -uall [3ms]
2024-05-28 15:56:07.066 [info] > git config --get commit.template [13ms]
2024-05-28 15:56:07.068 [info] > git for-each-ref --format=%(refname)%00%(upstream:short)%00%(objectname)%00%(upstream:track)%00%(upstream:remotename)%00%(upstream:remoteref) refs/heads/main refs/remotes/main [2ms]
2024-05-28 15:56:07.083 [info] > git status -z -uall [3ms]
2024-05-28 15:56:08.161 [info] > git config --local branch.main.github-pr-owner-number [2ms]
2024-05-28 15:56:08.161 [warning] git config failed: Failed to execute git
2024-05-28 15:56:08.176 [info] > git config --local branch.main.remote [2ms]
2024-05-28 15:56:08.176 [warning] git config failed: Failed to execute git
2024-05-28 15:56:08.193 [info] > git config --local branch.main.merge [2ms]
2024-05-28 15:56:08.193 [warning] git config failed: Failed to execute git
2024-05-28 15:56:12.115 [info] > git config --get commit.template [14ms]
2024-05-28 15:56:12.116 [info] > git for-each-ref --format=%(refname)%00%(upstream:short)%00%(objectname)%00%(upstream:track)%00%(upstream:remotename)%00%(upstream:remoteref) refs/heads/main refs/remotes/main [2ms]
2024-05-28 15:56:12.135 [info] > git status -z -uall [4ms]
2024-05-28 15:56:49.117 [info] > git config --get commit.template [26ms]
2024-05-28 15:56:49.118 [info] > git for-each-ref --format=%(refname)%00%(upstream:short)%00%(objectname)%00%(upstream:track)%00%(upstream:remotename)%00%(upstream:remoteref) refs/heads/main refs/remotes/main [2ms]
2024-05-28 15:56:49.135 [info] > git status -z -uall [3ms]
2024-05-28 15:56:54.167 [info] > git config --get commit.template [14ms]
2024-05-28 15:56:54.167 [info] > git for-each-ref --format=%(refname)%00%(upstream:short)%00%(objectname)%00%(upstream:track)%00%(upstream:remotename)%00%(upstream:remoteref) refs/heads/main refs/remotes/main [3ms]
2024-05-28 15:56:54.193 [info] > git status -z -uall [5ms]
2024-05-28 15:56:54.900 [info] > git config --local branch.main.github-pr-owner-number [2ms]
2024-05-28 15:56:54.900 [warning] git config failed: Failed to execute git
2024-05-28 15:56:54.921 [info] > git config --local branch.main.remote [2ms]
2024-05-28 15:56:54.921 [warning] git config failed: Failed to execute git
2024-05-28 15:56:54.938 [info] > git config --local branch.main.merge [2ms]
2024-05-28 15:56:54.938 [warning] git config failed: Failed to execute git
2024-05-28 15:56:59.227 [info] > git config --get commit.template [15ms]
2024-05-28 15:56:59.228 [info] > git for-each-ref --format=%(refname)%00%(upstream:short)%00%(objectname)%00%(upstream:track)%00%(upstream:remotename)%00%(upstream:remoteref) refs/heads/main refs/remotes/main [2ms]
2024-05-28 15:56:59.245 [info] > git status -z -uall [4ms]
2024-05-28 15:57:22.392 [info] > git config --get commit.template [14ms]
2024-05-28 15:57:22.393 [info] > git for-each-ref --format=%(refname)%00%(upstream:short)%00%(objectname)%00%(upstream:track)%00%(upstream:remotename)%00%(upstream:remoteref) refs/heads/main refs/remotes/main [2ms]
2024-05-28 15:57:22.411 [info] > git status -z -uall [3ms]
2024-05-28 15:57:27.457 [info] > git config --get commit.template [25ms]
2024-05-28 15:57:27.458 [info] > git for-each-ref --format=%(refname)%00%(upstream:short)%00%(objectname)%00%(upstream:track)%00%(upstream:remotename)%00%(upstream:remoteref) refs/heads/main refs/remotes/main [2ms]
2024-05-28 15:57:27.491 [info] > git status -z -uall [3ms]
2024-05-28 15:57:27.930 [info] > git config --local branch.main.github-pr-owner-number [2ms]
2024-05-28 15:57:27.930 [warning] git config failed: Failed to execute git
2024-05-28 15:57:27.947 [info] > git config --local branch.main.remote [2ms]
2024-05-28 15:57:27.947 [warning] git config failed: Failed to execute git
2024-05-28 15:57:27.967 [info] > git config --local branch.main.merge [2ms]
2024-05-28 15:57:27.967 [warning] git config failed: Failed to execute git
2024-05-28 15:57:32.537 [info] > git config --get commit.template [21ms]
2024-05-28 15:57:32.538 [info] > git for-each-ref --format=%(refname)%00%(upstream:short)%00%(objectname)%00%(upstream:track)%00%(upstream:remotename)%00%(upstream:remoteref) refs/heads/main refs/remotes/main [3ms]
2024-05-28 15:57:32.559 [info] > git status -z -uall [4ms]
2024-05-28 15:57:33.093 [info] > git config --local branch.main.github-pr-owner-number [4ms]
2024-05-28 15:57:33.093 [warning] git config failed: Failed to execute git
2024-05-28 15:57:33.117 [info] > git config --local branch.main.remote [3ms]
2024-05-28 15:57:33.117 [warning] git config failed: Failed to execute git
2024-05-28 15:57:33.140 [info] > git config --local branch.main.merge [3ms]
2024-05-28 15:57:33.141 [warning] git config failed: Failed to execute git
2024-05-28 15:57:37.597 [info] > git config --get commit.template [17ms]
2024-05-28 15:57:37.598 [info] > git for-each-ref --format=%(refname)%00%(upstream:short)%00%(objectname)%00%(upstream:track)%00%(upstream:remotename)%00%(upstream:remoteref) refs/heads/main refs/remotes/main [2ms]
2024-05-28 15:57:37.615 [info] > git status -z -uall [3ms]
2024-05-28 15:57:46.547 [info] > git config --get commit.template [19ms]
2024-05-28 15:57:46.548 [info] > git for-each-ref --format=%(refname)%00%(upstream:short)%00%(objectname)%00%(upstream:track)%00%(upstream:remotename)%00%(upstream:remoteref) refs/heads/main refs/remotes/main [3ms]
2024-05-28 15:57:46.566 [info] > git status -z -uall [4ms]
2024-05-28 15:57:51.599 [info] > git config --get commit.template [16ms]
2024-05-28 15:57:51.600 [info] > git for-each-ref --format=%(refname)%00%(upstream:short)%00%(objectname)%00%(upstream:track)%00%(upstream:remotename)%00%(upstream:remoteref) refs/heads/main refs/remotes/main [2ms]
2024-05-28 15:57:51.618 [info] > git status -z -uall [4ms]
2024-05-28 15:57:52.040 [info] > git config --local branch.main.github-pr-owner-number [2ms]
2024-05-28 15:57:52.040 [warning] git config failed: Failed to execute git
2024-05-28 15:57:52.059 [info] > git config --local branch.main.remote [2ms]
2024-05-28 15:57:52.059 [warning] git config failed: Failed to execute git
2024-05-28 15:57:52.080 [info] > git config --local branch.main.merge [2ms]
2024-05-28 15:57:52.080 [warning] git config failed: Failed to execute git
2024-05-28 15:57:56.649 [info] > git config --get commit.template [14ms]
2024-05-28 15:57:56.650 [info] > git for-each-ref --format=%(refname)%00%(upstream:short)%00%(objectname)%00%(upstream:track)%00%(upstream:remotename)%00%(upstream:remoteref) refs/heads/main refs/remotes/main [2ms]
2024-05-28 15:57:56.666 [info] > git status -z -uall [3ms]
2024-05-28 15:59:38.802 [info] > git config --get commit.template [3ms]
2024-05-28 15:59:38.820 [info] > git for-each-ref --format=%(refname)%00%(upstream:short)%00%(objectname)%00%(upstream:track)%00%(upstream:remotename)%00%(upstream:remoteref) refs/heads/main refs/remotes/main [2ms]
2024-05-28 15:59:38.837 [info] > git status -z -uall [3ms]
2024-05-28 15:59:43.873 [info] > git config --get commit.template [18ms]
2024-05-28 15:59:43.875 [info] > git for-each-ref --format=%(refname)%00%(upstream:short)%00%(objectname)%00%(upstream:track)%00%(upstream:remotename)%00%(upstream:remoteref) refs/heads/main refs/remotes/main [3ms]
2024-05-28 15:59:43.893 [info] > git status -z -uall [4ms]
2024-05-28 15:59:44.400 [info] > git config --local branch.main.github-pr-owner-number [1ms]
2024-05-28 15:59:44.400 [warning] git config failed: Failed to execute git
2024-05-28 15:59:44.416 [info] > git config --local branch.main.remote [2ms]
2024-05-28 15:59:44.416 [warning] git config failed: Failed to execute git
2024-05-28 15:59:44.434 [info] > git config --local branch.main.merge [2ms]
2024-05-28 15:59:44.434 [warning] git config failed: Failed to execute git
2024-05-28 15:59:48.928 [info] > git config --get commit.template [14ms]
2024-05-28 15:59:48.929 [info] > git for-each-ref --format=%(refname)%00%(upstream:short)%00%(objectname)%00%(upstream:track)%00%(upstream:remotename)%00%(upstream:remoteref) refs/heads/main refs/remotes/main [2ms]
2024-05-28 15:59:48.945 [info] > git status -z -uall [4ms]
2024-05-28 16:00:05.507 [info] > git config --local branch.main.github-pr-owner-number [2ms]
2024-05-28 16:00:05.508 [warning] git config failed: Failed to execute git
2024-05-28 16:00:48.492 [info] > git config --get commit.template [21ms]
2024-05-28 16:00:48.494 [info] > git for-each-ref --format=%(refname)%00%(upstream:short)%00%(objectname)%00%(upstream:track)%00%(upstream:remotename)%00%(upstream:remoteref) refs/heads/main refs/remotes/main [3ms]
2024-05-28 16:00:48.508 [info] > git status -z -uall [3ms]
2024-05-28 16:02:31.430 [info] > git config --get commit.template [16ms]
2024-05-28 16:02:31.431 [info] > git for-each-ref --format=%(refname)%00%(upstream:short)%00%(objectname)%00%(upstream:track)%00%(upstream:remotename)%00%(upstream:remoteref) refs/heads/main refs/remotes/main [2ms]
2024-05-28 16:02:31.450 [info] > git status -z -uall [3ms]
2024-05-28 16:02:32.360 [info] > git config --local branch.main.github-pr-owner-number [1ms]
2024-05-28 16:02:32.360 [warning] git config failed: Failed to execute git
2024-05-28 16:02:32.376 [info] > git config --local branch.main.remote [2ms]
2024-05-28 16:02:32.376 [warning] git config failed: Failed to execute git
2024-05-28 16:02:32.393 [info] > git config --local branch.main.merge [2ms]
2024-05-28 16:02:32.393 [warning] git config failed: Failed to execute git
2024-05-28 16:03:02.583 [info] > git config --get commit.template [16ms]
2024-05-28 16:03:02.584 [info] > git for-each-ref --format=%(refname)%00%(upstream:short)%00%(objectname)%00%(upstream:track)%00%(upstream:remotename)%00%(upstream:remoteref) refs/heads/main refs/remotes/main [2ms]
2024-05-28 16:03:02.603 [info] > git status -z -uall [4ms]
2024-05-28 16:03:08.377 [info] > git config --get commit.template [16ms]
2024-05-28 16:03:08.378 [info] > git for-each-ref --format=%(refname)%00%(upstream:short)%00%(objectname)%00%(upstream:track)%00%(upstream:remotename)%00%(upstream:remoteref) refs/heads/main refs/remotes/main [3ms]
2024-05-28 16:03:08.400 [info] > git status -z -uall [3ms]
2024-05-28 16:03:08.933 [info] > git config --local branch.main.github-pr-owner-number [1ms]
2024-05-28 16:03:08.933 [warning] git config failed: Failed to execute git
2024-05-28 16:03:08.950 [info] > git config --local branch.main.remote [1ms]
2024-05-28 16:03:08.950 [warning] git config failed: Failed to execute git
2024-05-28 16:03:08.968 [info] > git config --local branch.main.merge [3ms]
2024-05-28 16:03:08.968 [warning] git config failed: Failed to execute git
2024-05-28 16:03:13.437 [info] > git config --get commit.template [16ms]
2024-05-28 16:03:13.439 [info] > git for-each-ref --format=%(refname)%00%(upstream:short)%00%(objectname)%00%(upstream:track)%00%(upstream:remotename)%00%(upstream:remoteref) refs/heads/main refs/remotes/main [2ms]
2024-05-28 16:03:13.454 [info] > git status -z -uall [3ms]
2024-05-28 16:05:05.526 [info] > git config --local branch.main.github-pr-owner-number [2ms]
2024-05-28 16:05:05.526 [warning] git config failed: Failed to execute git
2024-05-28 16:05:24.824 [info] > git config --get commit.template [16ms]
2024-05-28 16:05:24.826 [info] > git for-each-ref --format=%(refname)%00%(upstream:short)%00%(objectname)%00%(upstream:track)%00%(upstream:remotename)%00%(upstream:remoteref) refs/heads/main refs/remotes/main [3ms]
2024-05-28 16:05:24.845 [info] > git status -z -uall [4ms]
2024-05-28 16:05:29.878 [info] > git config --get commit.template [17ms]
2024-05-28 16:05:29.880 [info] > git for-each-ref --format=%(refname)%00%(upstream:short)%00%(objectname)%00%(upstream:track)%00%(upstream:remotename)%00%(upstream:remoteref) refs/heads/main refs/remotes/main [3ms]
2024-05-28 16:05:29.902 [info] > git status -z -uall [4ms]
2024-05-28 16:05:30.294 [info] > git config --local branch.main.github-pr-owner-number [2ms]
2024-05-28 16:05:30.294 [warning] git config failed: Failed to execute git
2024-05-28 16:05:30.310 [info] > git config --local branch.main.remote [2ms]
2024-05-28 16:05:30.310 [warning] git config failed: Failed to execute git
2024-05-28 16:05:30.326 [info] > git config --local branch.main.merge [2ms]
2024-05-28 16:05:30.326 [warning] git config failed: Failed to execute git
2024-05-28 16:05:34.939 [info] > git config --get commit.template [17ms]
2024-05-28 16:05:34.940 [info] > git for-each-ref --format=%(refname)%00%(upstream:short)%00%(objectname)%00%(upstream:track)%00%(upstream:remotename)%00%(upstream:remoteref) refs/heads/main refs/remotes/main [2ms]
2024-05-28 16:05:34.957 [info] > git status -z -uall [3ms]
2024-05-28 16:10:05.544 [info] > git config --local branch.main.github-pr-owner-number [2ms]
2024-05-28 16:10:05.544 [warning] git config failed: Failed to execute git
2024-05-28 16:10:41.578 [info] > git config --get commit.template [12ms]
2024-05-28 16:10:41.580 [info] > git for-each-ref --format=%(refname)%00%(upstream:short)%00%(objectname)%00%(upstream:track)%00%(upstream:remotename)%00%(upstream:remoteref) refs/heads/main refs/remotes/main [2ms]
2024-05-28 16:10:41.595 [info] > git status -z -uall [3ms]
2024-05-28 16:11:47.507 [info] > git config --get commit.template [15ms]
2024-05-28 16:11:47.508 [info] > git for-each-ref --format=%(refname)%00%(upstream:short)%00%(objectname)%00%(upstream:track)%00%(upstream:remotename)%00%(upstream:remoteref) refs/heads/main refs/remotes/main [2ms]
2024-05-28 16:11:47.526 [info] > git status -z -uall [3ms]
2024-05-28 16:13:01.185 [info] > git config --get commit.template [19ms]
2024-05-28 16:13:01.187 [info] > git for-each-ref --format=%(refname)%00%(upstream:short)%00%(objectname)%00%(upstream:track)%00%(upstream:remotename)%00%(upstream:remoteref) refs/heads/main refs/remotes/main [2ms]
2024-05-28 16:13:01.207 [info] > git status -z -uall [4ms]
2024-05-28 16:13:01.517 [info] > git config --local branch.main.github-pr-owner-number [1ms]
2024-05-28 16:13:01.517 [warning] git config failed: Failed to execute git
2024-05-28 16:13:01.534 [info] > git config --local branch.main.remote [2ms]
2024-05-28 16:13:01.534 [warning] git config failed: Failed to execute git
2024-05-28 16:13:01.551 [info] > git config --local branch.main.merge [1ms]
2024-05-28 16:13:01.551 [warning] git config failed: Failed to execute git
2024-05-28 16:13:06.240 [info] > git config --get commit.template [15ms]
2024-05-28 16:13:06.241 [info] > git for-each-ref --format=%(refname)%00%(upstream:short)%00%(objectname)%00%(upstream:track)%00%(upstream:remotename)%00%(upstream:remoteref) refs/heads/main refs/remotes/main [2ms]
2024-05-28 16:13:06.258 [info] > git status -z -uall [4ms]
2024-05-28 16:13:06.589 [info] > git config --local branch.main.github-pr-owner-number [2ms]
2024-05-28 16:13:06.589 [warning] git config failed: Failed to execute git
2024-05-28 16:13:06.607 [info] > git config --local branch.main.remote [2ms]
2024-05-28 16:13:06.607 [warning] git config failed: Failed to execute git
2024-05-28 16:13:06.623 [info] > git config --local branch.main.merge [2ms]
2024-05-28 16:13:06.623 [warning] git config failed: Failed to execute git
2024-05-28 16:14:04.173 [info] > git config --get commit.template [16ms]
2024-05-28 16:14:04.175 [info] > git for-each-ref --format=%(refname)%00%(upstream:short)%00%(objectname)%00%(upstream:track)%00%(upstream:remotename)%00%(upstream:remoteref) refs/heads/main refs/remotes/main [3ms]
2024-05-28 16:14:04.192 [info] > git status -z -uall [3ms]
2024-05-28 16:14:09.224 [info] > git config --get commit.template [13ms]
2024-05-28 16:14:09.224 [info] > git for-each-ref --format=%(refname)%00%(upstream:short)%00%(objectname)%00%(upstream:track)%00%(upstream:remotename)%00%(upstream:remoteref) refs/heads/main refs/remotes/main [2ms]
2024-05-28 16:14:09.238 [info] > git status -z -uall [3ms]
2024-05-28 16:14:11.431 [info] > git config --local branch.main.github-pr-owner-number [2ms]
2024-05-28 16:14:11.431 [warning] git config failed: Failed to execute git
2024-05-28 16:14:11.450 [info] > git config --local branch.main.remote [2ms]
2024-05-28 16:14:11.450 [warning] git config failed: Failed to execute git
2024-05-28 16:14:11.466 [info] > git config --local branch.main.merge [2ms]
2024-05-28 16:14:11.466 [warning] git config failed: Failed to execute git
2024-05-28 16:14:14.273 [info] > git config --get commit.template [17ms]
2024-05-28 16:14:14.275 [info] > git for-each-ref --format=%(refname)%00%(upstream:short)%00%(objectname)%00%(upstream:track)%00%(upstream:remotename)%00%(upstream:remoteref) refs/heads/main refs/remotes/main [3ms]
2024-05-28 16:14:14.294 [info] > git status -z -uall [4ms]
2024-05-28 16:14:25.369 [info] > git config --get commit.template [17ms]
2024-05-28 16:14:25.370 [info] > git for-each-ref --format=%(refname)%00%(upstream:short)%00%(objectname)%00%(upstream:track)%00%(upstream:remotename)%00%(upstream:remoteref) refs/heads/main refs/remotes/main [2ms]
2024-05-28 16:14:25.392 [info] > git status -z -uall [4ms]
2024-05-28 16:14:30.424 [info] > git config --get commit.template [15ms]
2024-05-28 16:14:30.426 [info] > git for-each-ref --format=%(refname)%00%(upstream:short)%00%(objectname)%00%(upstream:track)%00%(upstream:remotename)%00%(upstream:remoteref) refs/heads/main refs/remotes/main [3ms]
2024-05-28 16:14:30.445 [info] > git status -z -uall [4ms]
2024-05-28 16:14:30.938 [info] > git config --local branch.main.github-pr-owner-number [2ms]
2024-05-28 16:14:30.938 [warning] git config failed: Failed to execute git
2024-05-28 16:14:30.956 [info] > git config --local branch.main.remote [2ms]
2024-05-28 16:14:30.956 [warning] git config failed: Failed to execute git
2024-05-28 16:14:30.974 [info] > git config --local branch.main.merge [2ms]
2024-05-28 16:14:30.974 [warning] git config failed: Failed to execute git
2024-05-28 16:14:35.480 [info] > git config --get commit.template [15ms]
2024-05-28 16:14:35.480 [info] > git for-each-ref --format=%(refname)%00%(upstream:short)%00%(objectname)%00%(upstream:track)%00%(upstream:remotename)%00%(upstream:remoteref) refs/heads/main refs/remotes/main [1ms]
2024-05-28 16:14:35.498 [info] > git status -z -uall [3ms]
2024-05-28 16:15:05.563 [info] > git config --local branch.main.github-pr-owner-number [2ms]
2024-05-28 16:15:05.563 [warning] git config failed: Failed to execute git
2024-05-28 16:18:43.637 [info] > git config --get commit.template [17ms]
2024-05-28 16:18:43.638 [info] > git for-each-ref --format=%(refname)%00%(upstream:short)%00%(objectname)%00%(upstream:track)%00%(upstream:remotename)%00%(upstream:remoteref) refs/heads/main refs/remotes/main [3ms]
2024-05-28 16:18:43.662 [info] > git status -z -uall [5ms]
2024-05-28 16:18:48.704 [info] > git config --get commit.template [17ms]
2024-05-28 16:18:48.705 [info] > git for-each-ref --format=%(refname)%00%(upstream:short)%00%(objectname)%00%(upstream:track)%00%(upstream:remotename)%00%(upstream:remoteref) refs/heads/main refs/remotes/main [3ms]
2024-05-28 16:18:48.725 [info] > git status -z -uall [4ms]
2024-05-28 16:18:49.295 [info] > git config --local branch.main.github-pr-owner-number [2ms]
2024-05-28 16:18:49.295 [warning] git config failed: Failed to execute git
2024-05-28 16:18:49.315 [info] > git config --local branch.main.remote [2ms]
2024-05-28 16:18:49.315 [warning] git config failed: Failed to execute git
2024-05-28 16:18:49.336 [info] > git config --local branch.main.merge [2ms]
2024-05-28 16:18:49.336 [warning] git config failed: Failed to execute git
2024-05-28 16:18:53.762 [info] > git config --get commit.template [17ms]
2024-05-28 16:18:53.763 [info] > git for-each-ref --format=%(refname)%00%(upstream:short)%00%(objectname)%00%(upstream:track)%00%(upstream:remotename)%00%(upstream:remoteref) refs/heads/main refs/remotes/main [2ms]
2024-05-28 16:18:53.783 [info] > git status -z -uall [4ms]
2024-05-28 16:19:13.203 [info] > git config --get commit.template [21ms]
2024-05-28 16:19:13.205 [info] > git for-each-ref --format=%(refname)%00%(upstream:short)%00%(objectname)%00%(upstream:track)%00%(upstream:remotename)%00%(upstream:remoteref) refs/heads/main refs/remotes/main [3ms]
2024-05-28 16:19:13.229 [info] > git status -z -uall [4ms]
2024-05-28 16:19:18.262 [info] > git config --get commit.template [15ms]
2024-05-28 16:19:18.263 [info] > git for-each-ref --format=%(refname)%00%(upstream:short)%00%(objectname)%00%(upstream:track)%00%(upstream:remotename)%00%(upstream:remoteref) refs/heads/main refs/remotes/main [3ms]
2024-05-28 16:19:18.288 [info] > git status -z -uall [4ms]
2024-05-28 16:19:19.212 [info] > git config --local branch.main.github-pr-owner-number [3ms]
2024-05-28 16:19:19.212 [warning] git config failed: Failed to execute git
2024-05-28 16:19:19.234 [info] > git config --local branch.main.remote [2ms]
2024-05-28 16:19:19.234 [warning] git config failed: Failed to execute git
2024-05-28 16:19:19.254 [info] > git config --local branch.main.merge [2ms]
2024-05-28 16:19:19.254 [warning] git config failed: Failed to execute git
2024-05-28 16:19:23.322 [info] > git config --get commit.template [14ms]
2024-05-28 16:19:23.323 [info] > git for-each-ref --format=%(refname)%00%(upstream:short)%00%(objectname)%00%(upstream:track)%00%(upstream:remotename)%00%(upstream:remoteref) refs/heads/main refs/remotes/main [2ms]
2024-05-28 16:19:23.340 [info] > git status -z -uall [3ms]
2024-05-28 16:19:53.887 [info] > git config --get commit.template [13ms]
2024-05-28 16:19:53.889 [info] > git for-each-ref --format=%(refname)%00%(upstream:short)%00%(objectname)%00%(upstream:track)%00%(upstream:remotename)%00%(upstream:remoteref) refs/heads/main refs/remotes/main [2ms]
2024-05-28 16:19:53.906 [info] > git status -z -uall [3ms]
2024-05-28 16:19:58.944 [info] > git config --get commit.template [17ms]
2024-05-28 16:19:58.945 [info] > git for-each-ref --format=%(refname)%00%(upstream:short)%00%(objectname)%00%(upstream:track)%00%(upstream:remotename)%00%(upstream:remoteref) refs/heads/main refs/remotes/main [2ms]
2024-05-28 16:19:58.962 [info] > git status -z -uall [4ms]
2024-05-28 16:19:59.482 [info] > git config --local branch.main.github-pr-owner-number [2ms]
2024-05-28 16:19:59.482 [warning] git config failed: Failed to execute git
2024-05-28 16:19:59.501 [info] > git config --local branch.main.remote [2ms]
2024-05-28 16:19:59.501 [warning] git config failed: Failed to execute git
2024-05-28 16:19:59.519 [info] > git config --local branch.main.merge [2ms]
2024-05-28 16:19:59.519 [warning] git config failed: Failed to execute git
2024-05-28 16:20:04.012 [info] > git config --get commit.template [25ms]
2024-05-28 16:20:04.012 [info] > git for-each-ref --format=%(refname)%00%(upstream:short)%00%(objectname)%00%(upstream:track)%00%(upstream:remotename)%00%(upstream:remoteref) refs/heads/main refs/remotes/main [2ms]
2024-05-28 16:20:04.032 [info] > git status -z -uall [3ms]
2024-05-28 16:20:04.362 [info] > git config --local branch.main.github-pr-owner-number [2ms]
2024-05-28 16:20:04.362 [warning] git config failed: Failed to execute git
2024-05-28 16:20:04.380 [info] > git config --local branch.main.remote [1ms]
2024-05-28 16:20:04.380 [warning] git config failed: Failed to execute git
2024-05-28 16:20:04.400 [info] > git config --local branch.main.merge [2ms]
2024-05-28 16:20:04.400 [warning] git config failed: Failed to execute git
2024-05-28 16:20:09.071 [info] > git config --get commit.template [17ms]
2024-05-28 16:20:09.072 [info] > git for-each-ref --format=%(refname)%00%(upstream:short)%00%(objectname)%00%(upstream:track)%00%(upstream:remotename)%00%(upstream:remoteref) refs/heads/main refs/remotes/main [2ms]
2024-05-28 16:20:09.093 [info] > git status -z -uall [4ms]
2024-05-28 16:20:49.816 [info] > git config --get commit.template [21ms]
2024-05-28 16:20:49.818 [info] > git for-each-ref --format=%(refname)%00%(upstream:short)%00%(objectname)%00%(upstream:track)%00%(upstream:remotename)%00%(upstream:remoteref) refs/heads/main refs/remotes/main [3ms]
2024-05-28 16:20:49.841 [info] > git status -z -uall [0ms]
2024-05-28 16:20:54.878 [info] > git config --get commit.template [17ms]
2024-05-28 16:20:54.879 [info] > git for-each-ref --format=%(refname)%00%(upstream:short)%00%(objectname)%00%(upstream:track)%00%(upstream:remotename)%00%(upstream:remoteref) refs/heads/main refs/remotes/main [2ms]
2024-05-28 16:20:54.899 [info] > git status -z -uall [4ms]
2024-05-28 16:20:55.292 [info] > git config --local branch.main.github-pr-owner-number [2ms]
2024-05-28 16:20:55.292 [warning] git config failed: Failed to execute git
2024-05-28 16:20:55.310 [info] > git config --local branch.main.remote [2ms]
2024-05-28 16:20:55.310 [warning] git config failed: Failed to execute git
2024-05-28 16:20:55.329 [info] > git config --local branch.main.merge [1ms]
2024-05-28 16:20:55.329 [warning] git config failed: Failed to execute git
2024-05-28 16:20:59.935 [info] > git config --get commit.template [17ms]
2024-05-28 16:20:59.937 [info] > git for-each-ref --format=%(refname)%00%(upstream:short)%00%(objectname)%00%(upstream:track)%00%(upstream:remotename)%00%(upstream:remoteref) refs/heads/main refs/remotes/main [3ms]
2024-05-28 16:20:59.955 [info] > git status -z -uall [4ms]
2024-05-28 16:22:32.922 [info] > git config --get commit.template [15ms]
2024-05-28 16:22:32.923 [info] > git for-each-ref --format=%(refname)%00%(upstream:short)%00%(objectname)%00%(upstream:track)%00%(upstream:remotename)%00%(upstream:remoteref) refs/heads/main refs/remotes/main [2ms]
2024-05-28 16:22:32.938 [info] > git status -z -uall [3ms]
2024-05-28 16:22:47.126 [info] > git config --get commit.template [13ms]
2024-05-28 16:22:47.127 [info] > git for-each-ref --format=%(refname)%00%(upstream:short)%00%(objectname)%00%(upstream:track)%00%(upstream:remotename)%00%(upstream:remoteref) refs/heads/main refs/remotes/main [2ms]
2024-05-28 16:22:47.145 [info] > git status -z -uall [3ms]
2024-05-28 16:25:05.580 [info] > git config --local branch.main.github-pr-owner-number [2ms]
2024-05-28 16:25:05.580 [warning] git config failed: Failed to execute git
2024-05-28 16:26:09.741 [info] > git config --get commit.template [20ms]
2024-05-28 16:26:09.742 [info] > git for-each-ref --format=%(refname)%00%(upstream:short)%00%(objectname)%00%(upstream:track)%00%(upstream:remotename)%00%(upstream:remoteref) refs/heads/main refs/remotes/main [3ms]
2024-05-28 16:26:09.759 [info] > git status -z -uall [4ms]
2024-05-28 16:26:10.217 [info] > git config --local branch.main.github-pr-owner-number [2ms]
2024-05-28 16:26:10.217 [warning] git config failed: Failed to execute git
2024-05-28 16:26:10.238 [info] > git config --local branch.main.remote [3ms]
2024-05-28 16:26:10.238 [warning] git config failed: Failed to execute git
2024-05-28 16:26:10.255 [info] > git config --local branch.main.merge [2ms]
2024-05-28 16:26:10.255 [warning] git config failed: Failed to execute git
2024-05-28 16:26:14.795 [info] > git config --get commit.template [18ms]
2024-05-28 16:26:14.797 [info] > git for-each-ref --format=%(refname)%00%(upstream:short)%00%(objectname)%00%(upstream:track)%00%(upstream:remotename)%00%(upstream:remoteref) refs/heads/main refs/remotes/main [3ms]
2024-05-28 16:26:14.818 [info] > git status -z -uall [4ms]
2024-05-28 16:26:15.147 [info] > git config --local branch.main.github-pr-owner-number [2ms]
2024-05-28 16:26:15.147 [warning] git config failed: Failed to execute git
2024-05-28 16:26:15.162 [info] > git config --local branch.main.remote [2ms]
2024-05-28 16:26:15.162 [warning] git config failed: Failed to execute git
2024-05-28 16:26:15.177 [info] > git config --local branch.main.merge [1ms]
2024-05-28 16:26:15.177 [warning] git config failed: Failed to execute git
2024-05-28 16:26:19.860 [info] > git config --get commit.template [20ms]
2024-05-28 16:26:19.862 [info] > git for-each-ref --format=%(refname)%00%(upstream:short)%00%(objectname)%00%(upstream:track)%00%(upstream:remotename)%00%(upstream:remoteref) refs/heads/main refs/remotes/main [2ms]
2024-05-28 16:26:19.881 [info] > git status -z -uall [4ms]
2024-05-28 16:30:05.598 [info] > git config --local branch.main.github-pr-owner-number [1ms]
2024-05-28 16:30:05.598 [warning] git config failed: Failed to execute git
2024-05-28 16:35:05.620 [info] > git config --local branch.main.github-pr-owner-number [2ms]
2024-05-28 16:35:05.621 [warning] git config failed: Failed to execute git
2024-05-28 16:40:05.639 [info] > git config --local branch.main.github-pr-owner-number [2ms]
2024-05-28 16:40:05.639 [warning] git config failed: Failed to execute git
2024-05-28 16:45:05.656 [info] > git config --local branch.main.github-pr-owner-number [2ms]
2024-05-28 16:45:05.656 [warning] git config failed: Failed to execute git
2024-05-28 16:50:05.685 [info] > git config --local branch.main.github-pr-owner-number [9ms]
2024-05-28 16:50:05.686 [warning] git config failed: Failed to execute git
2024-05-28 16:55:05.703 [info] > git config --local branch.main.github-pr-owner-number [2ms]
2024-05-28 16:55:05.703 [warning] git config failed: Failed to execute git
