2024-05-29 04:25:27.586 [info] Log level: Info
2024-05-29 04:25:27.600 [info] VSCODE_MACHINE_ID: someValue.machineId
2024-05-29 04:25:27.600 [info] VSCODE_SESSION_ID: someValue.sessionId
2024-05-29 04:25:27.600 [info] VSCODE_VERSION: 1.89.1
2024-05-29 04:25:27.600 [info] VSCODE_APP_NAME: Gitpod Code
2024-05-29 04:25:27.600 [info] VSCODE_APP_HOST: Gitpod
2024-05-29 04:25:27.600 [info] VSCODE_UI_KIND: web
2024-05-29 04:25:27.600 [info] GITPOD_WORKSPACE_CONTEXT_URL: https://github.com/freeCodeCamp/learn-relational-databases-by-building-a-mario-database
2024-05-29 04:25:27.600 [info] GITPOD_INSTANCE_ID: 7c69bd94-6715-415a-8712-ff516f600edb
2024-05-29 04:25:27.600 [info] GITPOD_WORKSPACE_URL: https://freecodecam-learnrelati-t6u82py176j.ws-us114.gitpod.io
2024-05-29 04:25:27.609 [info] Gitpod Web 7ff72a2
2024-05-29 04:25:27.609 [info] Reading sessions from keychain...
2024-05-29 04:25:27.888 [info] Getting sessions for all scopes...
2024-05-29 04:25:27.888 [info] Getting GitHub sessions for all scopes...
2024-05-29 04:25:27.888 [info] Getting sessions for function:accessCodeSyncStorage...
2024-05-29 04:25:27.889 [info] Got stored sessions!
2024-05-29 04:25:27.889 [info] Verified session with the following scopes: function:accessCodeSyncStorage function:closePort function:controlAdmission function:deleteEnvVar function:generateNewGitpodToken function:getDefaultWorkspaceImage function:getEnvVars function:getGitpodTokenScopes function:getIDToken function:getLoggedInUser function:getOpenPorts function:getSupportedWorkspaceClasses function:getTeams function:getToken function:getWorkspace function:getWorkspaceEnvVars function:getWorkspaceOwner function:getWorkspaceTimeout function:getWorkspaceUsers function:guessGitTokenScopes function:isWorkspaceOwner function:openPort function:sendHeartBeat function:setEnvVar function:setWorkspaceTimeout function:stopWorkspace function:takeSnapshot function:trackEvent function:updateGitStatus function:waitForSnapshot resource:contentBlob::*::create/get resource:envVar::freeCodeCamp/learn-relational-databases-by-building-a-mario-database::create/get/update/delete resource:gitpodToken::*::create resource:snapshot::ws-freecodecam-learnrelati-t6u82py176j::create resource:token::*::get resource:userStorage::*::create/get/update resource:workspace::freecodecam-learnrelati-t6u82py176j::get/update resource:workspaceInstance::7c69bd94-6715-415a-8712-ff516f600edb::get/update/delete
2024-05-29 04:25:27.889 [info] Got 1 verified sessions.
2024-05-29 04:25:27.889 [info] Got 1 sessions for all scopes...
2024-05-29 04:25:27.889 [info] Got 1 sessions for function:accessCodeSyncStorage...
2024-05-29 04:25:28.196 [info] Got 1 GitHub sessions for all scopes...
2024-05-29 04:25:28.197 [info] Getting GitHub sessions for all scopes...
2024-05-29 04:25:28.197 [info] Got 1 GitHub sessions for all scopes...
2024-05-29 04:25:28.456 [info] Getting sessions for all scopes...
2024-05-29 04:25:28.456 [info] Got 1 sessions for all scopes...
2024-05-29 04:25:28.533 [info] Getting GitHub sessions for all scopes...
2024-05-29 04:25:28.533 [info] Got 1 GitHub sessions for all scopes...
2024-05-29 04:25:29.352 [info] Getting GitHub sessions for read:user,repo,user:email,workflow...
2024-05-29 04:25:29.352 [info] Got 0 GitHub sessions for read:user,repo,user:email,workflow...
2024-05-29 04:25:32.250 [info] Getting GitHub sessions for project,read:org,read:user,repo,user:email,workflow...
2024-05-29 04:25:32.250 [info] Got 0 GitHub sessions for project,read:org,read:user,repo,user:email,workflow...
2024-05-29 04:25:33.127 [info] Getting GitHub sessions for read:user,repo,user:email,workflow...
2024-05-29 04:25:33.127 [info] Got 0 GitHub sessions for read:user,repo,user:email,workflow...
2024-05-29 04:25:34.252 [info] Getting GitHub sessions for read:user,repo,user:email...
2024-05-29 04:25:34.252 [info] Got 0 GitHub sessions for read:user,repo,user:email...
2024-05-29 04:25:35.253 [info] Getting GitHub sessions for read:user,repo,user:email,workflow...
2024-05-29 04:25:35.253 [info] Got 0 GitHub sessions for read:user,repo,user:email,workflow...
2024-05-29 05:00:07.659 [info] Getting sessions for all scopes...
2024-05-29 05:00:07.659 [info] Getting GitHub sessions for all scopes...
2024-05-29 05:00:07.659 [info] Got 1 sessions for all scopes...
2024-05-29 05:00:07.659 [info] Got 1 GitHub sessions for all scopes...
2024-05-29 05:00:07.904 [info] Getting sessions for all scopes...
2024-05-29 05:00:07.904 [info] Getting GitHub sessions for all scopes...
2024-05-29 05:00:07.904 [info] Got 1 sessions for all scopes...
2024-05-29 05:00:07.904 [info] Got 1 GitHub sessions for all scopes...
2024-05-29 05:00:24.532 [info] Getting sessions for all scopes...
2024-05-29 05:00:24.532 [info] Getting GitHub sessions for all scopes...
2024-05-29 05:00:24.532 [info] Got 1 sessions for all scopes...
2024-05-29 05:00:24.532 [info] Got 1 GitHub sessions for all scopes...
2024-05-29 05:00:24.774 [info] Getting sessions for all scopes...
2024-05-29 05:00:24.774 [info] Getting GitHub sessions for all scopes...
2024-05-29 05:00:24.774 [info] Got 1 sessions for all scopes...
2024-05-29 05:00:24.774 [info] Got 1 GitHub sessions for all scopes...
2024-05-29 05:00:28.305 [info] Getting sessions for all scopes...
2024-05-29 05:00:28.305 [info] Getting GitHub sessions for all scopes...
2024-05-29 05:00:28.305 [info] Got 1 sessions for all scopes...
2024-05-29 05:00:28.305 [info] Got 1 GitHub sessions for all scopes...
2024-05-29 05:00:28.547 [info] Getting sessions for all scopes...
2024-05-29 05:00:28.547 [info] Getting GitHub sessions for all scopes...
2024-05-29 05:00:28.547 [info] Got 1 sessions for all scopes...
2024-05-29 05:00:28.547 [info] Got 1 GitHub sessions for all scopes...
2024-05-29 05:00:30.157 [info] Getting sessions for all scopes...
2024-05-29 05:00:30.157 [info] Getting GitHub sessions for all scopes...
2024-05-29 05:00:30.157 [info] Got 1 sessions for all scopes...
2024-05-29 05:00:30.157 [info] Got 1 GitHub sessions for all scopes...
2024-05-29 05:00:30.406 [info] Getting sessions for all scopes...
2024-05-29 05:00:30.406 [info] Getting GitHub sessions for all scopes...
2024-05-29 05:00:30.406 [info] Got 1 sessions for all scopes...
2024-05-29 05:00:30.406 [info] Got 1 GitHub sessions for all scopes...
2024-05-29 05:00:44.671 [info] Getting sessions for all scopes...
2024-05-29 05:00:44.671 [info] Getting GitHub sessions for all scopes...
2024-05-29 05:00:44.671 [info] Got 1 sessions for all scopes...
2024-05-29 05:00:44.671 [info] Got 1 GitHub sessions for all scopes...
2024-05-29 05:00:44.922 [info] Getting sessions for all scopes...
2024-05-29 05:00:44.922 [info] Getting GitHub sessions for all scopes...
2024-05-29 05:00:44.922 [info] Got 1 sessions for all scopes...
2024-05-29 05:00:44.922 [info] Got 1 GitHub sessions for all scopes...
2024-05-29 05:00:54.388 [info] Getting sessions for all scopes...
2024-05-29 05:00:54.388 [info] Getting GitHub sessions for all scopes...
2024-05-29 05:00:54.388 [info] Got 1 sessions for all scopes...
2024-05-29 05:00:54.388 [info] Got 1 GitHub sessions for all scopes...
2024-05-29 05:00:54.651 [info] Getting sessions for all scopes...
2024-05-29 05:00:54.651 [info] Getting GitHub sessions for all scopes...
2024-05-29 05:00:54.651 [info] Got 1 sessions for all scopes...
2024-05-29 05:00:54.651 [info] Got 1 GitHub sessions for all scopes...
